This is XeTeX, Version 3.141592653-2.6-0.999996 (TeX Live 2024) (preloaded format=xelatex 2024.4.21)  25 APR 2024 19:18
entering extended mode
 restricted \write18 enabled.
 %&-line parsing enabled.
**v2-short-causal-diagrams.tex
(./v2-short-causal-diagrams.tex
LaTeX2e <2023-11-01> patch level 1
L3 programming layer <2024-03-14>
(/Users/joseph/Library/TinyTeX/texmf-dist/tex/latex/base/article.cls
Document Class: article 2023/05/17 v1.4n Standard LaTeX document class
(/Users/joseph/Library/TinyTeX/texmf-dist/tex/latex/base/size10.clo
File: size10.clo 2023/05/17 v1.4n Standard LaTeX file (size option)
)
\c@part=\count184
\c@section=\count185
\c@subsection=\count186
\c@subsubsection=\count187
\c@paragraph=\count188
\c@subparagraph=\count189
\c@figure=\count190
\c@table=\count191
\abovecaptionskip=\skip48
\belowcaptionskip=\skip49
\bibindent=\dimen140
) (/Users/joseph/Library/TinyTeX/texmf-dist/tex/latex/amsmath/amsmath.sty
Package: amsmath 2023/05/13 v2.17o AMS math features
\@mathmargin=\skip50
For additional information on amsmath, use the `?' option.
(/Users/joseph/Library/TinyTeX/texmf-dist/tex/latex/amsmath/amstext.sty
Package: amstext 2021/08/26 v2.01 AMS text
(/Users/joseph/Library/TinyTeX/texmf-dist/tex/latex/amsmath/amsgen.sty
File: amsgen.sty 1999/11/30 v2.0 generic functions
\@emptytoks=\toks17
\ex@=\dimen141
)) (/Users/joseph/Library/TinyTeX/texmf-dist/tex/latex/amsmath/amsbsy.sty
Package: amsbsy 1999/11/29 v1.2d Bold Symbols
\pmbraise@=\dimen142
) (/Users/joseph/Library/TinyTeX/texmf-dist/tex/latex/amsmath/amsopn.sty
Package: amsopn 2022/04/08 v2.04 operator names
)
\inf@bad=\count192
LaTeX Info: Redefining \frac on input line 234.
\uproot@=\count193
\leftroot@=\count194
LaTeX Info: Redefining \overline on input line 399.
LaTeX Info: Redefining \colon on input line 410.
\classnum@=\count195
\DOTSCASE@=\count196
LaTeX Info: Redefining \ldots on input line 496.
LaTeX Info: Redefining \dots on input line 499.
LaTeX Info: Redefining \cdots on input line 620.
\Mathstrutbox@=\box51
\strutbox@=\box52
LaTeX Info: Redefining \big on input line 722.
LaTeX Info: Redefining \Big on input line 723.
LaTeX Info: Redefining \bigg on input line 724.
LaTeX Info: Redefining \Bigg on input line 725.
\big@size=\dimen143
LaTeX Font Info:    Redeclaring font encoding OML on input line 743.
LaTeX Font Info:    Redeclaring font encoding OMS on input line 744.
\macc@depth=\count197
LaTeX Info: Redefining \bmod on input line 905.
LaTeX Info: Redefining \pmod on input line 910.
LaTeX Info: Redefining \smash on input line 940.
LaTeX Info: Redefining \relbar on input line 970.
LaTeX Info: Redefining \Relbar on input line 971.
\c@MaxMatrixCols=\count198
\dotsspace@=\muskip16
\c@parentequation=\count199
\dspbrk@lvl=\count266
\tag@help=\toks18
\row@=\count267
\column@=\count268
\maxfields@=\count269
\andhelp@=\toks19
\eqnshift@=\dimen144
\alignsep@=\dimen145
\tagshift@=\dimen146
\tagwidth@=\dimen147
\totwidth@=\dimen148
\lineht@=\dimen149
\@envbody=\toks20
\multlinegap=\skip51
\multlinetaggap=\skip52
\mathdisplay@stack=\toks21
LaTeX Info: Redefining \[ on input line 2953.
LaTeX Info: Redefining \] on input line 2954.
) (/Users/joseph/Library/TinyTeX/texmf-dist/tex/latex/amsfonts/amssymb.sty
Package: amssymb 2013/01/14 v3.01 AMS font symbols
(/Users/joseph/Library/TinyTeX/texmf-dist/tex/latex/amsfonts/amsfonts.sty
Package: amsfonts 2013/01/14 v3.01 Basic AMSFonts support
\symAMSa=\mathgroup4
\symAMSb=\mathgroup5
LaTeX Font Info:    Redeclaring math symbol \hbar on input line 98.
LaTeX Font Info:    Overwriting math alphabet `\mathfrak' in version `bold'
(Font)                  U/euf/m/n --> U/euf/b/n on input line 106.
)) (/Users/joseph/Library/TinyTeX/texmf-dist/tex/generic/iftex/iftex.sty
Package: iftex 2022/02/03 v1.0f TeX engine tests
) (/Users/joseph/Library/TinyTeX/texmf-dist/tex/latex/unicode-math/unicode-math.sty (/Users/joseph/Library/TinyTeX/texmf-dist/tex/latex/l3kernel/expl3.sty
Package: expl3 2024-03-14 L3 programming layer (loader) 
(/Users/joseph/Library/TinyTeX/texmf-dist/tex/latex/l3backend/l3backend-xetex.def
File: l3backend-xetex.def 2024-03-14 L3 backend support: XeTeX
\g__graphics_track_int=\count270
\l__pdf_internal_box=\box53
\g__pdf_backend_object_int=\count271
\g__pdf_backend_annotation_int=\count272
\g__pdf_backend_link_int=\count273
))
Package: unicode-math 2023/08/13 v0.8r Unicode maths in XeLaTeX and LuaLaTeX
(/Users/joseph/Library/TinyTeX/texmf-dist/tex/latex/unicode-math/unicode-math-xetex.sty
Package: unicode-math-xetex 2023/08/13 v0.8r Unicode maths in XeLaTeX and LuaLaTeX
(/Users/joseph/Library/TinyTeX/texmf-dist/tex/latex/l3packages/xparse/xparse.sty
Package: xparse 2024-03-14 L3 Experimental document command parser
) (/Users/joseph/Library/TinyTeX/texmf-dist/tex/latex/l3packages/l3keys2e/l3keys2e.sty
Package: l3keys2e 2024-03-14 LaTeX2e option processing using LaTeX3 keys
) (/Users/joseph/Library/TinyTeX/texmf-dist/tex/latex/fontspec/fontspec.sty
Package: fontspec 2024/02/13 v2.9a Font selection for XeLaTeX and LuaLaTeX
(/Users/joseph/Library/TinyTeX/texmf-dist/tex/latex/fontspec/fontspec-xetex.sty
Package: fontspec-xetex 2024/02/13 v2.9a Font selection for XeLaTeX and LuaLaTeX
\l__fontspec_script_int=\count274
\l__fontspec_language_int=\count275
\l__fontspec_strnum_int=\count276
\l__fontspec_tmp_int=\count277
\l__fontspec_tmpa_int=\count278
\l__fontspec_tmpb_int=\count279
\l__fontspec_tmpc_int=\count280
\l__fontspec_em_int=\count281
\l__fontspec_emdef_int=\count282
\l__fontspec_strong_int=\count283
\l__fontspec_strongdef_int=\count284
\l__fontspec_tmpa_dim=\dimen150
\l__fontspec_tmpb_dim=\dimen151
\l__fontspec_tmpc_dim=\dimen152
(/Users/joseph/Library/TinyTeX/texmf-dist/tex/latex/base/fontenc.sty
Package: fontenc 2021/04/29 v2.0v Standard LaTeX package
) (/Users/joseph/Library/TinyTeX/texmf-dist/tex/latex/fontspec/fontspec.cfg))) (/Users/joseph/Library/TinyTeX/texmf-dist/tex/latex/base/fix-cm.sty
Package: fix-cm 2020/11/24 v1.1t fixes to LaTeX
(/Users/joseph/Library/TinyTeX/texmf-dist/tex/latex/base/ts1enc.def
File: ts1enc.def 2001/06/05 v3.0e (jk/car/fm) Standard LaTeX file
LaTeX Font Info:    Redeclaring font encoding TS1 on input line 47.
))
\g__um_fam_int=\count285
\g__um_fonts_used_int=\count286
\l__um_primecount_int=\count287
\g__um_primekern_muskip=\muskip17
(/Users/joseph/Library/TinyTeX/texmf-dist/tex/latex/unicode-math/unicode-math-table.tex))) (/Users/joseph/Library/TinyTeX/texmf-dist/tex/latex/libertinus/libertinus.sty
Package: libertinus 2020/05/06 v. 0.02 (Herbert Voss) Supports libertinus fonts for pdflatex/lualatex/xelatex
(/Users/joseph/Library/TinyTeX/texmf-dist/tex/latex/xkeyval/xkeyval.sty
Package: xkeyval 2022/06/16 v2.9 package option processing (HA)
(/Users/joseph/Library/TinyTeX/texmf-dist/tex/generic/xkeyval/xkeyval.tex (/Users/joseph/Library/TinyTeX/texmf-dist/tex/generic/xkeyval/xkvutils.tex
\XKV@toks=\toks22
\XKV@tempa@toks=\toks23
(/Users/joseph/Library/TinyTeX/texmf-dist/tex/generic/xkeyval/keyval.tex))
\XKV@depth=\count288
File: xkeyval.tex 2014/12/03 v2.7a key=value parser (HA)
)) (/Users/joseph/Library/TinyTeX/texmf-dist/tex/latex/libertinus-otf/libertinus-otf.sty
Package: libertinus-otf 2023/09/21 v. 0.32 (Herbert Voss) Supports libertinus fonts for lualatex and xelatex.
(/Users/joseph/Library/TinyTeX/texmf-dist/tex/generic/iftex/ifxetex.sty
Package: ifxetex 2019/10/25 v0.7 ifxetex legacy package. Use iftex instead.
) (/Users/joseph/Library/TinyTeX/texmf-dist/tex/generic/iftex/ifluatex.sty
Package: ifluatex 2019/10/25 v1.5 ifluatex legacy package. Use iftex instead.
) (/Users/joseph/Library/TinyTeX/texmf-dist/tex/latex/base/textcomp.sty
Package: textcomp 2020/02/02 v2.0n Standard LaTeX package
)
Requested font "[LibertinusSerif-Regular.otf]/OT" at 9.99997pt
 -> /Users/joseph/Library/TinyTeX/texmf-dist/fonts/opentype/public/libertinus-fonts/LibertinusSerif-Regular.otf
Requested font "[LibertinusSerif-Regular.otf]/OT" at 10.00003pt
 -> /Users/joseph/Library/TinyTeX/texmf-dist/fonts/opentype/public/libertinus-fonts/LibertinusSerif-Regular.otf

Package fontspec Info: LibertinusSerif-Regular scale = 1.004659434465588.


Package fontspec Info: LibertinusSerif-Regular scale = 1.

Requested font "[LibertinusSerif-Regular.otf]/OT:script=latn;language=dflt;" at 10.00003pt
 -> /Users/joseph/Library/TinyTeX/texmf-dist/fonts/opentype/public/libertinus-fonts/LibertinusSerif-Regular.otf

Package fontspec Info: LibertinusSerif-Regular scale = 1.004659434465588.


Package fontspec Info: LibertinusSerif-Regular scale = 1.


Package fontspec Info: LibertinusSerif-Regular scale = 1.004659434465588.


Package fontspec Info: LibertinusSerif-Regular scale = 1.

Requested font "[LibertinusSerif-Bold.otf]/OT:script=latn;language=dflt;" at 10.00003pt
 -> /Users/joseph/Library/TinyTeX/texmf-dist/fonts/opentype/public/libertinus-fonts/LibertinusSerif-Bold.otf

Package fontspec Info: LibertinusSerif-Bold scale = 0.995376569922332.


Package fontspec Info: LibertinusSerif-Bold scale = 1.


Package fontspec Info: LibertinusSerif-Bold scale = 0.995376569922332.


Package fontspec Info: LibertinusSerif-Bold scale = 1.

Requested font "[LibertinusSerif-Italic.otf]/OT:script=latn;language=dflt;" at 10.00003pt
 -> /Users/joseph/Library/TinyTeX/texmf-dist/fonts/opentype/public/libertinus-fonts/LibertinusSerif-Italic.otf

Package fontspec Info: LibertinusSerif-Italic scale = 1.004659434465588.


Package fontspec Info: LibertinusSerif-Italic scale = 1.


Package fontspec Info: LibertinusSerif-Italic scale = 1.004659434465588.


Package fontspec Info: LibertinusSerif-Italic scale = 1.


Package fontspec Info: LibertinusSerif-Regular scale = 1.004659434465588.


Package fontspec Info: LibertinusSerif-Regular scale = 1.


Package fontspec Info: LibertinusSerif-Regular scale = 1.004659434465588.


Package fontspec Info: LibertinusSerif-Regular scale = 1.

Requested font "[LibertinusSerif-BoldItalic.otf]/OT:script=latn;language=dflt;" at 10.00003pt
 -> /Users/joseph/Library/TinyTeX/texmf-dist/fonts/opentype/public/libertinus-fonts/LibertinusSerif-BoldItalic.otf

Package fontspec Info: LibertinusSerif-BoldItalic scale = 1.004659434465588.


Package fontspec Info: LibertinusSerif-BoldItalic scale = 1.


Package fontspec Info: LibertinusSerif-BoldItalic scale = 1.004659434465588.


Package fontspec Info: LibertinusSerif-BoldItalic scale = 1.


Package fontspec Info: LibertinusSerif-Bold scale = 0.995376569922332.


Package fontspec Info: LibertinusSerif-Bold scale = 1.


Package fontspec Info: LibertinusSerif-Bold scale = 0.995376569922332.


Package fontspec Info: LibertinusSerif-Bold scale = 1.


Package fontspec Info: Font family 'LibertinusSerif(0)' created for font
(fontspec)             'LibertinusSerif' with options
(fontspec)             [Scale=MatchLowercase,Ligatures =
(fontspec)             TeX,SmallCapsFeatures={Letters=SmallCaps},RawFeature={+hv-kern},RawFeature
(fontspec)             = {+tnum;+lnum},Scale = 1,UprightFont =
(fontspec)             *-Regular,ItalicFont = *-Italic,ItalicFeatures = {
(fontspec)             SmallCapsFont = *-Italic },SlantedFont =
(fontspec)             *-Regular,SlantedFeatures= {FakeSlant=0.2},BoldFont =
(fontspec)             *-Bold,BoldFeatures = { SmallCapsFont =
(fontspec)             *-Bold},BoldItalicFont =
(fontspec)             *-BoldItalic,BoldItalicFeatures = { SmallCapsFont =
(fontspec)             *-BoldItalic },BoldSlantedFont=
(fontspec)             *-Bold,BoldSlantedFeatures= {FakeSlant=0.2,
(fontspec)             SmallCapsFont = *-Bold},SmallCapsFont =
(fontspec)             *-Regular,SmallCapsFeatures={Letters=SmallCaps},Extension
(fontspec)             = .otf].
(fontspec)              
(fontspec)              This font family consists of the following NFSS
(fontspec)             series/shapes:
(fontspec)              
(fontspec)             - 'normal' (m/n) with NFSS spec.:
(fontspec)             <->s*[1]"[LibertinusSerif-Regular.otf]/OT:script=latn;language=dflt;+hv-kern;+tnum;+lnum;mapping=tex-text;"
(fontspec)             - 'small caps'  (m/sc) with NFSS spec.:
(fontspec)             <->s*[1]"[LibertinusSerif-Regular.otf]/OT:script=latn;language=dflt;+hv-kern;+tnum;+lnum;+smcp;mapping=tex-text;"
(fontspec)             - 'bold' (b/n) with NFSS spec.:
(fontspec)             <->s*[1]"[LibertinusSerif-Bold.otf]/OT:script=latn;language=dflt;+hv-kern;+tnum;+lnum;mapping=tex-text;"
(fontspec)             - 'bold small caps'  (b/sc) with NFSS spec.:
(fontspec)             <->s*[1]"[LibertinusSerif-Bold.otf]/OT:script=latn;language=dflt;+hv-kern;+tnum;+lnum;+smcp;mapping=tex-text;"
(fontspec)             - 'italic' (m/it) with NFSS spec.:
(fontspec)             <->s*[1]"[LibertinusSerif-Italic.otf]/OT:script=latn;language=dflt;+hv-kern;+tnum;+lnum;mapping=tex-text;"
(fontspec)             - 'italic small caps'  (m/scit) with NFSS spec.:
(fontspec)             <->s*[1]"[LibertinusSerif-Italic.otf]/OT:script=latn;language=dflt;+hv-kern;+tnum;+lnum;+smcp;mapping=tex-text;"
(fontspec)             - 'slanted' (m/sl) with NFSS spec.:
(fontspec)             <->s*[1]"[LibertinusSerif-Regular.otf]/OT:script=latn;language=dflt;slant=0.2;+hv-kern;+tnum;+lnum;mapping=tex-text;"
(fontspec)             - 'slanted small caps'  (m/scsl) with NFSS spec.:
(fontspec)             <->s*[1]"[LibertinusSerif-Regular.otf]/OT:script=latn;language=dflt;slant=0.2;+hv-kern;+tnum;+lnum;+smcp;mapping=tex-text;"
(fontspec)             - 'bold italic' (b/it) with NFSS spec.:
(fontspec)             <->s*[1]"[LibertinusSerif-BoldItalic.otf]/OT:script=latn;language=dflt;+hv-kern;+tnum;+lnum;mapping=tex-text;"
(fontspec)             - 'bold italic small caps'  (b/scit) with NFSS spec.:
(fontspec)             <->s*[1]"[LibertinusSerif-BoldItalic.otf]/OT:script=latn;language=dflt;+hv-kern;+tnum;+lnum;+smcp;mapping=tex-text;"
(fontspec)             - 'bold slanted' (b/sl) with NFSS spec.:
(fontspec)             <->s*[1]"[LibertinusSerif-Bold.otf]/OT:script=latn;language=dflt;slant=0.2;+hv-kern;+tnum;+lnum;mapping=tex-text;"
(fontspec)             - 'bold slanted small caps'  (b/scsl) with NFSS spec.:
(fontspec)             <->s*[1]"[LibertinusSerif-Bold.otf]/OT:script=latn;language=dflt;slant=0.2;+hv-kern;+tnum;+lnum;+smcp;mapping=tex-text;"

LaTeX Font Info:    Font shape `TU/LibertinusSerif(0)/m/n' will be
(Font)              scaled to size 10.0pt on input line 232.
Requested font "[LibertinusSerif-Regular.otf]/OT:script=latn;language=dflt;+hv-kern;+tnum;+lnum;mapping=tex-text;" at 10.0pt
 -> /Users/joseph/Library/TinyTeX/texmf-dist/fonts/opentype/public/libertinus-fonts/LibertinusSerif-Regular.otf

Package fontspec Info: LibertinusSerif-Regular scale = 0.9999964431797971.


Package fontspec Info: LibertinusSerif-Regular scale = 1.


Package fontspec Info: LibertinusSerif-Regular scale = 0.9999964431797971.


Package fontspec Info: LibertinusSerif-Regular scale = 1.


Package fontspec Info: LibertinusSerif-Regular scale = 0.9999964431797971.


Package fontspec Info: LibertinusSerif-Regular scale = 1.


Package fontspec Info: LibertinusSerif-Bold scale = 0.9907566638005158.


Package fontspec Info: LibertinusSerif-Bold scale = 1.


Package fontspec Info: LibertinusSerif-Bold scale = 0.9907566638005158.


Package fontspec Info: LibertinusSerif-Bold scale = 1.


Package fontspec Info: LibertinusSerif-Italic scale = 0.9999964431797971.


Package fontspec Info: LibertinusSerif-Italic scale = 1.


Package fontspec Info: LibertinusSerif-Italic scale = 0.9999964431797971.


Package fontspec Info: LibertinusSerif-Italic scale = 1.


Package fontspec Info: LibertinusSerif-Regular scale = 0.9999964431797971.


Package fontspec Info: LibertinusSerif-Regular scale = 1.


Package fontspec Info: LibertinusSerif-Regular scale = 0.9999964431797971.


Package fontspec Info: LibertinusSerif-Regular scale = 1.


Package fontspec Info: LibertinusSerif-BoldItalic scale = 0.9999964431797971.


Package fontspec Info: LibertinusSerif-BoldItalic scale = 1.


Package fontspec Info: LibertinusSerif-BoldItalic scale = 0.9999964431797971.


Package fontspec Info: LibertinusSerif-BoldItalic scale = 1.


Package fontspec Info: LibertinusSerif-Bold scale = 0.9907566638005158.


Package fontspec Info: LibertinusSerif-Bold scale = 1.


Package fontspec Info: LibertinusSerif-Bold scale = 0.9907566638005158.


Package fontspec Info: LibertinusSerif-Bold scale = 1.


Package fontspec Info: Font family 'LibertinusSerif(1)' created for font
(fontspec)             'LibertinusSerif' with options
(fontspec)             [Scale=MatchLowercase,RawFeature = {+tnum;+lnum},Scale
(fontspec)             = 1,UprightFont = *-Regular,ItalicFont =
(fontspec)             *-Italic,ItalicFeatures = { SmallCapsFont = *-Italic
(fontspec)             },SlantedFont = *-Regular,SlantedFeatures=
(fontspec)             {FakeSlant=0.2},BoldFont = *-Bold,BoldFeatures = {
(fontspec)             SmallCapsFont = *-Bold},BoldItalicFont =
(fontspec)             *-BoldItalic,BoldItalicFeatures = { SmallCapsFont =
(fontspec)             *-BoldItalic },BoldSlantedFont=
(fontspec)             *-Bold,BoldSlantedFeatures= {FakeSlant=0.2,
(fontspec)             SmallCapsFont = *-Bold},SmallCapsFont =
(fontspec)             *-Regular,SmallCapsFeatures={Letters=SmallCaps},Extension
(fontspec)             = .otf].
(fontspec)              
(fontspec)              This font family consists of the following NFSS
(fontspec)             series/shapes:
(fontspec)              
(fontspec)             - 'normal' (m/n) with NFSS spec.:
(fontspec)             <->s*[1]"[LibertinusSerif-Regular.otf]/OT:script=latn;language=dflt;+tnum;+lnum;"
(fontspec)             - 'small caps'  (m/sc) with NFSS spec.:
(fontspec)             <->s*[1]"[LibertinusSerif-Regular.otf]/OT:script=latn;language=dflt;+tnum;+lnum;+smcp;"
(fontspec)             - 'bold' (b/n) with NFSS spec.:
(fontspec)             <->s*[1]"[LibertinusSerif-Bold.otf]/OT:script=latn;language=dflt;+tnum;+lnum;"
(fontspec)             - 'bold small caps'  (b/sc) with NFSS spec.:
(fontspec)             <->s*[1]"[LibertinusSerif-Bold.otf]/OT:script=latn;language=dflt;+tnum;+lnum;+smcp;"
(fontspec)             - 'italic' (m/it) with NFSS spec.:
(fontspec)             <->s*[1]"[LibertinusSerif-Italic.otf]/OT:script=latn;language=dflt;+tnum;+lnum;"
(fontspec)             - 'italic small caps'  (m/scit) with NFSS spec.:
(fontspec)             <->s*[1]"[LibertinusSerif-Italic.otf]/OT:script=latn;language=dflt;+tnum;+lnum;+smcp;"
(fontspec)             - 'slanted' (m/sl) with NFSS spec.:
(fontspec)             <->s*[1]"[LibertinusSerif-Regular.otf]/OT:script=latn;language=dflt;slant=0.2;+tnum;+lnum;"
(fontspec)             - 'slanted small caps'  (m/scsl) with NFSS spec.:
(fontspec)             <->s*[1]"[LibertinusSerif-Regular.otf]/OT:script=latn;language=dflt;slant=0.2;+tnum;+lnum;+smcp;"
(fontspec)             - 'bold italic' (b/it) with NFSS spec.:
(fontspec)             <->s*[1]"[LibertinusSerif-BoldItalic.otf]/OT:script=latn;language=dflt;+tnum;+lnum;"
(fontspec)             - 'bold italic small caps'  (b/scit) with NFSS spec.:
(fontspec)             <->s*[1]"[LibertinusSerif-BoldItalic.otf]/OT:script=latn;language=dflt;+tnum;+lnum;+smcp;"
(fontspec)             - 'bold slanted' (b/sl) with NFSS spec.:
(fontspec)             <->s*[1]"[LibertinusSerif-Bold.otf]/OT:script=latn;language=dflt;slant=0.2;+tnum;+lnum;"
(fontspec)             - 'bold slanted small caps'  (b/scsl) with NFSS spec.:
(fontspec)             <->s*[1]"[LibertinusSerif-Bold.otf]/OT:script=latn;language=dflt;slant=0.2;+tnum;+lnum;+smcp;"

LaTeX Font Info:    Overwriting math alphabet `\mathrm' in version `normal'
(Font)                  OT1/cmr/m/n --> TU/LibertinusSerif(1)/m/n on input line 232.
LaTeX Font Info:    Overwriting math alphabet `\mathit' in version `normal'
(Font)                  OT1/cmr/m/it --> TU/LibertinusSerif(1)/m/it on input line 232.
LaTeX Font Info:    Overwriting math alphabet `\mathbf' in version `normal'
(Font)                  OT1/cmr/bx/n --> TU/LibertinusSerif(1)/b/n on input line 232.

Package fontspec Info: LibertinusSerif-Regular scale = 0.9999964431797971.


Package fontspec Info: LibertinusSerif-Regular scale = 1.


Package fontspec Info: LibertinusSerif-Regular scale = 0.9999964431797971.


Package fontspec Info: LibertinusSerif-Regular scale = 1.


Package fontspec Info: LibertinusSerif-Regular scale = 0.9999964431797971.


Package fontspec Info: LibertinusSerif-Regular scale = 1.

Requested font "[LibertinusSerif-Semibold.otf]/OT:script=latn;language=dflt;" at 10.00003pt
 -> /Users/joseph/Library/TinyTeX/texmf-dist/fonts/opentype/public/libertinus-fonts/LibertinusSerif-Semibold.otf

Package fontspec Info: LibertinusSerif-Semibold scale = 0.9265603938925562.


Package fontspec Info: LibertinusSerif-Semibold scale = 1.


Package fontspec Info: LibertinusSerif-Semibold scale = 0.9265603938925562.


Package fontspec Info: LibertinusSerif-Semibold scale = 1.


Package fontspec Info: LibertinusSerif-Italic scale = 0.9999964431797971.


Package fontspec Info: LibertinusSerif-Italic scale = 1.


Package fontspec Info: LibertinusSerif-Italic scale = 0.9999964431797971.


Package fontspec Info: LibertinusSerif-Italic scale = 1.


Package fontspec Info: LibertinusSerif-Regular scale = 0.9999964431797971.


Package fontspec Info: LibertinusSerif-Regular scale = 1.


Package fontspec Info: LibertinusSerif-Regular scale = 0.9999964431797971.


Package fontspec Info: LibertinusSerif-Regular scale = 1.

Requested font "[LibertinusSerif-SemiboldItalic.otf]/OT:script=latn;language=dflt;" at 10.00003pt
 -> /Users/joseph/Library/TinyTeX/texmf-dist/fonts/opentype/public/libertinus-fonts/LibertinusSerif-SemiboldItalic.otf

Package fontspec Info: LibertinusSerif-SemiboldItalic scale =
(fontspec)             0.9640407905745517.


Package fontspec Info: LibertinusSerif-SemiboldItalic scale = 1.


Package fontspec Info: LibertinusSerif-SemiboldItalic scale =
(fontspec)             0.9640407905745517.


Package fontspec Info: LibertinusSerif-SemiboldItalic scale = 1.


Package fontspec Info: LibertinusSerif-Semibold scale = 0.9265603938925562.


Package fontspec Info: LibertinusSerif-Semibold scale = 1.


Package fontspec Info: LibertinusSerif-Semibold scale = 0.9265603938925562.


Package fontspec Info: LibertinusSerif-Semibold scale = 1.


Package fontspec Info: Font family 'LibertinusSerif(2)' created for font
(fontspec)             'LibertinusSerif' with options
(fontspec)             [Scale=MatchLowercase,RawFeature = {+tnum;+lnum},Scale
(fontspec)             = 1,UprightFont = *-Regular,ItalicFont =
(fontspec)             *-Italic,ItalicFeatures = { SmallCapsFont = *-Italic
(fontspec)             },SlantedFont = *-Regular,SlantedFeatures=
(fontspec)             {FakeSlant=0.2},BoldFont = *-Semibold,BoldFeatures = {
(fontspec)             SmallCapsFont = *-Semibold },BoldItalicFont =
(fontspec)             *-SemiboldItalic,BoldItalicFeatures = { SmallCapsFont =
(fontspec)             *-SemiboldItalic },BoldSlantedFont=
(fontspec)             *-Semibold,BoldSlantedFeatures = {FakeSlant=0.2,
(fontspec)             SmallCapsFont = *-Semibold },SmallCapsFont =
(fontspec)             *-Regular,SmallCapsFeatures={Letters=SmallCaps},Extension
(fontspec)             = .otf].
(fontspec)              
(fontspec)              This font family consists of the following NFSS
(fontspec)             series/shapes:
(fontspec)              
(fontspec)             - 'normal' (m/n) with NFSS spec.:
(fontspec)             <->s*[1]"[LibertinusSerif-Regular.otf]/OT:script=latn;language=dflt;+tnum;+lnum;"
(fontspec)             - 'small caps'  (m/sc) with NFSS spec.:
(fontspec)             <->s*[1]"[LibertinusSerif-Regular.otf]/OT:script=latn;language=dflt;+tnum;+lnum;+smcp;"
(fontspec)             - 'bold' (b/n) with NFSS spec.:
(fontspec)             <->s*[1]"[LibertinusSerif-Semibold.otf]/OT:script=latn;language=dflt;+tnum;+lnum;"
(fontspec)             - 'bold small caps'  (b/sc) with NFSS spec.:
(fontspec)             <->s*[1]"[LibertinusSerif-Semibold.otf]/OT:script=latn;language=dflt;+tnum;+lnum;+smcp;"
(fontspec)             - 'italic' (m/it) with NFSS spec.:
(fontspec)             <->s*[1]"[LibertinusSerif-Italic.otf]/OT:script=latn;language=dflt;+tnum;+lnum;"
(fontspec)             - 'italic small caps'  (m/scit) with NFSS spec.:
(fontspec)             <->s*[1]"[LibertinusSerif-Italic.otf]/OT:script=latn;language=dflt;+tnum;+lnum;+smcp;"
(fontspec)             - 'slanted' (m/sl) with NFSS spec.:
(fontspec)             <->s*[1]"[LibertinusSerif-Regular.otf]/OT:script=latn;language=dflt;slant=0.2;+tnum;+lnum;"
(fontspec)             - 'slanted small caps'  (m/scsl) with NFSS spec.:
(fontspec)             <->s*[1]"[LibertinusSerif-Regular.otf]/OT:script=latn;language=dflt;slant=0.2;+tnum;+lnum;+smcp;"
(fontspec)             - 'bold italic' (b/it) with NFSS spec.:
(fontspec)             <->s*[1]"[LibertinusSerif-SemiboldItalic.otf]/OT:script=latn;language=dflt;+tnum;+lnum;"
(fontspec)             - 'bold italic small caps'  (b/scit) with NFSS spec.:
(fontspec)             <->s*[1]"[LibertinusSerif-SemiboldItalic.otf]/OT:script=latn;language=dflt;+tnum;+lnum;+smcp;"
(fontspec)             - 'bold slanted' (b/sl) with NFSS spec.:
(fontspec)             <->s*[1]"[LibertinusSerif-Semibold.otf]/OT:script=latn;language=dflt;slant=0.2;+tnum;+lnum;"
(fontspec)             - 'bold slanted small caps'  (b/scsl) with NFSS spec.:
(fontspec)             <->s*[1]"[LibertinusSerif-Semibold.otf]/OT:script=latn;language=dflt;slant=0.2;+tnum;+lnum;+smcp;"


Package fontspec Info: LibertinusSerif-Regular scale = 0.9999964431797971.


Package fontspec Info: LibertinusSerif-Regular scale = 1.


Package fontspec Info: LibertinusSerif-Regular scale = 0.9999964431797971.


Package fontspec Info: LibertinusSerif-Regular scale = 1.


Package fontspec Info: LibertinusSerif-Regular scale = 0.9999964431797971.


Package fontspec Info: LibertinusSerif-Regular scale = 1.


Package fontspec Info: LibertinusSerif-Bold scale = 0.9907566638005158.


Package fontspec Info: LibertinusSerif-Bold scale = 1.


Package fontspec Info: LibertinusSerif-Bold scale = 0.9907566638005158.


Package fontspec Info: LibertinusSerif-Bold scale = 1.


Package fontspec Info: LibertinusSerif-Italic scale = 0.9999964431797971.


Package fontspec Info: LibertinusSerif-Italic scale = 1.


Package fontspec Info: LibertinusSerif-Italic scale = 0.9999964431797971.


Package fontspec Info: LibertinusSerif-Italic scale = 1.


Package fontspec Info: LibertinusSerif-Regular scale = 0.9999964431797971.


Package fontspec Info: LibertinusSerif-Regular scale = 1.


Package fontspec Info: LibertinusSerif-Regular scale = 0.9999964431797971.


Package fontspec Info: LibertinusSerif-Regular scale = 1.


Package fontspec Info: LibertinusSerif-BoldItalic scale = 0.9999964431797971.


Package fontspec Info: LibertinusSerif-BoldItalic scale = 1.


Package fontspec Info: LibertinusSerif-BoldItalic scale = 0.9999964431797971.


Package fontspec Info: LibertinusSerif-BoldItalic scale = 1.


Package fontspec Info: LibertinusSerif-Bold scale = 0.9907566638005158.


Package fontspec Info: LibertinusSerif-Bold scale = 1.


Package fontspec Info: LibertinusSerif-Bold scale = 0.9907566638005158.


Package fontspec Info: LibertinusSerif-Bold scale = 1.


Package fontspec Info: Font family 'LibertinusSerif(3)' created for font
(fontspec)             'LibertinusSerif' with options
(fontspec)             [Scale=MatchLowercase,RawFeature = {+onum},Scale =
(fontspec)             1,UprightFont = *-Regular,ItalicFont =
(fontspec)             *-Italic,ItalicFeatures = { SmallCapsFont = *-Italic
(fontspec)             },SlantedFont = *-Regular,SlantedFeatures=
(fontspec)             {FakeSlant=0.2},BoldFont = *-Bold,BoldFeatures = {
(fontspec)             SmallCapsFont = *-Bold},BoldItalicFont =
(fontspec)             *-BoldItalic,BoldItalicFeatures = { SmallCapsFont =
(fontspec)             *-BoldItalic },BoldSlantedFont=
(fontspec)             *-Bold,BoldSlantedFeatures = {FakeSlant=0.2,
(fontspec)             SmallCapsFont = *-Bold},SmallCapsFont =
(fontspec)             *-Regular,SmallCapsFeatures={Letters=SmallCaps},Extension
(fontspec)             = .otf].
(fontspec)              
(fontspec)              This font family consists of the following NFSS
(fontspec)             series/shapes:
(fontspec)              
(fontspec)             - 'normal' (m/n) with NFSS spec.:
(fontspec)             <->s*[1]"[LibertinusSerif-Regular.otf]/OT:script=latn;language=dflt;+onum;"
(fontspec)             - 'small caps'  (m/sc) with NFSS spec.:
(fontspec)             <->s*[1]"[LibertinusSerif-Regular.otf]/OT:script=latn;language=dflt;+onum;+smcp;"
(fontspec)             - 'bold' (b/n) with NFSS spec.:
(fontspec)             <->s*[1]"[LibertinusSerif-Bold.otf]/OT:script=latn;language=dflt;+onum;"
(fontspec)             - 'bold small caps'  (b/sc) with NFSS spec.:
(fontspec)             <->s*[1]"[LibertinusSerif-Bold.otf]/OT:script=latn;language=dflt;+onum;+smcp;"
(fontspec)             - 'italic' (m/it) with NFSS spec.:
(fontspec)             <->s*[1]"[LibertinusSerif-Italic.otf]/OT:script=latn;language=dflt;+onum;"
(fontspec)             - 'italic small caps'  (m/scit) with NFSS spec.:
(fontspec)             <->s*[1]"[LibertinusSerif-Italic.otf]/OT:script=latn;language=dflt;+onum;+smcp;"
(fontspec)             - 'slanted' (m/sl) with NFSS spec.:
(fontspec)             <->s*[1]"[LibertinusSerif-Regular.otf]/OT:script=latn;language=dflt;slant=0.2;+onum;"
(fontspec)             - 'slanted small caps'  (m/scsl) with NFSS spec.:
(fontspec)             <->s*[1]"[LibertinusSerif-Regular.otf]/OT:script=latn;language=dflt;slant=0.2;+onum;+smcp;"
(fontspec)             - 'bold italic' (b/it) with NFSS spec.:
(fontspec)             <->s*[1]"[LibertinusSerif-BoldItalic.otf]/OT:script=latn;language=dflt;+onum;"
(fontspec)             - 'bold italic small caps'  (b/scit) with NFSS spec.:
(fontspec)             <->s*[1]"[LibertinusSerif-BoldItalic.otf]/OT:script=latn;language=dflt;+onum;+smcp;"
(fontspec)             - 'bold slanted' (b/sl) with NFSS spec.:
(fontspec)             <->s*[1]"[LibertinusSerif-Bold.otf]/OT:script=latn;language=dflt;slant=0.2;+onum;"
(fontspec)             - 'bold slanted small caps'  (b/scsl) with NFSS spec.:
(fontspec)             <->s*[1]"[LibertinusSerif-Bold.otf]/OT:script=latn;language=dflt;slant=0.2;+onum;+smcp;"


Package fontspec Info: LibertinusSerif-Regular scale = 0.9999964431797971.


Package fontspec Info: LibertinusSerif-Regular scale = 1.


Package fontspec Info: LibertinusSerif-Regular scale = 0.9999964431797971.


Package fontspec Info: LibertinusSerif-Regular scale = 1.


Package fontspec Info: LibertinusSerif-Regular scale = 0.9999964431797971.


Package fontspec Info: LibertinusSerif-Regular scale = 1.


Package fontspec Info: LibertinusSerif-Bold scale = 0.9907566638005158.


Package fontspec Info: LibertinusSerif-Bold scale = 1.


Package fontspec Info: LibertinusSerif-Bold scale = 0.9907566638005158.


Package fontspec Info: LibertinusSerif-Bold scale = 1.


Package fontspec Info: LibertinusSerif-Italic scale = 0.9999964431797971.


Package fontspec Info: LibertinusSerif-Italic scale = 1.


Package fontspec Info: LibertinusSerif-Italic scale = 0.9999964431797971.


Package fontspec Info: LibertinusSerif-Italic scale = 1.


Package fontspec Info: LibertinusSerif-Regular scale = 0.9999964431797971.


Package fontspec Info: LibertinusSerif-Regular scale = 1.


Package fontspec Info: LibertinusSerif-Regular scale = 0.9999964431797971.


Package fontspec Info: LibertinusSerif-Regular scale = 1.


Package fontspec Info: LibertinusSerif-BoldItalic scale = 0.9999964431797971.


Package fontspec Info: LibertinusSerif-BoldItalic scale = 1.


Package fontspec Info: LibertinusSerif-BoldItalic scale = 0.9999964431797971.


Package fontspec Info: LibertinusSerif-BoldItalic scale = 1.


Package fontspec Info: LibertinusSerif-Bold scale = 0.9907566638005158.


Package fontspec Info: LibertinusSerif-Bold scale = 1.


Package fontspec Info: LibertinusSerif-Bold scale = 0.9907566638005158.


Package fontspec Info: LibertinusSerif-Bold scale = 1.


Package fontspec Info: Font family 'LibertinusSerif(4)' created for font
(fontspec)             'LibertinusSerif' with options
(fontspec)             [Scale=MatchLowercase,RawFeature = {+tnum;-onum},Scale
(fontspec)             = 1,UprightFont = *-Regular,ItalicFont =
(fontspec)             *-Italic,ItalicFeatures = { SmallCapsFont = *-Italic
(fontspec)             },SlantedFont = *-Regular,SlantedFeatures=
(fontspec)             {FakeSlant=0.2},BoldFont = *-Bold,BoldFeatures = {
(fontspec)             SmallCapsFont = *-Bold},BoldItalicFont =
(fontspec)             *-BoldItalic,BoldItalicFeatures = { SmallCapsFont =
(fontspec)             *-BoldItalic },BoldSlantedFont=
(fontspec)             *-Bold,BoldSlantedFeatures = {FakeSlant=0.2,
(fontspec)             SmallCapsFont = *-Bold},SmallCapsFont =
(fontspec)             *-Regular,SmallCapsFeatures={Letters=SmallCaps},Extension
(fontspec)             = .otf].
(fontspec)              
(fontspec)              This font family consists of the following NFSS
(fontspec)             series/shapes:
(fontspec)              
(fontspec)             - 'normal' (m/n) with NFSS spec.:
(fontspec)             <->s*[1]"[LibertinusSerif-Regular.otf]/OT:script=latn;language=dflt;+tnum;-onum;"
(fontspec)             - 'small caps'  (m/sc) with NFSS spec.:
(fontspec)             <->s*[1]"[LibertinusSerif-Regular.otf]/OT:script=latn;language=dflt;+tnum;-onum;+smcp;"
(fontspec)             - 'bold' (b/n) with NFSS spec.:
(fontspec)             <->s*[1]"[LibertinusSerif-Bold.otf]/OT:script=latn;language=dflt;+tnum;-onum;"
(fontspec)             - 'bold small caps'  (b/sc) with NFSS spec.:
(fontspec)             <->s*[1]"[LibertinusSerif-Bold.otf]/OT:script=latn;language=dflt;+tnum;-onum;+smcp;"
(fontspec)             - 'italic' (m/it) with NFSS spec.:
(fontspec)             <->s*[1]"[LibertinusSerif-Italic.otf]/OT:script=latn;language=dflt;+tnum;-onum;"
(fontspec)             - 'italic small caps'  (m/scit) with NFSS spec.:
(fontspec)             <->s*[1]"[LibertinusSerif-Italic.otf]/OT:script=latn;language=dflt;+tnum;-onum;+smcp;"
(fontspec)             - 'slanted' (m/sl) with NFSS spec.:
(fontspec)             <->s*[1]"[LibertinusSerif-Regular.otf]/OT:script=latn;language=dflt;slant=0.2;+tnum;-onum;"
(fontspec)             - 'slanted small caps'  (m/scsl) with NFSS spec.:
(fontspec)             <->s*[1]"[LibertinusSerif-Regular.otf]/OT:script=latn;language=dflt;slant=0.2;+tnum;-onum;+smcp;"
(fontspec)             - 'bold italic' (b/it) with NFSS spec.:
(fontspec)             <->s*[1]"[LibertinusSerif-BoldItalic.otf]/OT:script=latn;language=dflt;+tnum;-onum;"
(fontspec)             - 'bold italic small caps'  (b/scit) with NFSS spec.:
(fontspec)             <->s*[1]"[LibertinusSerif-BoldItalic.otf]/OT:script=latn;language=dflt;+tnum;-onum;+smcp;"
(fontspec)             - 'bold slanted' (b/sl) with NFSS spec.:
(fontspec)             <->s*[1]"[LibertinusSerif-Bold.otf]/OT:script=latn;language=dflt;slant=0.2;+tnum;-onum;"
(fontspec)             - 'bold slanted small caps'  (b/scsl) with NFSS spec.:
(fontspec)             <->s*[1]"[LibertinusSerif-Bold.otf]/OT:script=latn;language=dflt;slant=0.2;+tnum;-onum;+smcp;"

Requested font "[LibertinusSans-Regular.otf]/OT" at 9.99997pt
 -> /Users/joseph/Library/TinyTeX/texmf-dist/fonts/opentype/public/libertinus-fonts/LibertinusSans-Regular.otf
Requested font "[LibertinusSans-Regular.otf]/OT" at 10.00003pt
 -> /Users/joseph/Library/TinyTeX/texmf-dist/fonts/opentype/public/libertinus-fonts/LibertinusSans-Regular.otf

Package fontspec Info: LibertinusSans-Regular scale = 0.9326029051272608.


Package fontspec Info: LibertinusSans-Regular scale = 1.

Requested font "[LibertinusSans-Regular.otf]/OT:script=latn;language=dflt;" at 10.00003pt
 -> /Users/joseph/Library/TinyTeX/texmf-dist/fonts/opentype/public/libertinus-fonts/LibertinusSans-Regular.otf

Package fontspec Info: LibertinusSans-Regular scale = 0.9326029051272608.


Package fontspec Info: LibertinusSans-Regular scale = 1.


Package fontspec Info: LibertinusSans-Regular scale = 0.9326029051272608.


Package fontspec Info: LibertinusSans-Regular scale = 1.

Requested font "[LibertinusSans-Bold.otf]/OT:script=latn;language=dflt;" at 10.00003pt
 -> /Users/joseph/Library/TinyTeX/texmf-dist/fonts/opentype/public/libertinus-fonts/LibertinusSans-Bold.otf

Package fontspec Info: LibertinusSans-Bold scale = 0.9999964431797971.


Package fontspec Info: LibertinusSans-Bold scale = 1.


Package fontspec Info: LibertinusSans-Bold scale = 0.9999964431797971.


Package fontspec Info: LibertinusSans-Bold scale = 1.

Requested font "[LibertinusSans-Italic.otf]/OT:script=latn;language=dflt;" at 10.00003pt
 -> /Users/joseph/Library/TinyTeX/texmf-dist/fonts/opentype/public/libertinus-fonts/LibertinusSans-Italic.otf

Package fontspec Info: LibertinusSans-Italic scale = 0.9999964431797971.


Package fontspec Info: LibertinusSans-Italic scale = 1.


Package fontspec Info: LibertinusSans-Italic scale = 0.9999964431797971.


Package fontspec Info: LibertinusSans-Italic scale = 1.


Package fontspec Info: LibertinusSans-Regular scale = 0.9326029051272608.


Package fontspec Info: LibertinusSans-Regular scale = 1.


Package fontspec Info: LibertinusSans-Regular scale = 0.9326029051272608.


Package fontspec Info: LibertinusSans-Regular scale = 1.


Package fontspec Info: LibertinusSans-Italic scale = 0.9999964431797971.


Package fontspec Info: LibertinusSans-Italic scale = 1.


Package fontspec Info: LibertinusSans-Italic scale = 0.9999964431797971.


Package fontspec Info: LibertinusSans-Italic scale = 1.


Package fontspec Info: LibertinusSans-Bold scale = 0.9999964431797971.


Package fontspec Info: LibertinusSans-Bold scale = 1.


Package fontspec Info: LibertinusSans-Bold scale = 0.9999964431797971.


Package fontspec Info: LibertinusSans-Bold scale = 1.


Package fontspec Info: Font family 'LibertinusSans(0)' created for font
(fontspec)             'LibertinusSans' with options
(fontspec)             [Scale=MatchLowercase,Ligatures =
(fontspec)             TeX,SmallCapsFeatures={Letters=SmallCaps},RawFeature={+hv-kern},Extension
(fontspec)             = .otf,RawFeature = {+tnum;+lnum},Scale = 1,UprightFont
(fontspec)             = *-Regular,ItalicFont = *-Italic,ItalicFeatures = {
(fontspec)             SmallCapsFont = *-Italic },SlantedFont =
(fontspec)             *-Regular,SlantedFeatures= {FakeSlant=0.2},BoldFont =
(fontspec)             *-Bold,BoldFeatures = { SmallCapsFont = *-Bold
(fontspec)             },BoldItalicFont = *-Italic,BoldItalicFeatures =
(fontspec)             {RawFeature={embolden=3},SmallCapsFont = *-Italic
(fontspec)             },BoldSlantedFont= *-Bold,BoldSlantedFeatures =
(fontspec)             {FakeSlant=0.2, SmallCapsFont = *-Bold },SmallCapsFont
(fontspec)             = *-Regular,SmallCapsFeatures={Letters=SmallCaps}].
(fontspec)              
(fontspec)              This font family consists of the following NFSS
(fontspec)             series/shapes:
(fontspec)              
(fontspec)             - 'normal' (m/n) with NFSS spec.:
(fontspec)             <->s*[1]"[LibertinusSans-Regular.otf]/OT:script=latn;language=dflt;+hv-kern;+tnum;+lnum;mapping=tex-text;"
(fontspec)             - 'small caps'  (m/sc) with NFSS spec.:
(fontspec)             <->s*[1]"[LibertinusSans-Regular.otf]/OT:script=latn;language=dflt;+hv-kern;+tnum;+lnum;+smcp;mapping=tex-text;"
(fontspec)             - 'bold' (b/n) with NFSS spec.:
(fontspec)             <->s*[1]"[LibertinusSans-Bold.otf]/OT:script=latn;language=dflt;+hv-kern;+tnum;+lnum;mapping=tex-text;"
(fontspec)             - 'bold small caps'  (b/sc) with NFSS spec.:
(fontspec)             <->s*[1]"[LibertinusSans-Bold.otf]/OT:script=latn;language=dflt;+hv-kern;+tnum;+lnum;+smcp;mapping=tex-text;"
(fontspec)             - 'italic' (m/it) with NFSS spec.:
(fontspec)             <->s*[1]"[LibertinusSans-Italic.otf]/OT:script=latn;language=dflt;+hv-kern;+tnum;+lnum;mapping=tex-text;"
(fontspec)             - 'italic small caps'  (m/scit) with NFSS spec.:
(fontspec)             <->s*[1]"[LibertinusSans-Italic.otf]/OT:script=latn;language=dflt;+hv-kern;+tnum;+lnum;+smcp;mapping=tex-text;"
(fontspec)             - 'slanted' (m/sl) with NFSS spec.:
(fontspec)             <->s*[1]"[LibertinusSans-Regular.otf]/OT:script=latn;language=dflt;slant=0.2;+hv-kern;+tnum;+lnum;mapping=tex-text;"
(fontspec)             - 'slanted small caps'  (m/scsl) with NFSS spec.:
(fontspec)             <->s*[1]"[LibertinusSans-Regular.otf]/OT:script=latn;language=dflt;slant=0.2;+hv-kern;+tnum;+lnum;+smcp;mapping=tex-text;"
(fontspec)             - 'bold italic' (b/it) with NFSS spec.:
(fontspec)             <->s*[1]"[LibertinusSans-Italic.otf]/OT:script=latn;language=dflt;+hv-kern;+tnum;+lnum;embolden=3;mapping=tex-text;"
(fontspec)             - 'bold italic small caps'  (b/scit) with NFSS spec.:
(fontspec)             <->s*[1]"[LibertinusSans-Italic.otf]/OT:script=latn;language=dflt;+hv-kern;+tnum;+lnum;embolden=3;+smcp;mapping=tex-text;"
(fontspec)             - 'bold slanted' (b/sl) with NFSS spec.:
(fontspec)             <->s*[1]"[LibertinusSans-Bold.otf]/OT:script=latn;language=dflt;slant=0.2;+hv-kern;+tnum;+lnum;mapping=tex-text;"
(fontspec)             - 'bold slanted small caps'  (b/scsl) with NFSS spec.:
(fontspec)             <->s*[1]"[LibertinusSans-Bold.otf]/OT:script=latn;language=dflt;slant=0.2;+hv-kern;+tnum;+lnum;+smcp;mapping=tex-text;"


Package fontspec Info: LibertinusSans-Regular scale = 0.9326029051272608.


Package fontspec Info: LibertinusSans-Regular scale = 1.


Package fontspec Info: LibertinusSans-Regular scale = 0.9326029051272608.


Package fontspec Info: LibertinusSans-Regular scale = 1.


Package fontspec Info: LibertinusSans-Regular scale = 0.9326029051272608.


Package fontspec Info: LibertinusSans-Regular scale = 1.


Package fontspec Info: LibertinusSans-Bold scale = 0.9999964431797971.


Package fontspec Info: LibertinusSans-Bold scale = 1.


Package fontspec Info: LibertinusSans-Bold scale = 0.9999964431797971.


Package fontspec Info: LibertinusSans-Bold scale = 1.


Package fontspec Info: LibertinusSans-Italic scale = 0.9999964431797971.


Package fontspec Info: LibertinusSans-Italic scale = 1.


Package fontspec Info: LibertinusSans-Italic scale = 0.9999964431797971.


Package fontspec Info: LibertinusSans-Italic scale = 1.


Package fontspec Info: LibertinusSans-Regular scale = 0.9326029051272608.


Package fontspec Info: LibertinusSans-Regular scale = 1.


Package fontspec Info: LibertinusSans-Regular scale = 0.9326029051272608.


Package fontspec Info: LibertinusSans-Regular scale = 1.


Package fontspec Info: LibertinusSans-Italic scale = 0.9999964431797971.


Package fontspec Info: LibertinusSans-Italic scale = 1.


Package fontspec Info: LibertinusSans-Italic scale = 0.9999964431797971.


Package fontspec Info: LibertinusSans-Italic scale = 1.


Package fontspec Info: LibertinusSans-Bold scale = 0.9999964431797971.


Package fontspec Info: LibertinusSans-Bold scale = 1.


Package fontspec Info: LibertinusSans-Bold scale = 0.9999964431797971.


Package fontspec Info: LibertinusSans-Bold scale = 1.


Package fontspec Info: Font family 'LibertinusSans(1)' created for font
(fontspec)             'LibertinusSans' with options
(fontspec)             [Scale=MatchLowercase,Extension = .otf,RawFeature =
(fontspec)             {+tnum;+lnum},Scale = 1,UprightFont =
(fontspec)             *-Regular,ItalicFont = *-Italic,ItalicFeatures = {
(fontspec)             SmallCapsFont = *-Italic },SlantedFont =
(fontspec)             *-Regular,SlantedFeatures= {FakeSlant=0.2},BoldFont =
(fontspec)             *-Bold,BoldFeatures = { SmallCapsFont = *-Bold
(fontspec)             },BoldItalicFont = *-Italic,BoldItalicFeatures =
(fontspec)             {RawFeature={embolden=3},SmallCapsFont = *-Italic
(fontspec)             },BoldSlantedFont= *-Bold,BoldSlantedFeatures =
(fontspec)             {FakeSlant=0.2, SmallCapsFont = *-Bold },SmallCapsFont
(fontspec)             = *-Regular,SmallCapsFeatures={Letters=SmallCaps}].
(fontspec)              
(fontspec)              This font family consists of the following NFSS
(fontspec)             series/shapes:
(fontspec)              
(fontspec)             - 'normal' (m/n) with NFSS spec.:
(fontspec)             <->s*[1]"[LibertinusSans-Regular.otf]/OT:script=latn;language=dflt;+tnum;+lnum;"
(fontspec)             - 'small caps'  (m/sc) with NFSS spec.:
(fontspec)             <->s*[1]"[LibertinusSans-Regular.otf]/OT:script=latn;language=dflt;+tnum;+lnum;+smcp;"
(fontspec)             - 'bold' (b/n) with NFSS spec.:
(fontspec)             <->s*[1]"[LibertinusSans-Bold.otf]/OT:script=latn;language=dflt;+tnum;+lnum;"
(fontspec)             - 'bold small caps'  (b/sc) with NFSS spec.:
(fontspec)             <->s*[1]"[LibertinusSans-Bold.otf]/OT:script=latn;language=dflt;+tnum;+lnum;+smcp;"
(fontspec)             - 'italic' (m/it) with NFSS spec.:
(fontspec)             <->s*[1]"[LibertinusSans-Italic.otf]/OT:script=latn;language=dflt;+tnum;+lnum;"
(fontspec)             - 'italic small caps'  (m/scit) with NFSS spec.:
(fontspec)             <->s*[1]"[LibertinusSans-Italic.otf]/OT:script=latn;language=dflt;+tnum;+lnum;+smcp;"
(fontspec)             - 'slanted' (m/sl) with NFSS spec.:
(fontspec)             <->s*[1]"[LibertinusSans-Regular.otf]/OT:script=latn;language=dflt;slant=0.2;+tnum;+lnum;"
(fontspec)             - 'slanted small caps'  (m/scsl) with NFSS spec.:
(fontspec)             <->s*[1]"[LibertinusSans-Regular.otf]/OT:script=latn;language=dflt;slant=0.2;+tnum;+lnum;+smcp;"
(fontspec)             - 'bold italic' (b/it) with NFSS spec.:
(fontspec)             <->s*[1]"[LibertinusSans-Italic.otf]/OT:script=latn;language=dflt;+tnum;+lnum;embolden=3;"
(fontspec)             - 'bold italic small caps'  (b/scit) with NFSS spec.:
(fontspec)             <->s*[1]"[LibertinusSans-Italic.otf]/OT:script=latn;language=dflt;+tnum;+lnum;embolden=3;+smcp;"
(fontspec)             - 'bold slanted' (b/sl) with NFSS spec.:
(fontspec)             <->s*[1]"[LibertinusSans-Bold.otf]/OT:script=latn;language=dflt;slant=0.2;+tnum;+lnum;"
(fontspec)             - 'bold slanted small caps'  (b/scsl) with NFSS spec.:
(fontspec)             <->s*[1]"[LibertinusSans-Bold.otf]/OT:script=latn;language=dflt;slant=0.2;+tnum;+lnum;+smcp;"

LaTeX Font Info:    Overwriting math alphabet `\mathsf' in version `normal'
(Font)                  OT1/cmss/m/n --> TU/LibertinusSans(1)/m/n on input line 312.
LaTeX Font Info:    Overwriting math alphabet `\mathsf' in version `bold'
(Font)                  OT1/cmss/bx/n --> TU/LibertinusSans(1)/b/n on input line 312.

Package fontspec Info: LibertinusSans-Regular scale = 0.9326029051272608.


Package fontspec Info: LibertinusSans-Regular scale = 1.


Package fontspec Info: LibertinusSans-Regular scale = 0.9326029051272608.


Package fontspec Info: LibertinusSans-Regular scale = 1.


Package fontspec Info: LibertinusSans-Regular scale = 0.9326029051272608.


Package fontspec Info: LibertinusSans-Regular scale = 1.


Package fontspec Info: LibertinusSans-Bold scale = 0.9999964431797971.


Package fontspec Info: LibertinusSans-Bold scale = 1.


Package fontspec Info: LibertinusSans-Bold scale = 0.9999964431797971.


Package fontspec Info: LibertinusSans-Bold scale = 1.


Package fontspec Info: LibertinusSans-Italic scale = 0.9999964431797971.


Package fontspec Info: LibertinusSans-Italic scale = 1.


Package fontspec Info: LibertinusSans-Italic scale = 0.9999964431797971.


Package fontspec Info: LibertinusSans-Italic scale = 1.


Package fontspec Info: LibertinusSans-Regular scale = 0.9326029051272608.


Package fontspec Info: LibertinusSans-Regular scale = 1.


Package fontspec Info: LibertinusSans-Regular scale = 0.9326029051272608.


Package fontspec Info: LibertinusSans-Regular scale = 1.


Package fontspec Info: LibertinusSans-Italic scale = 0.9999964431797971.


Package fontspec Info: LibertinusSans-Italic scale = 1.


Package fontspec Info: LibertinusSans-Regular scale = 0.9326029051272608.


Package fontspec Info: LibertinusSans-Regular scale = 1.


Package fontspec Info: LibertinusSans-Bold scale = 0.9999964431797971.


Package fontspec Info: LibertinusSans-Bold scale = 1.


Package fontspec Info: LibertinusSans-Bold scale = 0.9999964431797971.


Package fontspec Info: LibertinusSans-Bold scale = 1.


Package fontspec Info: Font family 'LibertinusSans(2)' created for font
(fontspec)             'LibertinusSans' with options
(fontspec)             [Scale=MatchLowercase,RawFeature = {+onum;+pnum},Scale
(fontspec)             = 1,UprightFont = *-Regular,ItalicFont =
(fontspec)             *-Italic,ItalicFeatures = { SmallCapsFont = *-Italic
(fontspec)             },SlantedFont = *-Regular,SlantedFeatures=
(fontspec)             {FakeSlant=0.2},BoldFont = *-Bold,BoldFeatures = {
(fontspec)             SmallCapsFont = *-Bold },BoldItalicFont =
(fontspec)             *-Italic,BoldItalicFeatures =
(fontspec)             {RawFeature={embolden=3}},BoldSlantedFont=
(fontspec)             *-Bold,BoldSlantedFeatures = {FakeSlant=0.2,
(fontspec)             SmallCapsFont = *-Bold },SmallCapsFont =
(fontspec)             *-Regular,SmallCapsFeatures={Letters=SmallCaps},Extension
(fontspec)             = .otf].
(fontspec)              
(fontspec)              This font family consists of the following NFSS
(fontspec)             series/shapes:
(fontspec)              
(fontspec)             - 'normal' (m/n) with NFSS spec.:
(fontspec)             <->s*[1]"[LibertinusSans-Regular.otf]/OT:script=latn;language=dflt;+onum;+pnum;"
(fontspec)             - 'small caps'  (m/sc) with NFSS spec.:
(fontspec)             <->s*[1]"[LibertinusSans-Regular.otf]/OT:script=latn;language=dflt;+onum;+pnum;+smcp;"
(fontspec)             - 'bold' (b/n) with NFSS spec.:
(fontspec)             <->s*[1]"[LibertinusSans-Bold.otf]/OT:script=latn;language=dflt;+onum;+pnum;"
(fontspec)             - 'bold small caps'  (b/sc) with NFSS spec.:
(fontspec)             <->s*[1]"[LibertinusSans-Bold.otf]/OT:script=latn;language=dflt;+onum;+pnum;+smcp;"
(fontspec)             - 'italic' (m/it) with NFSS spec.:
(fontspec)             <->s*[1]"[LibertinusSans-Italic.otf]/OT:script=latn;language=dflt;+onum;+pnum;"
(fontspec)             - 'italic small caps'  (m/scit) with NFSS spec.:
(fontspec)             <->s*[1]"[LibertinusSans-Italic.otf]/OT:script=latn;language=dflt;+onum;+pnum;+smcp;"
(fontspec)             - 'slanted' (m/sl) with NFSS spec.:
(fontspec)             <->s*[1]"[LibertinusSans-Regular.otf]/OT:script=latn;language=dflt;slant=0.2;+onum;+pnum;"
(fontspec)             - 'slanted small caps'  (m/scsl) with NFSS spec.:
(fontspec)             <->s*[1]"[LibertinusSans-Regular.otf]/OT:script=latn;language=dflt;slant=0.2;+onum;+pnum;+smcp;"
(fontspec)             - 'bold italic' (b/it) with NFSS spec.:
(fontspec)             <->s*[1]"[LibertinusSans-Italic.otf]/OT:script=latn;language=dflt;+onum;+pnum;embolden=3;"
(fontspec)             - 'bold italic small caps'  (b/scit) with NFSS spec.:
(fontspec)             <->s*[1]"[LibertinusSans-Regular.otf]/OT:script=latn;language=dflt;+onum;+pnum;embolden=3;+smcp;"
(fontspec)             - 'bold slanted' (b/sl) with NFSS spec.:
(fontspec)             <->s*[1]"[LibertinusSans-Bold.otf]/OT:script=latn;language=dflt;slant=0.2;+onum;+pnum;"
(fontspec)             - 'bold slanted small caps'  (b/scsl) with NFSS spec.:
(fontspec)             <->s*[1]"[LibertinusSans-Bold.otf]/OT:script=latn;language=dflt;slant=0.2;+onum;+pnum;+smcp;"


Package fontspec Info: LibertinusSans-Regular scale = 0.9326029051272608.


Package fontspec Info: LibertinusSans-Regular scale = 1.


Package fontspec Info: LibertinusSans-Regular scale = 0.9326029051272608.


Package fontspec Info: LibertinusSans-Regular scale = 1.


Package fontspec Info: LibertinusSans-Regular scale = 0.9326029051272608.


Package fontspec Info: LibertinusSans-Regular scale = 1.


Package fontspec Info: LibertinusSans-Bold scale = 0.9999964431797971.


Package fontspec Info: LibertinusSans-Bold scale = 1.


Package fontspec Info: LibertinusSans-Bold scale = 0.9999964431797971.


Package fontspec Info: LibertinusSans-Bold scale = 1.


Package fontspec Info: LibertinusSans-Italic scale = 0.9999964431797971.


Package fontspec Info: LibertinusSans-Italic scale = 1.


Package fontspec Info: LibertinusSans-Italic scale = 0.9999964431797971.


Package fontspec Info: LibertinusSans-Italic scale = 1.


Package fontspec Info: LibertinusSans-Regular scale = 0.9326029051272608.


Package fontspec Info: LibertinusSans-Regular scale = 1.


Package fontspec Info: LibertinusSans-Regular scale = 0.9326029051272608.


Package fontspec Info: LibertinusSans-Regular scale = 1.


Package fontspec Info: LibertinusSans-Italic scale = 0.9999964431797971.


Package fontspec Info: LibertinusSans-Italic scale = 1.


Package fontspec Info: LibertinusSans-Regular scale = 0.9326029051272608.


Package fontspec Info: LibertinusSans-Regular scale = 1.


Package fontspec Info: LibertinusSans-Bold scale = 0.9999964431797971.


Package fontspec Info: LibertinusSans-Bold scale = 1.


Package fontspec Info: LibertinusSans-Bold scale = 0.9999964431797971.


Package fontspec Info: LibertinusSans-Bold scale = 1.


Package fontspec Info: Font family 'LibertinusSans(3)' created for font
(fontspec)             'LibertinusSans' with options
(fontspec)             [Scale=MatchLowercase,RawFeature =
(fontspec)             {+lnum;-onum;+tnum},Scale = 1,UprightFont =
(fontspec)             *-Regular,ItalicFont = *-Italic,ItalicFeatures = {
(fontspec)             SmallCapsFont = *-Italic },SlantedFont =
(fontspec)             *-Regular,SlantedFeatures= {FakeSlant=0.2},BoldFont =
(fontspec)             *-Bold,BoldFeatures = { SmallCapsFont = *-Bold
(fontspec)             },BoldItalicFont = *-Italic,BoldItalicFeatures =
(fontspec)             {RawFeature={embolden=3}},BoldSlantedFont=
(fontspec)             *-Bold,BoldSlantedFeatures = {FakeSlant=0.2,
(fontspec)             SmallCapsFont = *-Bold },SmallCapsFont =
(fontspec)             *-Regular,SmallCapsFeatures={Letters=SmallCaps},Extension
(fontspec)             = .otf].
(fontspec)              
(fontspec)              This font family consists of the following NFSS
(fontspec)             series/shapes:
(fontspec)              
(fontspec)             - 'normal' (m/n) with NFSS spec.:
(fontspec)             <->s*[1]"[LibertinusSans-Regular.otf]/OT:script=latn;language=dflt;+lnum;-onum;+tnum;"
(fontspec)             - 'small caps'  (m/sc) with NFSS spec.:
(fontspec)             <->s*[1]"[LibertinusSans-Regular.otf]/OT:script=latn;language=dflt;+lnum;-onum;+tnum;+smcp;"
(fontspec)             - 'bold' (b/n) with NFSS spec.:
(fontspec)             <->s*[1]"[LibertinusSans-Bold.otf]/OT:script=latn;language=dflt;+lnum;-onum;+tnum;"
(fontspec)             - 'bold small caps'  (b/sc) with NFSS spec.:
(fontspec)             <->s*[1]"[LibertinusSans-Bold.otf]/OT:script=latn;language=dflt;+lnum;-onum;+tnum;+smcp;"
(fontspec)             - 'italic' (m/it) with NFSS spec.:
(fontspec)             <->s*[1]"[LibertinusSans-Italic.otf]/OT:script=latn;language=dflt;+lnum;-onum;+tnum;"
(fontspec)             - 'italic small caps'  (m/scit) with NFSS spec.:
(fontspec)             <->s*[1]"[LibertinusSans-Italic.otf]/OT:script=latn;language=dflt;+lnum;-onum;+tnum;+smcp;"
(fontspec)             - 'slanted' (m/sl) with NFSS spec.:
(fontspec)             <->s*[1]"[LibertinusSans-Regular.otf]/OT:script=latn;language=dflt;slant=0.2;+lnum;-onum;+tnum;"
(fontspec)             - 'slanted small caps'  (m/scsl) with NFSS spec.:
(fontspec)             <->s*[1]"[LibertinusSans-Regular.otf]/OT:script=latn;language=dflt;slant=0.2;+lnum;-onum;+tnum;+smcp;"
(fontspec)             - 'bold italic' (b/it) with NFSS spec.:
(fontspec)             <->s*[1]"[LibertinusSans-Italic.otf]/OT:script=latn;language=dflt;+lnum;-onum;+tnum;embolden=3;"
(fontspec)             - 'bold italic small caps'  (b/scit) with NFSS spec.:
(fontspec)             <->s*[1]"[LibertinusSans-Regular.otf]/OT:script=latn;language=dflt;+lnum;-onum;+tnum;embolden=3;+smcp;"
(fontspec)             - 'bold slanted' (b/sl) with NFSS spec.:
(fontspec)             <->s*[1]"[LibertinusSans-Bold.otf]/OT:script=latn;language=dflt;slant=0.2;+lnum;-onum;+tnum;"
(fontspec)             - 'bold slanted small caps'  (b/scsl) with NFSS spec.:
(fontspec)             <->s*[1]"[LibertinusSans-Bold.otf]/OT:script=latn;language=dflt;slant=0.2;+lnum;-onum;+tnum;+smcp;"

Requested font "[LibertinusMono-Regular.otf]/OT" at 9.99997pt
 -> /Users/joseph/Library/TinyTeX/texmf-dist/fonts/opentype/public/libertinus-fonts/LibertinusMono-Regular.otf
Requested font "[LibertinusMono-Regular.otf]/OT" at 10.00003pt
 -> /Users/joseph/Library/TinyTeX/texmf-dist/fonts/opentype/public/libertinus-fonts/LibertinusMono-Regular.otf

Package fontspec Info: LibertinusMono-Regular scale = 0.8666631730804798.


Package fontspec Info: LibertinusMono-Regular scale = 0.8666631730804798.

Requested font "[LibertinusMono-Regular.otf]/OT:script=latn;language=dflt;" at 10.00003pt
 -> /Users/joseph/Library/TinyTeX/texmf-dist/fonts/opentype/public/libertinus-fonts/LibertinusMono-Regular.otf

Package fontspec Info: LibertinusMono-Regular scale = 0.8666631730804798.


Package fontspec Info: LibertinusMono-Regular scale = 0.8666631730804798.


Package fontspec Info: LibertinusMono-Regular scale = 0.8666631730804798.


Package fontspec Info: LibertinusMono-Regular scale = 0.8666631730804798.


Package fontspec Info: LibertinusMono-Regular scale = 0.8666631730804798.


Package fontspec Info: LibertinusMono-Regular scale = 0.8666631730804798.


Package fontspec Info: LibertinusMono-Regular scale = 0.8666631730804798.


Package fontspec Info: LibertinusMono-Regular scale = 0.8666631730804798.


Package fontspec Info: LibertinusMono-Regular scale = 0.8666631730804798.


Package fontspec Info: LibertinusMono-Regular scale = 0.8666631730804798.


Package fontspec Info: Font family 'LibertinusMono(0)' created for font
(fontspec)             'LibertinusMono' with options
(fontspec)             [Scale=MatchLowercase,WordSpace={1,0,0},HyphenChar=None,PunctuationSpace=WordSpace,RawFeature
(fontspec)             = {+tnum; +lnum},Scale = MatchLowercase,FakeStretch =
(fontspec)             0.9,UprightFont = *-Regular,ItalicFont =
(fontspec)             *-Regular,ItalicFeatures = {FakeSlant=0.2},SlantedFont
(fontspec)             = *-Regular,SlantedFeatures= {FakeSlant=0.2},BoldFont =
(fontspec)             *-Regular,BoldFeatures =
(fontspec)             {RawFeature={embolden=3}},BoldItalicFont =
(fontspec)             *-Regular,BoldItalicFeatures={FakeSlant=0.2,RawFeature={embolden=3}},Extension
(fontspec)             = .otf].
(fontspec)              
(fontspec)              This font family consists of the following NFSS
(fontspec)             series/shapes:
(fontspec)              
(fontspec)             - 'normal' (m/n) with NFSS spec.:
(fontspec)             <->s*[0.8666631730804798]"[LibertinusMono-Regular.otf]/OT:script=latn;language=dflt;extend=0.9;+tnum;
(fontspec)             +lnum;"
(fontspec)             - 'small caps'  (m/sc) with NFSS spec.: 
(fontspec)             and font adjustment code:
(fontspec)             \fontdimen 2\font =1\fontdimen 2\font \fontdimen 3\font
(fontspec)             =0\fontdimen 3\font \fontdimen 4\font =0\fontdimen
(fontspec)             4\font \fontdimen 7\font =0\fontdimen 2\font
(fontspec)             \tex_hyphenchar:D \font =-1\scan_stop: 
(fontspec)             - 'bold' (b/n) with NFSS spec.:
(fontspec)             <->s*[0.8666631730804798]"[LibertinusMono-Regular.otf]/OT:script=latn;language=dflt;extend=0.9;+tnum;
(fontspec)             +lnum;embolden=3;"
(fontspec)             - 'bold small caps'  (b/sc) with NFSS spec.: 
(fontspec)             and font adjustment code:
(fontspec)             \fontdimen 2\font =1\fontdimen 2\font \fontdimen 3\font
(fontspec)             =0\fontdimen 3\font \fontdimen 4\font =0\fontdimen
(fontspec)             4\font \fontdimen 7\font =0\fontdimen 2\font
(fontspec)             \tex_hyphenchar:D \font =-1\scan_stop: 
(fontspec)             - 'italic' (m/it) with NFSS spec.:
(fontspec)             <->s*[0.8666631730804798]"[LibertinusMono-Regular.otf]/OT:script=latn;language=dflt;extend=0.9;slant=0.2;+tnum;
(fontspec)             +lnum;"
(fontspec)             - 'italic small caps'  (m/scit) with NFSS spec.: 
(fontspec)             and font adjustment code:
(fontspec)             \fontdimen 2\font =1\fontdimen 2\font \fontdimen 3\font
(fontspec)             =0\fontdimen 3\font \fontdimen 4\font =0\fontdimen
(fontspec)             4\font \fontdimen 7\font =0\fontdimen 2\font
(fontspec)             \tex_hyphenchar:D \font =-1\scan_stop: 
(fontspec)             - 'slanted' (m/sl) with NFSS spec.:
(fontspec)             <->s*[0.8666631730804798]"[LibertinusMono-Regular.otf]/OT:script=latn;language=dflt;extend=0.9;slant=0.2;+tnum;
(fontspec)             +lnum;"
(fontspec)             - 'slanted small caps'  (m/scsl) with NFSS spec.: 
(fontspec)             and font adjustment code:
(fontspec)             \fontdimen 2\font =1\fontdimen 2\font \fontdimen 3\font
(fontspec)             =0\fontdimen 3\font \fontdimen 4\font =0\fontdimen
(fontspec)             4\font \fontdimen 7\font =0\fontdimen 2\font
(fontspec)             \tex_hyphenchar:D \font =-1\scan_stop: 
(fontspec)             - 'bold italic' (b/it) with NFSS spec.:
(fontspec)             <->s*[0.8666631730804798]"[LibertinusMono-Regular.otf]/OT:script=latn;language=dflt;extend=0.9;slant=0.2;+tnum;
(fontspec)             +lnum;embolden=3;"
(fontspec)             - 'bold italic small caps'  (b/scit) with NFSS spec.: 
(fontspec)             and font adjustment code:
(fontspec)             \fontdimen 2\font =1\fontdimen 2\font \fontdimen 3\font
(fontspec)             =0\fontdimen 3\font \fontdimen 4\font =0\fontdimen
(fontspec)             4\font \fontdimen 7\font =0\fontdimen 2\font
(fontspec)             \tex_hyphenchar:D \font =-1\scan_stop: 


Package fontspec Info: LibertinusMono-Regular scale = 0.8666631730804798.


Package fontspec Info: LibertinusMono-Regular scale = 0.8666631730804798.


Package fontspec Info: LibertinusMono-Regular scale = 0.8666631730804798.


Package fontspec Info: LibertinusMono-Regular scale = 0.8666631730804798.


Package fontspec Info: LibertinusMono-Regular scale = 0.8666631730804798.


Package fontspec Info: LibertinusMono-Regular scale = 0.8666631730804798.


Package fontspec Info: LibertinusMono-Regular scale = 0.8666631730804798.


Package fontspec Info: LibertinusMono-Regular scale = 0.8666631730804798.


Package fontspec Info: LibertinusMono-Regular scale = 0.8666631730804798.


Package fontspec Info: LibertinusMono-Regular scale = 0.8666631730804798.


Package fontspec Info: LibertinusMono-Regular scale = 0.8666631730804798.


Package fontspec Info: LibertinusMono-Regular scale = 0.8666631730804798.


Package fontspec Info: Font family 'LibertinusMono(1)' created for font
(fontspec)             'LibertinusMono' with options
(fontspec)             [Scale=MatchLowercase,RawFeature = {+tnum; +lnum},Scale
(fontspec)             = MatchLowercase,FakeStretch = 0.9,UprightFont =
(fontspec)             *-Regular,ItalicFont = *-Regular,ItalicFeatures =
(fontspec)             {FakeSlant=0.2},SlantedFont =
(fontspec)             *-Regular,SlantedFeatures= {FakeSlant=0.2},BoldFont =
(fontspec)             *-Regular,BoldFeatures =
(fontspec)             {RawFeature={embolden=3}},BoldItalicFont =
(fontspec)             *-Regular,BoldItalicFeatures={FakeSlant=0.2,RawFeature={embolden=3}},Extension
(fontspec)             = .otf].
(fontspec)              
(fontspec)              This font family consists of the following NFSS
(fontspec)             series/shapes:
(fontspec)              
(fontspec)             - 'normal' (m/n) with NFSS spec.:
(fontspec)             <->s*[0.8666631730804798]"[LibertinusMono-Regular.otf]/OT:script=latn;language=dflt;extend=0.9;+tnum;
(fontspec)             +lnum;"
(fontspec)             - 'small caps'  (m/sc) with NFSS spec.: 
(fontspec)             - 'bold' (b/n) with NFSS spec.:
(fontspec)             <->s*[0.8666631730804798]"[LibertinusMono-Regular.otf]/OT:script=latn;language=dflt;extend=0.9;+tnum;
(fontspec)             +lnum;embolden=3;"
(fontspec)             - 'bold small caps'  (b/sc) with NFSS spec.: 
(fontspec)             - 'italic' (m/it) with NFSS spec.:
(fontspec)             <->s*[0.8666631730804798]"[LibertinusMono-Regular.otf]/OT:script=latn;language=dflt;extend=0.9;slant=0.2;+tnum;
(fontspec)             +lnum;"
(fontspec)             - 'italic small caps'  (m/scit) with NFSS spec.: 
(fontspec)             - 'slanted' (m/sl) with NFSS spec.:
(fontspec)             <->s*[0.8666631730804798]"[LibertinusMono-Regular.otf]/OT:script=latn;language=dflt;extend=0.9;slant=0.2;+tnum;
(fontspec)             +lnum;"
(fontspec)             - 'slanted small caps'  (m/scsl) with NFSS spec.: 
(fontspec)             - 'bold italic' (b/it) with NFSS spec.:
(fontspec)             <->s*[0.8666631730804798]"[LibertinusMono-Regular.otf]/OT:script=latn;language=dflt;extend=0.9;slant=0.2;+tnum;
(fontspec)             +lnum;embolden=3;"
(fontspec)             - 'bold italic small caps'  (b/scit) with NFSS spec.: 

LaTeX Font Info:    Overwriting math alphabet `\mathtt' in version `normal'
(Font)                  OT1/cmtt/m/n --> TU/LibertinusMono(1)/m/n on input line 369.
LaTeX Font Info:    Overwriting math alphabet `\mathtt' in version `bold'
(Font)                  OT1/cmtt/m/n --> TU/LibertinusMono(1)/b/n on input line 369.
*************************************
* Using libertinus math *
*************************************
Requested font "[LibertinusMath-Regular.otf]/OT" at 9.99997pt
 -> /Users/joseph/Library/TinyTeX/texmf-dist/fonts/opentype/public/libertinus-fonts/LibertinusMath-Regular.otf
Requested font "[LibertinusMath-Regular.otf]/OT" at 10.00003pt
 -> /Users/joseph/Library/TinyTeX/texmf-dist/fonts/opentype/public/libertinus-fonts/LibertinusMath-Regular.otf

Package fontspec Info: LibertinusMath-Regular scale = 0.9999964431797971.

Requested font "[LibertinusMath-Regular.otf]/OT:script=math;language=dflt;" at 10.00003pt
 -> /Users/joseph/Library/TinyTeX/texmf-dist/fonts/opentype/public/libertinus-fonts/LibertinusMath-Regular.otf

Package fontspec Info: LibertinusMath-Regular scale = 0.9999964431797971.


Package fontspec Info: Font family 'LibertinusMath-Regular.otf(0)' created for
(fontspec)             font 'LibertinusMath-Regular.otf' with options
(fontspec)             [Scale=MatchLowercase,BoldItalicFont={},ItalicFont={},SmallCapsFont={},Script=Math].
(fontspec)              
(fontspec)              This font family consists of the following NFSS
(fontspec)             series/shapes:
(fontspec)              
(fontspec)             - 'normal' (m/n) with NFSS spec.:
(fontspec)             <->s*[0.9999964431797971]"[LibertinusMath-Regular.otf]/OT:script=math;language=dflt;"
(fontspec)             - 'small caps'  (m/sc) with NFSS spec.: 

LaTeX Font Info:    Font shape `TU/LibertinusMath-Regular.otf(0)/m/n' will be
(Font)              scaled to size 10.0pt on input line 377.
Requested font "[LibertinusMath-Regular.otf]/OT:script=math;language=dflt;" at 10.0pt
 -> /Users/joseph/Library/TinyTeX/texmf-dist/fonts/opentype/public/libertinus-fonts/LibertinusMath-Regular.otf

Package fontspec Info: LibertinusMath-Regular scale = 0.9999964431797971.


Package fontspec Info: LibertinusMath-Regular scale = 0.9999964431797971.


Package fontspec Info: LibertinusMath-Regular scale = 0.9999964431797971.


Package fontspec Info: LibertinusMath-Regular scale = 0.9999964431797971.


Package fontspec Info: Font family 'LibertinusMath-Regular.otf(1)' created for
(fontspec)             font 'LibertinusMath-Regular.otf' with options
(fontspec)             [Scale=MatchLowercase,BoldItalicFont={},ItalicFont={},SmallCapsFont={},Script=Math,SizeFeatures={{Size=9-},{Size=7-9,Font=LibertinusMath-Regular.otf,Style=MathScript},{Size=-7,Font=LibertinusMath-Regular.otf,Style=MathScriptScript}}].
(fontspec)              
(fontspec)              This font family consists of the following NFSS
(fontspec)             series/shapes:
(fontspec)              
(fontspec)             - 'normal' (m/n) with NFSS spec.:
(fontspec)             <9->s*[0.9999964431797971]"[LibertinusMath-Regular.otf]/OT:script=math;language=dflt;"<7-9>s*[0.9999964431797971]"[LibertinusMath-Regular.otf]/OT:script=math;language=dflt;+ssty=0;"<-7>s*[0.9999964431797971]"[LibertinusMath-Regular.otf]/OT:script=math;language=dflt;+ssty=1;"
(fontspec)             - 'small caps'  (m/sc) with NFSS spec.: 

LaTeX Font Info:    Font shape `TU/LibertinusMath-Regular.otf(1)/m/n' will be
(Font)              scaled to size 10.0pt on input line 377.
LaTeX Font Info:    Encoding `OT1' has changed to `TU' for symbol font
(Font)              `operators' in the math version `normal' on input line 377.
LaTeX Font Info:    Overwriting symbol font `operators' in version `normal'
(Font)                  OT1/cmr/m/n --> TU/LibertinusMath-Regular.otf(1)/m/n on input line 377.
LaTeX Font Info:    Encoding `OT1' has changed to `TU' for symbol font
(Font)              `operators' in the math version `bold' on input line 377.
LaTeX Font Info:    Overwriting symbol font `operators' in version `bold'
(Font)                  OT1/cmr/bx/n --> TU/LibertinusMath-Regular.otf(1)/b/n on input line 377.

Package fontspec Info: LibertinusMath-Regular scale = 0.9999964431797971.


Package fontspec Info: LibertinusMath-Regular scale = 1.000096442824115.


Package fontspec Info: LibertinusMath-Regular scale = 0.9999964431797971.


Package fontspec Info: LibertinusMath-Regular scale = 1.000096442824115.


Package fontspec Info: LibertinusMath-Regular scale = 0.9999964431797971.


Package fontspec Info: LibertinusMath-Regular scale = 1.000096442824115.


Package fontspec Info: LibertinusMath-Regular scale = 0.9999964431797971.


Package fontspec Info: LibertinusMath-Regular scale = 1.000096442824115.


Package fontspec Info: Font family 'LibertinusMath-Regular.otf(2)' created for
(fontspec)             font 'LibertinusMath-Regular.otf' with options
(fontspec)             [Scale=MatchLowercase,BoldItalicFont={},ItalicFont={},SmallCapsFont={},Script=Math,SizeFeatures={{Size=9-},{Size=7-9,Font=LibertinusMath-Regular.otf,Style=MathScript},{Size=-7,Font=LibertinusMath-Regular.otf,Style=MathScriptScript}},ScaleAgain=1.0001,FontAdjustment={\fontdimen
(fontspec)             8\font =5.8pt\relax \fontdimen 9\font =4.8pt\relax
(fontspec)             \fontdimen 10\font =4.7pt\relax \fontdimen 11\font
(fontspec)             =7.0pt\relax \fontdimen 12\font =4.8pt\relax \fontdimen
(fontspec)             13\font =3.75pt\relax \fontdimen 14\font =3.75pt\relax
(fontspec)             \fontdimen 15\font =3.1pt\relax \fontdimen 16\font
(fontspec)             =2.1pt\relax \fontdimen 17\font =2.1pt\relax \fontdimen
(fontspec)             18\font =2.3pt\relax \fontdimen 19\font =0.45pt\relax
(fontspec)             \fontdimen 22\font =2.6pt\relax \fontdimen 20\font
(fontspec)             =0pt\relax \fontdimen 21\font =0pt\relax }].
(fontspec)              
(fontspec)              This font family consists of the following NFSS
(fontspec)             series/shapes:
(fontspec)              
(fontspec)             - 'normal' (m/n) with NFSS spec.:
(fontspec)             <9->s*[1.000096442824115]"[LibertinusMath-Regular.otf]/OT:script=math;language=dflt;"<7-9>s*[1.000096442824115]"[LibertinusMath-Regular.otf]/OT:script=math;language=dflt;+ssty=0;"<-7>s*[1.000096442824115]"[LibertinusMath-Regular.otf]/OT:script=math;language=dflt;+ssty=1;"
(fontspec)             - 'small caps'  (m/sc) with NFSS spec.: 
(fontspec)             and font adjustment code:
(fontspec)             \fontdimen 8\font =5.8pt\relax \fontdimen 9\font
(fontspec)             =4.8pt\relax \fontdimen 10\font =4.7pt\relax \fontdimen
(fontspec)             11\font =7.0pt\relax \fontdimen 12\font =4.8pt\relax
(fontspec)             \fontdimen 13\font =3.75pt\relax \fontdimen 14\font
(fontspec)             =3.75pt\relax \fontdimen 15\font =3.1pt\relax
(fontspec)             \fontdimen 16\font =2.1pt\relax \fontdimen 17\font
(fontspec)             =2.1pt\relax \fontdimen 18\font =2.3pt\relax \fontdimen
(fontspec)             19\font =0.45pt\relax \fontdimen 22\font =2.6pt\relax
(fontspec)             \fontdimen 20\font =0pt\relax \fontdimen 21\font
(fontspec)             =0pt\relax 

LaTeX Font Info:    Encoding `OMS' has changed to `TU' for symbol font
(Font)              `symbols' in the math version `normal' on input line 377.
LaTeX Font Info:    Overwriting symbol font `symbols' in version `normal'
(Font)                  OMS/cmsy/m/n --> TU/LibertinusMath-Regular.otf(2)/m/n on input line 377.
LaTeX Font Info:    Encoding `OMS' has changed to `TU' for symbol font
(Font)              `symbols' in the math version `bold' on input line 377.
LaTeX Font Info:    Overwriting symbol font `symbols' in version `bold'
(Font)                  OMS/cmsy/b/n --> TU/LibertinusMath-Regular.otf(2)/b/n on input line 377.

Package fontspec Info: LibertinusMath-Regular scale = 0.9999964431797971.


Package fontspec Info: LibertinusMath-Regular scale = 0.9998964435354791.


Package fontspec Info: LibertinusMath-Regular scale = 0.9999964431797971.


Package fontspec Info: LibertinusMath-Regular scale = 0.9998964435354791.


Package fontspec Info: LibertinusMath-Regular scale = 0.9999964431797971.


Package fontspec Info: LibertinusMath-Regular scale = 0.9998964435354791.


Package fontspec Info: LibertinusMath-Regular scale = 0.9999964431797971.


Package fontspec Info: LibertinusMath-Regular scale = 0.9998964435354791.


Package fontspec Info: Font family 'LibertinusMath-Regular.otf(3)' created for
(fontspec)             font 'LibertinusMath-Regular.otf' with options
(fontspec)             [Scale=MatchLowercase,BoldItalicFont={},ItalicFont={},SmallCapsFont={},Script=Math,SizeFeatures={{Size=9-},{Size=7-9,Font=LibertinusMath-Regular.otf,Style=MathScript},{Size=-7,Font=LibertinusMath-Regular.otf,Style=MathScriptScript}},ScaleAgain=0.9999,FontAdjustment={\fontdimen
(fontspec)             8\font =0.65pt\relax \fontdimen 9\font =1.5pt\relax
(fontspec)             \fontdimen 10\font =1.5pt\relax \fontdimen 11\font
(fontspec)             =2.5pt\relax \fontdimen 12\font =6.2pt\relax \fontdimen
(fontspec)             13\font =0pt\relax }].
(fontspec)              
(fontspec)              This font family consists of the following NFSS
(fontspec)             series/shapes:
(fontspec)              
(fontspec)             - 'normal' (m/n) with NFSS spec.:
(fontspec)             <9->s*[0.9998964435354791]"[LibertinusMath-Regular.otf]/OT:script=math;language=dflt;"<7-9>s*[0.9998964435354791]"[LibertinusMath-Regular.otf]/OT:script=math;language=dflt;+ssty=0;"<-7>s*[0.9998964435354791]"[LibertinusMath-Regular.otf]/OT:script=math;language=dflt;+ssty=1;"
(fontspec)             - 'small caps'  (m/sc) with NFSS spec.: 
(fontspec)             and font adjustment code:
(fontspec)             \fontdimen 8\font =0.65pt\relax \fontdimen 9\font
(fontspec)             =1.5pt\relax \fontdimen 10\font =1.5pt\relax \fontdimen
(fontspec)             11\font =2.5pt\relax \fontdimen 12\font =6.2pt\relax
(fontspec)             \fontdimen 13\font =0pt\relax 

LaTeX Font Info:    Encoding `OMX' has changed to `TU' for symbol font
(Font)              `largesymbols' in the math version `normal' on input line 377.
LaTeX Font Info:    Overwriting symbol font `largesymbols' in version `normal'
(Font)                  OMX/cmex/m/n --> TU/LibertinusMath-Regular.otf(3)/m/n on input line 377.
LaTeX Font Info:    Encoding `OMX' has changed to `TU' for symbol font
(Font)              `largesymbols' in the math version `bold' on input line 377.
LaTeX Font Info:    Overwriting symbol font `largesymbols' in version `bold'
(Font)                  OMX/cmex/m/n --> TU/LibertinusMath-Regular.otf(3)/b/n on input line 377.
LaTeX Font Info:    Redeclaring math version `bold' on input line 379.

Package fontspec Info: LibertinusMath-Regular scale = 0.9999964431797971.


Package fontspec Info: LibertinusMath-Regular scale = 0.9999964431797971.


Package fontspec Info: Font family 'LibertinusMath-Regular.otf(4)' created for
(fontspec)             font 'LibertinusMath-Regular.otf' with options
(fontspec)             [Scale=MatchLowercase,BoldItalicFont={},ItalicFont={},SmallCapsFont={},Script=Math,RawFeature={embolden=3}].
(fontspec)              
(fontspec)              This font family consists of the following NFSS
(fontspec)             series/shapes:
(fontspec)              
(fontspec)             - 'normal' (m/n) with NFSS spec.:
(fontspec)             <->s*[0.9999964431797971]"[LibertinusMath-Regular.otf]/OT:script=math;language=dflt;embolden=3;"
(fontspec)             - 'small caps'  (m/sc) with NFSS spec.: 

LaTeX Font Info:    Font shape `TU/LibertinusMath-Regular.otf(4)/m/n' will be
(Font)              scaled to size 10.0pt on input line 379.
Requested font "[LibertinusMath-Regular.otf]/OT:script=math;language=dflt;embolden=3;" at 10.0pt
 -> /Users/joseph/Library/TinyTeX/texmf-dist/fonts/opentype/public/libertinus-fonts/LibertinusMath-Regular.otf

Package fontspec Info: LibertinusMath-Regular scale = 0.9999964431797971.


Package fontspec Info: LibertinusMath-Regular scale = 0.9999964431797971.


Package fontspec Info: LibertinusMath-Regular scale = 0.9999964431797971.


Package fontspec Info: LibertinusMath-Regular scale = 0.9999964431797971.


Package fontspec Info: Font family 'LibertinusMath-Regular.otf(5)' created for
(fontspec)             font 'LibertinusMath-Regular.otf' with options
(fontspec)             [Scale=MatchLowercase,BoldItalicFont={},ItalicFont={},SmallCapsFont={},Script=Math,SizeFeatures={{Size=9-},{Size=7-9,Font=LibertinusMath-Regular.otf,Style=MathScript},{Size=-7,Font=LibertinusMath-Regular.otf,Style=MathScriptScript}},RawFeature={embolden=3}].
(fontspec)              
(fontspec)              This font family consists of the following NFSS
(fontspec)             series/shapes:
(fontspec)              
(fontspec)             - 'normal' (m/n) with NFSS spec.:
(fontspec)             <9->s*[0.9999964431797971]"[LibertinusMath-Regular.otf]/OT:script=math;language=dflt;embolden=3;"<7-9>s*[0.9999964431797971]"[LibertinusMath-Regular.otf]/OT:script=math;language=dflt;embolden=3;+ssty=0;"<-7>s*[0.9999964431797971]"[LibertinusMath-Regular.otf]/OT:script=math;language=dflt;embolden=3;+ssty=1;"
(fontspec)             - 'small caps'  (m/sc) with NFSS spec.: 

LaTeX Font Info:    Font shape `TU/LibertinusMath-Regular.otf(5)/m/n' will be
(Font)              scaled to size 10.0pt on input line 379.
LaTeX Font Info:    Encoding `OT1' has changed to `TU' for symbol font
(Font)              `operators' in the math version `bold' on input line 379.
LaTeX Font Info:    Overwriting symbol font `operators' in version `bold'
(Font)                  OT1/cmr/m/n --> TU/LibertinusMath-Regular.otf(5)/m/n on input line 379.

Package fontspec Info: LibertinusMath-Regular scale = 0.9999964431797971.


Package fontspec Info: LibertinusMath-Regular scale = 1.000096442824115.


Package fontspec Info: LibertinusMath-Regular scale = 0.9999964431797971.


Package fontspec Info: LibertinusMath-Regular scale = 1.000096442824115.


Package fontspec Info: LibertinusMath-Regular scale = 0.9999964431797971.


Package fontspec Info: LibertinusMath-Regular scale = 1.000096442824115.


Package fontspec Info: LibertinusMath-Regular scale = 0.9999964431797971.


Package fontspec Info: LibertinusMath-Regular scale = 1.000096442824115.


Package fontspec Info: Font family 'LibertinusMath-Regular.otf(6)' created for
(fontspec)             font 'LibertinusMath-Regular.otf' with options
(fontspec)             [Scale=MatchLowercase,BoldItalicFont={},ItalicFont={},SmallCapsFont={},Script=Math,SizeFeatures={{Size=9-},{Size=7-9,Font=LibertinusMath-Regular.otf,Style=MathScript},{Size=-7,Font=LibertinusMath-Regular.otf,Style=MathScriptScript}},RawFeature={embolden=3},ScaleAgain=1.0001,FontAdjustment={\fontdimen
(fontspec)             8\font =5.8pt\relax \fontdimen 9\font =4.8pt\relax
(fontspec)             \fontdimen 10\font =4.7pt\relax \fontdimen 11\font
(fontspec)             =7.0pt\relax \fontdimen 12\font =4.8pt\relax \fontdimen
(fontspec)             13\font =3.75pt\relax \fontdimen 14\font =3.75pt\relax
(fontspec)             \fontdimen 15\font =3.1pt\relax \fontdimen 16\font
(fontspec)             =2.1pt\relax \fontdimen 17\font =2.1pt\relax \fontdimen
(fontspec)             18\font =2.3pt\relax \fontdimen 19\font =0.45pt\relax
(fontspec)             \fontdimen 22\font =2.6pt\relax \fontdimen 20\font
(fontspec)             =0pt\relax \fontdimen 21\font =0pt\relax }].
(fontspec)              
(fontspec)              This font family consists of the following NFSS
(fontspec)             series/shapes:
(fontspec)              
(fontspec)             - 'normal' (m/n) with NFSS spec.:
(fontspec)             <9->s*[1.000096442824115]"[LibertinusMath-Regular.otf]/OT:script=math;language=dflt;embolden=3;"<7-9>s*[1.000096442824115]"[LibertinusMath-Regular.otf]/OT:script=math;language=dflt;embolden=3;+ssty=0;"<-7>s*[1.000096442824115]"[LibertinusMath-Regular.otf]/OT:script=math;language=dflt;embolden=3;+ssty=1;"
(fontspec)             - 'small caps'  (m/sc) with NFSS spec.: 
(fontspec)             and font adjustment code:
(fontspec)             \fontdimen 8\font =5.8pt\relax \fontdimen 9\font
(fontspec)             =4.8pt\relax \fontdimen 10\font =4.7pt\relax \fontdimen
(fontspec)             11\font =7.0pt\relax \fontdimen 12\font =4.8pt\relax
(fontspec)             \fontdimen 13\font =3.75pt\relax \fontdimen 14\font
(fontspec)             =3.75pt\relax \fontdimen 15\font =3.1pt\relax
(fontspec)             \fontdimen 16\font =2.1pt\relax \fontdimen 17\font
(fontspec)             =2.1pt\relax \fontdimen 18\font =2.3pt\relax \fontdimen
(fontspec)             19\font =0.45pt\relax \fontdimen 22\font =2.6pt\relax
(fontspec)             \fontdimen 20\font =0pt\relax \fontdimen 21\font
(fontspec)             =0pt\relax 

LaTeX Font Info:    Encoding `OMS' has changed to `TU' for symbol font
(Font)              `symbols' in the math version `bold' on input line 379.
LaTeX Font Info:    Overwriting symbol font `symbols' in version `bold'
(Font)                  OMS/cmsy/m/n --> TU/LibertinusMath-Regular.otf(6)/m/n on input line 379.

Package fontspec Info: LibertinusMath-Regular scale = 0.9999964431797971.


Package fontspec Info: LibertinusMath-Regular scale = 0.9998964435354791.


Package fontspec Info: LibertinusMath-Regular scale = 0.9999964431797971.


Package fontspec Info: LibertinusMath-Regular scale = 0.9998964435354791.


Package fontspec Info: LibertinusMath-Regular scale = 0.9999964431797971.


Package fontspec Info: LibertinusMath-Regular scale = 0.9998964435354791.


Package fontspec Info: LibertinusMath-Regular scale = 0.9999964431797971.


Package fontspec Info: LibertinusMath-Regular scale = 0.9998964435354791.


Package fontspec Info: Font family 'LibertinusMath-Regular.otf(7)' created for
(fontspec)             font 'LibertinusMath-Regular.otf' with options
(fontspec)             [Scale=MatchLowercase,BoldItalicFont={},ItalicFont={},SmallCapsFont={},Script=Math,SizeFeatures={{Size=9-},{Size=7-9,Font=LibertinusMath-Regular.otf,Style=MathScript},{Size=-7,Font=LibertinusMath-Regular.otf,Style=MathScriptScript}},RawFeature={embolden=3},ScaleAgain=0.9999,FontAdjustment={\fontdimen
(fontspec)             8\font =0.65pt\relax \fontdimen 9\font =1.5pt\relax
(fontspec)             \fontdimen 10\font =1.5pt\relax \fontdimen 11\font
(fontspec)             =2.5pt\relax \fontdimen 12\font =6.2pt\relax \fontdimen
(fontspec)             13\font =0pt\relax }].
(fontspec)              
(fontspec)              This font family consists of the following NFSS
(fontspec)             series/shapes:
(fontspec)              
(fontspec)             - 'normal' (m/n) with NFSS spec.:
(fontspec)             <9->s*[0.9998964435354791]"[LibertinusMath-Regular.otf]/OT:script=math;language=dflt;embolden=3;"<7-9>s*[0.9998964435354791]"[LibertinusMath-Regular.otf]/OT:script=math;language=dflt;embolden=3;+ssty=0;"<-7>s*[0.9998964435354791]"[LibertinusMath-Regular.otf]/OT:script=math;language=dflt;embolden=3;+ssty=1;"
(fontspec)             - 'small caps'  (m/sc) with NFSS spec.: 
(fontspec)             and font adjustment code:
(fontspec)             \fontdimen 8\font =0.65pt\relax \fontdimen 9\font
(fontspec)             =1.5pt\relax \fontdimen 10\font =1.5pt\relax \fontdimen
(fontspec)             11\font =2.5pt\relax \fontdimen 12\font =6.2pt\relax
(fontspec)             \fontdimen 13\font =0pt\relax 

LaTeX Font Info:    Encoding `OMX' has changed to `TU' for symbol font
(Font)              `largesymbols' in the math version `bold' on input line 379.
LaTeX Font Info:    Overwriting symbol font `largesymbols' in version `bold'
(Font)                  OMX/cmex/m/n --> TU/LibertinusMath-Regular.otf(7)/m/n on input line 379.
Requested font "[LinBiolinum_K.otf]" scaled 1000
 -> /Users/joseph/Library/TinyTeX/texmf-dist/fonts/opentype/public/libertine/LinBiolinum_K.otf
Requested font "[LibertinusKeyboard-Regular.otf]" scaled 1000
 -> /Users/joseph/Library/TinyTeX/texmf-dist/fonts/opentype/public/libertinus-fonts/LibertinusKeyboard-Regular.otf
Requested font "[LibertinusSerifDisplay-Regular.otf]/OT" at 9.99997pt
 -> /Users/joseph/Library/TinyTeX/texmf-dist/fonts/opentype/public/libertinus-fonts/LibertinusSerifDisplay-Regular.otf
Requested font "[LibertinusSerifDisplay-Regular.otf]/OT" at 10.00003pt
 -> /Users/joseph/Library/TinyTeX/texmf-dist/fonts/opentype/public/libertinus-fonts/LibertinusSerifDisplay-Regular.otf

Package fontspec Info: LibertinusSerifDisplay-Regular scale =
(fontspec)             1.048895139958887.

Requested font "[LibertinusSerifDisplay-Regular.otf]/OT:script=latn;language=dflt;" at 10.00003pt
 -> /Users/joseph/Library/TinyTeX/texmf-dist/fonts/opentype/public/libertinus-fonts/LibertinusSerifDisplay-Regular.otf

Package fontspec Info: LibertinusSerifDisplay-Regular scale =
(fontspec)             1.048895139958887.


Package fontspec Info: Font family 'LibertinusSerifDisplay-Regular.otf(0)'
(fontspec)             created for font 'LibertinusSerifDisplay-Regular.otf'
(fontspec)             with options [Scale=MatchLowercase].
(fontspec)              
(fontspec)              This font family consists of the following NFSS
(fontspec)             series/shapes:
(fontspec)              
(fontspec)             - 'normal' (m/n) with NFSS spec.:
(fontspec)             <->s*[1.048895139958887]"[LibertinusSerifDisplay-Regular.otf]/OT:script=latn;language=dflt;"
(fontspec)             - 'small caps'  (m/sc) with NFSS spec.: 

Requested font "[LibertinusSerifInitials-Regular.otf]/OT" at 9.99997pt
 -> /Users/joseph/Library/TinyTeX/texmf-dist/fonts/opentype/public/libertinus-fonts/LibertinusSerifInitials-Regular.otf
Requested font "[LibertinusSerifInitials-Regular.otf]/OT" at 10.00003pt
 -> /Users/joseph/Library/TinyTeX/texmf-dist/fonts/opentype/public/libertinus-fonts/LibertinusSerifInitials-Regular.otf

Package fontspec Info: LibertinusSerifInitials-Regular scale =
(fontspec)             0.8579960388304479.

Requested font "[LibertinusSerifInitials-Regular.otf]/OT:language=dflt;" at 10.00003pt
 -> /Users/joseph/Library/TinyTeX/texmf-dist/fonts/opentype/public/libertinus-fonts/LibertinusSerifInitials-Regular.otf

Package fontspec Info: LibertinusSerifInitials-Regular scale =
(fontspec)             0.8579960388304479.


Package fontspec Info: Font family 'LibertinusSerifInitials-Regular.otf(0)'
(fontspec)             created for font 'LibertinusSerifInitials-Regular.otf'
(fontspec)             with options [Scale=MatchLowercase].
(fontspec)              
(fontspec)              This font family consists of the following NFSS
(fontspec)             series/shapes:
(fontspec)              
(fontspec)             - 'normal' (m/n) with NFSS spec.:
(fontspec)             <->s*[0.8579960388304479]"[LibertinusSerifInitials-Regular.otf]/OT:language=dflt;"
(fontspec)             - 'small caps'  (m/sc) with NFSS spec.: 

)) (/Users/joseph/Library/TinyTeX/texmf-dist/tex/latex/upquote/upquote.sty
Package: upquote 2012/04/19 v1.3 upright-quote and grave-accent glyphs in verbatim
) (/Users/joseph/Library/TinyTeX/texmf-dist/tex/latex/microtype/microtype.sty
Package: microtype 2024/03/29 v3.1b Micro-typographical refinements (RS)
(/Users/joseph/Library/TinyTeX/texmf-dist/tex/latex/etoolbox/etoolbox.sty
Package: etoolbox 2020/10/05 v2.5k e-TeX tools for LaTeX (JAW)
\etb@tempcnta=\count289
)
\MT@toks=\toks24
\MT@tempbox=\box54
\MT@count=\count290
LaTeX Info: Redefining \noprotrusionifhmode on input line 1061.
LaTeX Info: Redefining \leftprotrusion on input line 1062.
\MT@prot@toks=\toks25
LaTeX Info: Redefining \rightprotrusion on input line 1081.
LaTeX Info: Redefining \textls on input line 1392.
\MT@outer@kern=\dimen153
LaTeX Info: Redefining \textmicrotypecontext on input line 2013.
\MT@listname@count=\count291
(/Users/joseph/Library/TinyTeX/texmf-dist/tex/latex/microtype/microtype-xetex.def
File: microtype-xetex.def 2024/03/29 v3.1b Definitions specific to xetex (RS)
LaTeX Info: Redefining \lsstyle on input line 238.
)
Package microtype Info: Loading configuration file microtype.cfg.
(/Users/joseph/Library/TinyTeX/texmf-dist/tex/latex/microtype/microtype.cfg
File: microtype.cfg 2024/03/29 v3.1b microtype main configuration file (RS)
)) (/Users/joseph/Library/TinyTeX/texmf-dist/tex/latex/parskip/parskip.sty
Package: parskip 2021-03-14 v2.0h non-zero parskip adjustments
(/Users/joseph/Library/TinyTeX/texmf-dist/tex/latex/kvoptions/kvoptions.sty
Package: kvoptions 2022-06-15 v3.15 Key value format for package options (HO)
(/Users/joseph/Library/TinyTeX/texmf-dist/tex/generic/ltxcmds/ltxcmds.sty
Package: ltxcmds 2023-12-04 v1.26 LaTeX kernel commands for general use (HO)
) (/Users/joseph/Library/TinyTeX/texmf-dist/tex/latex/kvsetkeys/kvsetkeys.sty
Package: kvsetkeys 2022-10-05 v1.19 Key value parser (HO)
))) (/Users/joseph/Library/TinyTeX/texmf-dist/tex/latex/xcolor/xcolor.sty
Package: xcolor 2023/11/15 v3.01 LaTeX color extensions (UK)
(/Users/joseph/Library/TinyTeX/texmf-dist/tex/latex/graphics-cfg/color.cfg
File: color.cfg 2016/01/02 v1.6 sample color configuration
)
Package xcolor Info: Driver file: xetex.def on input line 274.
(/Users/joseph/Library/TinyTeX/texmf-dist/tex/latex/graphics-def/xetex.def
File: xetex.def 2022/09/22 v5.0n Graphics/color driver for xetex
) (/Users/joseph/Library/TinyTeX/texmf-dist/tex/latex/graphics/mathcolor.ltx)
Package xcolor Info: Model `cmy' substituted by `cmy0' on input line 1350.
Package xcolor Info: Model `RGB' extended on input line 1366.
Package xcolor Info: Model `HTML' substituted by `rgb' on input line 1368.
Package xcolor Info: Model `Hsb' substituted by `hsb' on input line 1369.
Package xcolor Info: Model `tHsb' substituted by `hsb' on input line 1370.
Package xcolor Info: Model `HSB' substituted by `hsb' on input line 1371.
Package xcolor Info: Model `Gray' substituted by `gray' on input line 1372.
Package xcolor Info: Model `wave' substituted by `hsb' on input line 1373.
) (/Users/joseph/Library/TinyTeX/texmf-dist/tex/latex/graphics/dvipsnam.def
File: dvipsnam.def 2016/06/17 v3.0m Driver-dependent file (DPC,SPQR)
) (/Users/joseph/Library/TinyTeX/texmf-dist/tex/latex/xcolor/svgnam.def
File: svgnam.def 2023/11/15 v3.01 Predefined colors according to SVG 1.1 (UK)
) (/Users/joseph/Library/TinyTeX/texmf-dist/tex/latex/xcolor/x11nam.def
File: x11nam.def 2023/11/15 v3.01 Predefined colors according to Unix/X11 (UK)
) (/Users/joseph/Library/TinyTeX/texmf-dist/tex/latex/geometry/geometry.sty
Package: geometry 2020/01/02 v5.9 Page Geometry
(/Users/joseph/Library/TinyTeX/texmf-dist/tex/generic/iftex/ifvtex.sty
Package: ifvtex 2019/10/25 v1.7 ifvtex legacy package. Use iftex instead.
)
\Gm@cnth=\count292
\Gm@cntv=\count293
\c@Gm@tempcnt=\count294
\Gm@bindingoffset=\dimen154
\Gm@wd@mp=\dimen155
\Gm@odd@mp=\dimen156
\Gm@even@mp=\dimen157
\Gm@layoutwidth=\dimen158
\Gm@layoutheight=\dimen159
\Gm@layouthoffset=\dimen160
\Gm@layoutvoffset=\dimen161
\Gm@dimlist=\toks26
) (/Users/joseph/Library/TinyTeX/texmf-dist/tex/latex/fancyvrb/fancyvrb.sty
Package: fancyvrb 2024/01/20 4.5c verbatim text (tvz,hv)
\FV@CodeLineNo=\count295
\FV@InFile=\read2
\FV@TabBox=\box55
\c@FancyVerbLine=\count296
\FV@StepNumber=\count297
\FV@OutFile=\write3
) (/Users/joseph/Library/TinyTeX/texmf-dist/tex/latex/framed/framed.sty
Package: framed 2011/10/22 v 0.96: framed or shaded text with page breaks
\OuterFrameSep=\skip53
\fb@frw=\dimen162
\fb@frh=\dimen163
\FrameRule=\dimen164
\FrameSep=\dimen165
) (/Users/joseph/Library/TinyTeX/texmf-dist/tex/latex/tools/longtable.sty
Package: longtable 2023-11-01 v4.19 Multi-page Table package (DPC)
\LTleft=\skip54
\LTright=\skip55
\LTpre=\skip56
\LTpost=\skip57
\LTchunksize=\count298
\LTcapwidth=\dimen166
\LT@head=\box56
\LT@firsthead=\box57
\LT@foot=\box58
\LT@lastfoot=\box59
\LT@gbox=\box60
\LT@cols=\count299
\LT@rows=\count300
\c@LT@tables=\count301
\c@LT@chunks=\count302
\LT@p@ftn=\toks27
) (/Users/joseph/Library/TinyTeX/texmf-dist/tex/latex/booktabs/booktabs.sty
Package: booktabs 2020/01/12 v1.61803398 Publication quality tables
\heavyrulewidth=\dimen167
\lightrulewidth=\dimen168
\cmidrulewidth=\dimen169
\belowrulesep=\dimen170
\belowbottomsep=\dimen171
\aboverulesep=\dimen172
\abovetopsep=\dimen173
\cmidrulesep=\dimen174
\cmidrulekern=\dimen175
\defaultaddspace=\dimen176
\@cmidla=\count303
\@cmidlb=\count304
\@aboverulesep=\dimen177
\@belowrulesep=\dimen178
\@thisruleclass=\count305
\@lastruleclass=\count306
\@thisrulewidth=\dimen179
) (/Users/joseph/Library/TinyTeX/texmf-dist/tex/latex/tools/array.sty
Package: array 2023/10/16 v2.5g Tabular extension package (FMi)
\col@sep=\dimen180
\ar@mcellbox=\box61
\extrarowheight=\dimen181
\NC@list=\toks28
\extratabsurround=\skip58
\backup@length=\skip59
\ar@cellbox=\box62
) (/Users/joseph/Library/TinyTeX/texmf-dist/tex/latex/tools/calc.sty
Package: calc 2023/07/08 v4.3 Infix arithmetic (KKT,FJ)
\calc@Acount=\count307
\calc@Bcount=\count308
\calc@Adimen=\dimen182
\calc@Bdimen=\dimen183
\calc@Askip=\skip60
\calc@Bskip=\skip61
LaTeX Info: Redefining \setlength on input line 80.
LaTeX Info: Redefining \addtolength on input line 81.
\calc@Ccount=\count309
\calc@Cskip=\skip62
) (/Users/joseph/Library/TinyTeX/texmf-dist/tex/latex/mdwtools/footnote.sty
Package: footnote 1997/01/28 1.13 Save footnotes around boxes
\fn@notes=\box63
\fn@width=\dimen184
) (/Users/joseph/Library/TinyTeX/texmf-dist/tex/latex/graphics/graphicx.sty
Package: graphicx 2021/09/16 v1.2d Enhanced LaTeX Graphics (DPC,SPQR)
(/Users/joseph/Library/TinyTeX/texmf-dist/tex/latex/graphics/graphics.sty
Package: graphics 2022/03/10 v1.4e Standard LaTeX Graphics (DPC,SPQR)
(/Users/joseph/Library/TinyTeX/texmf-dist/tex/latex/graphics/trig.sty
Package: trig 2021/08/11 v1.11 sin cos tan (DPC)
) (/Users/joseph/Library/TinyTeX/texmf-dist/tex/latex/graphics-cfg/graphics.cfg
File: graphics.cfg 2016/06/04 v1.11 sample graphics configuration
)
Package graphics Info: Driver file: xetex.def on input line 107.
)
\Gin@req@height=\dimen185
\Gin@req@width=\dimen186
)
\cslhangindent=\skip63
\csllabelwidth=\skip64

! LaTeX Error: File `/Users/joseph/GIT/templates/latex/custom-commands.tex' not found.

Type X to quit or <RETURN> to proceed,
or enter new name. (Default extension: tex)

Enter file name: 
! Emergency stop.
<read *> 
         
l.167 .../GIT/templates/latex/custom-commands.tex}
                                                  ^^M 
Here is how much of TeX's memory you used:
 13748 strings out of 476698
 279301 string characters out of 5799544
 1918145 words of memory out of 5000000
 35638 multiletter control sequences out of 15000+600000
 558610 words of font info for 68 fonts, out of 8000000 for 9000
 36 hyphenation exceptions out of 8191
 90i,0n,152p,529b,301s stack positions out of 10000i,1000n,20000p,200000b,200000s

No pages of output.
