This is LuaHBTeX, Version 1.18.0 (TeX Live 2024)  (format=lualatex 2024.12.5)  9 DEC 2024 00:31
 restricted system commands enabled.
**24-jk-growth-trust-science-T15.tex
(./24-jk-growth-trust-science-T15.tex
LaTeX2e <2024-11-01> patch level 1
L3 programming layer <2024-11-02>
Lua module: luaotfload 2024-02-14 v3.28 Lua based OpenType font support
Lua module: lualibs 2023-07-13 v2.76 ConTeXt Lua standard libraries.
Lua module: lualibs-extended 2023-07-13 v2.76 ConTeXt Lua libraries -- extended collection.
luaotfload | conf : Root cache directory is "/Users/joseph/Library/TinyTeX/texmf-var/luatex-cache/generic/names".
luaotfload | init : Loading fontloader "fontloader-2023-12-28.lua" from kpse-resolved path "/Users/joseph/Library/TinyTeX/texmf-dist/tex/luatex/luaotfload/fontloader-2023-12-28.lua".
Lua-only attribute luaotfload@noligature = 1
luaotfload | init : Context OpenType loader version 3.134
Inserting `luaotfload.node_processor' in `pre_linebreak_filter'.
Inserting `luaotfload.node_processor' in `hpack_filter'.
Inserting `luaotfload.glyph_stream' in `glyph_stream_provider'.
Inserting `luaotfload.define_font' in `define_font'.
Lua-only attribute luaotfload_color_attribute = 2
luaotfload | conf : Root cache directory is "/Users/joseph/Library/TinyTeX/texmf-var/luatex-cache/generic/names".
Inserting `luaotfload.harf.strip_prefix' in `find_opentype_file'.
Inserting `luaotfload.harf.strip_prefix' in `find_truetype_file'.
Removing  `luaotfload.glyph_stream' from `glyph_stream_provider'.
Inserting `luaotfload.harf.glyphstream' in `glyph_stream_provider'.
Inserting `luaotfload.harf.finalize_vlist' in `post_linebreak_filter'.
Inserting `luaotfload.harf.finalize_hlist' in `hpack_filter'.
Inserting `luaotfload.cleanup_files' in `wrapup_run'.
Inserting `luaotfload.harf.finalize_unicode' in `finish_pdffile'.
Inserting `luaotfload.glyphinfo' in `glyph_info'.
Lua-only attribute luaotfload.letterspace_done = 3
Inserting `luaotfload.aux.set_sscale_dimens' in `luaotfload.patch_font'.
Inserting `luaotfload.aux.set_font_index' in `luaotfload.patch_font'.
Inserting `luaotfload.aux.patch_cambria_domh' in `luaotfload.patch_font'.
Inserting `luaotfload.aux.fixup_fontdata' in `luaotfload.patch_font_unsafe'.
Inserting `luaotfload.aux.set_capheight' in `luaotfload.patch_font'.
Inserting `luaotfload.aux.set_xheight' in `luaotfload.patch_font'.
Inserting `luaotfload.rewrite_fontname' in `luaotfload.patch_font'.
Inserting `tracingstacklevels' in `input_level_string'. (/Users/joseph/Library/TinyTeX/texmf-dist/tex/latex/base/article.cls
Document Class: article 2024/06/29 v1.4n Standard LaTeX document class
(/Users/joseph/Library/TinyTeX/texmf-dist/tex/latex/base/size10.clo
File: size10.clo 2024/06/29 v1.4n Standard LaTeX file (size option)
luaotfload | db : Font names database loaded from /Users/joseph/Library/TinyTeX/texmf-var/luatex-cache/generic/names/luaotfload-names.luc.gz)
\c@part=\count194
\c@section=\count195
\c@subsection=\count196
\c@subsubsection=\count197
\c@paragraph=\count198
\c@subparagraph=\count199
\c@figure=\count266
\c@table=\count267
\abovecaptionskip=\skip49
\belowcaptionskip=\skip50
\bibindent=\dimen140
) (/Users/joseph/Library/TinyTeX/texmf-dist/tex/latex/amsmath/amsmath.sty
Package: amsmath 2024/11/05 v2.17t AMS math features
\@mathmargin=\skip51
For additional information on amsmath, use the `?' option.
(/Users/joseph/Library/TinyTeX/texmf-dist/tex/latex/amsmath/amstext.sty
Package: amstext 2021/08/26 v2.01 AMS text
(/Users/joseph/Library/TinyTeX/texmf-dist/tex/latex/amsmath/amsgen.sty
File: amsgen.sty 1999/11/30 v2.0 generic functions
\@emptytoks=\toks17
\ex@=\dimen141
)) (/Users/joseph/Library/TinyTeX/texmf-dist/tex/latex/amsmath/amsbsy.sty
Package: amsbsy 1999/11/29 v1.2d Bold Symbols
\pmbraise@=\dimen142
) (/Users/joseph/Library/TinyTeX/texmf-dist/tex/latex/amsmath/amsopn.sty
Package: amsopn 2022/04/08 v2.04 operator names
)
\inf@bad=\count268
LaTeX Info: Redefining \frac on input line 235.
\uproot@=\count269
\leftroot@=\count270
LaTeX Info: Redefining \overline on input line 398.
LaTeX Info: Redefining \colon on input line 409.
\classnum@=\count271
\DOTSCASE@=\count272
LaTeX Info: Redefining \ldots on input line 495.
LaTeX Info: Redefining \dots on input line 498.
LaTeX Info: Redefining \cdots on input line 619.
\Mathstrutbox@=\box52
\strutbox@=\box53
LaTeX Info: Redefining \big on input line 721.
LaTeX Info: Redefining \Big on input line 722.
LaTeX Info: Redefining \bigg on input line 723.
LaTeX Info: Redefining \Bigg on input line 724.
\big@size=\dimen143
LaTeX Font Info:    Redeclaring font encoding OML on input line 742.
LaTeX Font Info:    Redeclaring font encoding OMS on input line 743.
\macc@depth=\count273
LaTeX Info: Redefining \bmod on input line 904.
LaTeX Info: Redefining \pmod on input line 909.
LaTeX Info: Redefining \smash on input line 939.
LaTeX Info: Redefining \relbar on input line 969.
LaTeX Info: Redefining \Relbar on input line 970.
\c@MaxMatrixCols=\count274
\dotsspace@=\muskip17
\c@parentequation=\count275
\dspbrk@lvl=\count276
\tag@help=\toks18
\row@=\count277
\column@=\count278
\maxfields@=\count279
\andhelp@=\toks19
\eqnshift@=\dimen144
\alignsep@=\dimen145
\tagshift@=\dimen146
\tagwidth@=\dimen147
\totwidth@=\dimen148
\lineht@=\dimen149
\@envbody=\toks20
\multlinegap=\skip52
\multlinetaggap=\skip53
\mathdisplay@stack=\toks21
LaTeX Info: Redefining \[ on input line 2953.
LaTeX Info: Redefining \] on input line 2954.
) (/Users/joseph/Library/TinyTeX/texmf-dist/tex/latex/amsfonts/amssymb.sty
Package: amssymb 2013/01/14 v3.01 AMS font symbols
(/Users/joseph/Library/TinyTeX/texmf-dist/tex/latex/amsfonts/amsfonts.sty
Package: amsfonts 2013/01/14 v3.01 Basic AMSFonts support
\symAMSa=\mathgroup4
\symAMSb=\mathgroup5
LaTeX Font Info:    Redeclaring math symbol \hbar on input line 98.
LaTeX Font Info:    Overwriting math alphabet `\mathfrak' in version `bold'
(Font)                  U/euf/m/n --> U/euf/b/n on input line 106.
)) (/Users/joseph/Library/TinyTeX/texmf-dist/tex/generic/iftex/iftex.sty
Package: iftex 2022/02/03 v1.0f TeX engine tests
) (/Users/joseph/Library/TinyTeX/texmf-dist/tex/latex/unicode-math/unicode-math.sty (/Users/joseph/Library/TinyTeX/texmf-dist/tex/latex/l3kernel/expl3.sty
Package: expl3 2024-11-02 L3 programming layer (loader) 
(/Users/joseph/Library/TinyTeX/texmf-dist/tex/latex/l3backend/l3backend-luatex.def
File: l3backend-luatex.def 2024-05-08 L3 backend support: PDF output (LuaTeX)
\l__color_backend_stack_int=\count280
Inserting `l3color' in `luaotfload.parse_color'.
\l__pdf_internal_box=\box54
))
Package: unicode-math 2023/08/13 v0.8r Unicode maths in XeLaTeX and LuaLaTeX
(/Users/joseph/Library/TinyTeX/texmf-dist/tex/latex/unicode-math/unicode-math-luatex.sty
Package: unicode-math-luatex 2023/08/13 v0.8r Unicode maths in XeLaTeX and LuaLaTeX
(/Users/joseph/Library/TinyTeX/texmf-dist/tex/latex/l3packages/xparse/xparse.sty
Package: xparse 2024-08-16 L3 Experimental document command parser
) (/Users/joseph/Library/TinyTeX/texmf-dist/tex/latex/l3packages/l3keys2e/l3keys2e.sty
Package: l3keys2e 2024-08-16 LaTeX2e option processing using LaTeX3 keys
) (/Users/joseph/Library/TinyTeX/texmf-dist/tex/latex/fontspec/fontspec.sty
Package: fontspec 2024/05/11 v2.9e Font selection for XeLaTeX and LuaLaTeX
Lua module: fontspec 2024/05/11 v2.9e Font selection for XeLaTeX and LuaLaTeX (/Users/joseph/Library/TinyTeX/texmf-dist/tex/latex/fontspec/fontspec-luatex.sty
Package: fontspec-luatex 2024/05/11 v2.9e Font selection for XeLaTeX and LuaLaTeX
\l__fontspec_script_int=\count281
\l__fontspec_language_int=\count282
\l__fontspec_strnum_int=\count283
\l__fontspec_tmp_int=\count284
\l__fontspec_tmpa_int=\count285
\l__fontspec_tmpb_int=\count286
\l__fontspec_tmpc_int=\count287
\l__fontspec_em_int=\count288
\l__fontspec_emdef_int=\count289
\l__fontspec_strong_int=\count290
\l__fontspec_strongdef_int=\count291
\l__fontspec_tmpa_dim=\dimen150
\l__fontspec_tmpb_dim=\dimen151
\l__fontspec_tmpc_dim=\dimen152
(/Users/joseph/Library/TinyTeX/texmf-dist/tex/latex/base/fontenc.sty
Package: fontenc 2021/04/29 v2.0v Standard LaTeX package
) (/Users/joseph/Library/TinyTeX/texmf-dist/tex/latex/fontspec/fontspec.cfg))) (/Users/joseph/Library/TinyTeX/texmf-dist/tex/latex/base/fix-cm.sty
Package: fix-cm 2020/11/24 v1.1t fixes to LaTeX
(/Users/joseph/Library/TinyTeX/texmf-dist/tex/latex/base/ts1enc.def
File: ts1enc.def 2001/06/05 v3.0e (jk/car/fm) Standard LaTeX file
LaTeX Font Info:    Redeclaring font encoding TS1 on input line 47.
)) (/Users/joseph/Library/TinyTeX/texmf-dist/tex/lualatex/lualatex-math/lualatex-math.sty
Package: lualatex-math 2022/01/01 v1.12 Patches for mathematics typesetting with LuaLaTeX
(/Users/joseph/Library/TinyTeX/texmf-dist/tex/latex/etoolbox/etoolbox.sty
Package: etoolbox 2020/10/05 v2.5k e-TeX tools for LaTeX (JAW)
\etb@tempcnta=\count292
)
Lua module: lualatex-math 2013/08/03 v1.3 Patches for mathematics typesetting with LuaLaTeX)
\g__um_fam_int=\count293
\g__um_fonts_used_int=\count294
\l__um_primecount_int=\count295
\g__um_primekern_muskip=\muskip18
(/Users/joseph/Library/TinyTeX/texmf-dist/tex/latex/unicode-math/unicode-math-table.tex))) (/Users/joseph/Library/TinyTeX/texmf-dist/tex/latex/libertinus/libertinus.sty
Package: libertinus 2020/05/06 v. 0.02 (Herbert Voss) Supports libertinus fonts for pdflatex/lualatex/xelatex
(/Users/joseph/Library/TinyTeX/texmf-dist/tex/latex/xkeyval/xkeyval.sty
Package: xkeyval 2022/06/16 v2.9 package option processing (HA)
(/Users/joseph/Library/TinyTeX/texmf-dist/tex/generic/xkeyval/xkeyval.tex (/Users/joseph/Library/TinyTeX/texmf-dist/tex/generic/xkeyval/xkvutils.tex
\XKV@toks=\toks22
\XKV@tempa@toks=\toks23
(/Users/joseph/Library/TinyTeX/texmf-dist/tex/generic/xkeyval/keyval.tex))
\XKV@depth=\count296
File: xkeyval.tex 2014/12/03 v2.7a key=value parser (HA)
)) (/Users/joseph/Library/TinyTeX/texmf-dist/tex/latex/libertinus-otf/libertinus-otf.sty
Package: libertinus-otf 2023/09/21 v. 0.32 (Herbert Voss) Supports libertinus fonts for lualatex and xelatex.
(/Users/joseph/Library/TinyTeX/texmf-dist/tex/generic/iftex/ifxetex.sty
Package: ifxetex 2019/10/25 v0.7 ifxetex legacy package. Use iftex instead.
) (/Users/joseph/Library/TinyTeX/texmf-dist/tex/generic/iftex/ifluatex.sty
Package: ifluatex 2019/10/25 v1.5 ifluatex legacy package. Use iftex instead.
) (/Users/joseph/Library/TinyTeX/texmf-dist/tex/latex/base/textcomp.sty
Package: textcomp 2024/04/24 v2.1b Standard LaTeX package
)

Package fontspec Info: 
(fontspec)             LibertinusSerif-Regular scale = 1.004659434465588.


Package fontspec Info: 
(fontspec)             LibertinusSerif-Regular scale = 1.


Package fontspec Info: 
(fontspec)             LibertinusSerif-Regular scale = 1.004659434465588.


Package fontspec Info: 
(fontspec)             LibertinusSerif-Regular scale = 1.


Package fontspec Info: 
(fontspec)             LibertinusSerif-Regular scale = 1.004659434465588.


Package fontspec Info: 
(fontspec)             LibertinusSerif-Regular scale = 1.


Package fontspec Info: 
(fontspec)             LibertinusSerif-Bold scale = 0.995376569922332.


Package fontspec Info: 
(fontspec)             LibertinusSerif-Bold scale = 1.


Package fontspec Info: 
(fontspec)             LibertinusSerif-Bold scale = 0.995376569922332.


Package fontspec Info: 
(fontspec)             LibertinusSerif-Bold scale = 1.


Package fontspec Info: 
(fontspec)             LibertinusSerif-Italic scale = 1.004659434465588.


Package fontspec Info: 
(fontspec)             LibertinusSerif-Italic scale = 1.


Package fontspec Info: 
(fontspec)             LibertinusSerif-Italic scale = 1.004659434465588.


Package fontspec Info: 
(fontspec)             LibertinusSerif-Italic scale = 1.


Package fontspec Info: 
(fontspec)             LibertinusSerif-Regular scale = 1.004659434465588.


Package fontspec Info: 
(fontspec)             LibertinusSerif-Regular scale = 1.


Package fontspec Info: 
(fontspec)             LibertinusSerif-Regular scale = 1.004659434465588.


Package fontspec Info: 
(fontspec)             LibertinusSerif-Regular scale = 1.


Package fontspec Info: 
(fontspec)             LibertinusSerif-BoldItalic scale = 1.004659434465588.


Package fontspec Info: 
(fontspec)             LibertinusSerif-BoldItalic scale = 1.


Package fontspec Info: 
(fontspec)             LibertinusSerif-BoldItalic scale = 1.004659434465588.


Package fontspec Info: 
(fontspec)             LibertinusSerif-BoldItalic scale = 1.


Package fontspec Info: 
(fontspec)             LibertinusSerif-Bold scale = 0.995376569922332.


Package fontspec Info: 
(fontspec)             LibertinusSerif-Bold scale = 1.


Package fontspec Info: 
(fontspec)             LibertinusSerif-Bold scale = 0.995376569922332.


Package fontspec Info: 
(fontspec)             LibertinusSerif-Bold scale = 1.


Package fontspec Info: 
(fontspec)             Font family 'LibertinusSerif(0)' created for font
(fontspec)             'LibertinusSerif' with options
(fontspec)             [Scale=MatchLowercase,Ligatures =
(fontspec)             TeX,SmallCapsFeatures={Letters=SmallCaps},RawFeature={+hv-kern},RawFeature
(fontspec)             = {+tnum;+lnum},Scale = 1,UprightFont =
(fontspec)             *-Regular,ItalicFont = *-Italic,ItalicFeatures = {
(fontspec)             SmallCapsFont = *-Italic },SlantedFont =
(fontspec)             *-Regular,SlantedFeatures= {FakeSlant=0.2},BoldFont =
(fontspec)             *-Bold,BoldFeatures = { SmallCapsFont =
(fontspec)             *-Bold},BoldItalicFont =
(fontspec)             *-BoldItalic,BoldItalicFeatures = { SmallCapsFont =
(fontspec)             *-BoldItalic },BoldSlantedFont=
(fontspec)             *-Bold,BoldSlantedFeatures= {FakeSlant=0.2,
(fontspec)             SmallCapsFont = *-Bold},SmallCapsFont =
(fontspec)             *-Regular,SmallCapsFeatures={Letters=SmallCaps},Extension
(fontspec)             = .otf].
(fontspec)              
(fontspec)              This font family consists of the following NFSS
(fontspec)             series/shapes:
(fontspec)              
(fontspec)             - 'normal' (m/n) with NFSS spec.:
(fontspec)             <->s*[1]"[LibertinusSerif-Regular.otf]:mode=node;script=latn;language=dflt;+tlig;+hv-kern;+tnum;+lnum;"
(fontspec)             - 'small caps'  (m/sc) with NFSS spec.:
(fontspec)             <->s*[1]"[LibertinusSerif-Regular.otf]:mode=node;script=latn;language=dflt;+tlig;+hv-kern;+tnum;+lnum;+smcp;"
(fontspec)             - 'bold' (b/n) with NFSS spec.:
(fontspec)             <->s*[1]"[LibertinusSerif-Bold.otf]:mode=node;script=latn;language=dflt;+tlig;+hv-kern;+tnum;+lnum;"
(fontspec)             - 'bold small caps'  (b/sc) with NFSS spec.:
(fontspec)             <->s*[1]"[LibertinusSerif-Bold.otf]:mode=node;script=latn;language=dflt;+tlig;+hv-kern;+tnum;+lnum;+smcp;"
(fontspec)             - 'italic' (m/it) with NFSS spec.:
(fontspec)             <->s*[1]"[LibertinusSerif-Italic.otf]:mode=node;script=latn;language=dflt;+tlig;+hv-kern;+tnum;+lnum;"
(fontspec)             - 'italic small caps'  (m/scit) with NFSS spec.:
(fontspec)             <->s*[1]"[LibertinusSerif-Italic.otf]:mode=node;script=latn;language=dflt;+tlig;+hv-kern;+tnum;+lnum;+smcp;"
(fontspec)             - 'slanted' (m/sl) with NFSS spec.:
(fontspec)             <->s*[1]"[LibertinusSerif-Regular.otf]:mode=node;script=latn;language=dflt;slant=0.2;+tlig;+hv-kern;+tnum;+lnum;"
(fontspec)             - 'slanted small caps'  (m/scsl) with NFSS spec.:
(fontspec)             <->s*[1]"[LibertinusSerif-Regular.otf]:mode=node;script=latn;language=dflt;slant=0.2;+tlig;+hv-kern;+tnum;+lnum;+smcp;"
(fontspec)             - 'bold italic' (b/it) with NFSS spec.:
(fontspec)             <->s*[1]"[LibertinusSerif-BoldItalic.otf]:mode=node;script=latn;language=dflt;+tlig;+hv-kern;+tnum;+lnum;"
(fontspec)             - 'bold italic small caps'  (b/scit) with NFSS spec.:
(fontspec)             <->s*[1]"[LibertinusSerif-BoldItalic.otf]:mode=node;script=latn;language=dflt;+tlig;+hv-kern;+tnum;+lnum;+smcp;"
(fontspec)             - 'bold slanted' (b/sl) with NFSS spec.:
(fontspec)             <->s*[1]"[LibertinusSerif-Bold.otf]:mode=node;script=latn;language=dflt;slant=0.2;+tlig;+hv-kern;+tnum;+lnum;"
(fontspec)             - 'bold slanted small caps'  (b/scsl) with NFSS spec.:
(fontspec)             <->s*[1]"[LibertinusSerif-Bold.otf]:mode=node;script=latn;language=dflt;slant=0.2;+tlig;+hv-kern;+tnum;+lnum;+smcp;"

LaTeX Font Info:    Font shape `TU/LibertinusSerif(0)/m/n' will be
(Font)              scaled to size 10.0pt on input line 232.

Package fontspec Info: 
(fontspec)             LibertinusSerif-Regular scale = 0.9999964431797971.


Package fontspec Info: 
(fontspec)             LibertinusSerif-Regular scale = 1.


Package fontspec Info: 
(fontspec)             LibertinusSerif-Regular scale = 0.9999964431797971.


Package fontspec Info: 
(fontspec)             LibertinusSerif-Regular scale = 1.


Package fontspec Info: 
(fontspec)             LibertinusSerif-Regular scale = 0.9999964431797971.


Package fontspec Info: 
(fontspec)             LibertinusSerif-Regular scale = 1.


Package fontspec Info: 
(fontspec)             LibertinusSerif-Bold scale = 0.9907566638005158.


Package fontspec Info: 
(fontspec)             LibertinusSerif-Bold scale = 1.


Package fontspec Info: 
(fontspec)             LibertinusSerif-Bold scale = 0.9907566638005158.


Package fontspec Info: 
(fontspec)             LibertinusSerif-Bold scale = 1.


Package fontspec Info: 
(fontspec)             LibertinusSerif-Italic scale = 0.9999964431797971.


Package fontspec Info: 
(fontspec)             LibertinusSerif-Italic scale = 1.


Package fontspec Info: 
(fontspec)             LibertinusSerif-Italic scale = 0.9999964431797971.


Package fontspec Info: 
(fontspec)             LibertinusSerif-Italic scale = 1.


Package fontspec Info: 
(fontspec)             LibertinusSerif-Regular scale = 0.9999964431797971.


Package fontspec Info: 
(fontspec)             LibertinusSerif-Regular scale = 1.


Package fontspec Info: 
(fontspec)             LibertinusSerif-Regular scale = 0.9999964431797971.


Package fontspec Info: 
(fontspec)             LibertinusSerif-Regular scale = 1.


Package fontspec Info: 
(fontspec)             LibertinusSerif-BoldItalic scale = 0.9999964431797971.


Package fontspec Info: 
(fontspec)             LibertinusSerif-BoldItalic scale = 1.


Package fontspec Info: 
(fontspec)             LibertinusSerif-BoldItalic scale = 0.9999964431797971.


Package fontspec Info: 
(fontspec)             LibertinusSerif-BoldItalic scale = 1.


Package fontspec Info: 
(fontspec)             LibertinusSerif-Bold scale = 0.9907566638005158.


Package fontspec Info: 
(fontspec)             LibertinusSerif-Bold scale = 1.


Package fontspec Info: 
(fontspec)             LibertinusSerif-Bold scale = 0.9907566638005158.


Package fontspec Info: 
(fontspec)             LibertinusSerif-Bold scale = 1.


Package fontspec Info: 
(fontspec)             Font family 'LibertinusSerif(1)' created for font
(fontspec)             'LibertinusSerif' with options
(fontspec)             [Scale=MatchLowercase,Renderer=Basic,RawFeature =
(fontspec)             {+tnum;+lnum},Scale = 1,UprightFont =
(fontspec)             *-Regular,ItalicFont = *-Italic,ItalicFeatures = {
(fontspec)             SmallCapsFont = *-Italic },SlantedFont =
(fontspec)             *-Regular,SlantedFeatures= {FakeSlant=0.2},BoldFont =
(fontspec)             *-Bold,BoldFeatures = { SmallCapsFont =
(fontspec)             *-Bold},BoldItalicFont =
(fontspec)             *-BoldItalic,BoldItalicFeatures = { SmallCapsFont =
(fontspec)             *-BoldItalic },BoldSlantedFont=
(fontspec)             *-Bold,BoldSlantedFeatures= {FakeSlant=0.2,
(fontspec)             SmallCapsFont = *-Bold},SmallCapsFont =
(fontspec)             *-Regular,SmallCapsFeatures={Letters=SmallCaps},Extension
(fontspec)             = .otf].
(fontspec)              
(fontspec)              This font family consists of the following NFSS
(fontspec)             series/shapes:
(fontspec)              
(fontspec)             - 'normal' (m/n) with NFSS spec.:
(fontspec)             <->s*[1]"[LibertinusSerif-Regular.otf]:mode=base;script=latn;language=dflt;+tnum;+lnum;"
(fontspec)             - 'small caps'  (m/sc) with NFSS spec.:
(fontspec)             <->s*[1]"[LibertinusSerif-Regular.otf]:mode=base;script=latn;language=dflt;+tnum;+lnum;+smcp;"
(fontspec)             - 'bold' (b/n) with NFSS spec.:
(fontspec)             <->s*[1]"[LibertinusSerif-Bold.otf]:mode=base;script=latn;language=dflt;+tnum;+lnum;"
(fontspec)             - 'bold small caps'  (b/sc) with NFSS spec.:
(fontspec)             <->s*[1]"[LibertinusSerif-Bold.otf]:mode=base;script=latn;language=dflt;+tnum;+lnum;+smcp;"
(fontspec)             - 'italic' (m/it) with NFSS spec.:
(fontspec)             <->s*[1]"[LibertinusSerif-Italic.otf]:mode=base;script=latn;language=dflt;+tnum;+lnum;"
(fontspec)             - 'italic small caps'  (m/scit) with NFSS spec.:
(fontspec)             <->s*[1]"[LibertinusSerif-Italic.otf]:mode=base;script=latn;language=dflt;+tnum;+lnum;+smcp;"
(fontspec)             - 'slanted' (m/sl) with NFSS spec.:
(fontspec)             <->s*[1]"[LibertinusSerif-Regular.otf]:mode=base;script=latn;language=dflt;slant=0.2;+tnum;+lnum;"
(fontspec)             - 'slanted small caps'  (m/scsl) with NFSS spec.:
(fontspec)             <->s*[1]"[LibertinusSerif-Regular.otf]:mode=base;script=latn;language=dflt;slant=0.2;+tnum;+lnum;+smcp;"
(fontspec)             - 'bold italic' (b/it) with NFSS spec.:
(fontspec)             <->s*[1]"[LibertinusSerif-BoldItalic.otf]:mode=base;script=latn;language=dflt;+tnum;+lnum;"
(fontspec)             - 'bold italic small caps'  (b/scit) with NFSS spec.:
(fontspec)             <->s*[1]"[LibertinusSerif-BoldItalic.otf]:mode=base;script=latn;language=dflt;+tnum;+lnum;+smcp;"
(fontspec)             - 'bold slanted' (b/sl) with NFSS spec.:
(fontspec)             <->s*[1]"[LibertinusSerif-Bold.otf]:mode=base;script=latn;language=dflt;slant=0.2;+tnum;+lnum;"
(fontspec)             - 'bold slanted small caps'  (b/scsl) with NFSS spec.:
(fontspec)             <->s*[1]"[LibertinusSerif-Bold.otf]:mode=base;script=latn;language=dflt;slant=0.2;+tnum;+lnum;+smcp;"

LaTeX Font Info:    Overwriting math alphabet `\mathrm' in version `normal'
(Font)                  OT1/cmr/m/n --> TU/LibertinusSerif(1)/m/n on input line 232.
LaTeX Font Info:    Overwriting math alphabet `\mathit' in version `normal'
(Font)                  OT1/cmr/m/it --> TU/LibertinusSerif(1)/m/it on input line 232.
LaTeX Font Info:    Overwriting math alphabet `\mathbf' in version `normal'
(Font)                  OT1/cmr/bx/n --> TU/LibertinusSerif(1)/b/n on input line 232.

Package fontspec Info: 
(fontspec)             LibertinusSerif-Regular scale = 0.9999964431797971.


Package fontspec Info: 
(fontspec)             LibertinusSerif-Regular scale = 1.


Package fontspec Info: 
(fontspec)             LibertinusSerif-Regular scale = 0.9999964431797971.


Package fontspec Info: 
(fontspec)             LibertinusSerif-Regular scale = 1.


Package fontspec Info: 
(fontspec)             LibertinusSerif-Regular scale = 0.9999964431797971.


Package fontspec Info: 
(fontspec)             LibertinusSerif-Regular scale = 1.


Package fontspec Info: 
(fontspec)             LibertinusSerif-Semibold scale = 0.9265603938925562.


Package fontspec Info: 
(fontspec)             LibertinusSerif-Semibold scale = 1.


Package fontspec Info: 
(fontspec)             LibertinusSerif-Semibold scale = 0.9265603938925562.


Package fontspec Info: 
(fontspec)             LibertinusSerif-Semibold scale = 1.


Package fontspec Info: 
(fontspec)             LibertinusSerif-Italic scale = 0.9999964431797971.


Package fontspec Info: 
(fontspec)             LibertinusSerif-Italic scale = 1.


Package fontspec Info: 
(fontspec)             LibertinusSerif-Italic scale = 0.9999964431797971.


Package fontspec Info: 
(fontspec)             LibertinusSerif-Italic scale = 1.


Package fontspec Info: 
(fontspec)             LibertinusSerif-Regular scale = 0.9999964431797971.


Package fontspec Info: 
(fontspec)             LibertinusSerif-Regular scale = 1.


Package fontspec Info: 
(fontspec)             LibertinusSerif-Regular scale = 0.9999964431797971.


Package fontspec Info: 
(fontspec)             LibertinusSerif-Regular scale = 1.


Package fontspec Info: 
(fontspec)             LibertinusSerif-SemiboldItalic scale =
(fontspec)             0.9640407905745517.


Package fontspec Info: 
(fontspec)             LibertinusSerif-SemiboldItalic scale = 1.


Package fontspec Info: 
(fontspec)             LibertinusSerif-SemiboldItalic scale =
(fontspec)             0.9640407905745517.


Package fontspec Info: 
(fontspec)             LibertinusSerif-SemiboldItalic scale = 1.


Package fontspec Info: 
(fontspec)             LibertinusSerif-Semibold scale = 0.9265603938925562.


Package fontspec Info: 
(fontspec)             LibertinusSerif-Semibold scale = 1.


Package fontspec Info: 
(fontspec)             LibertinusSerif-Semibold scale = 0.9265603938925562.


Package fontspec Info: 
(fontspec)             LibertinusSerif-Semibold scale = 1.


Package fontspec Info: 
(fontspec)             Font family 'LibertinusSerif(2)' created for font
(fontspec)             'LibertinusSerif' with options
(fontspec)             [Scale=MatchLowercase,RawFeature = {+tnum;+lnum},Scale
(fontspec)             = 1,UprightFont = *-Regular,ItalicFont =
(fontspec)             *-Italic,ItalicFeatures = { SmallCapsFont = *-Italic
(fontspec)             },SlantedFont = *-Regular,SlantedFeatures=
(fontspec)             {FakeSlant=0.2},BoldFont = *-Semibold,BoldFeatures = {
(fontspec)             SmallCapsFont = *-Semibold },BoldItalicFont =
(fontspec)             *-SemiboldItalic,BoldItalicFeatures = { SmallCapsFont =
(fontspec)             *-SemiboldItalic },BoldSlantedFont=
(fontspec)             *-Semibold,BoldSlantedFeatures = {FakeSlant=0.2,
(fontspec)             SmallCapsFont = *-Semibold },SmallCapsFont =
(fontspec)             *-Regular,SmallCapsFeatures={Letters=SmallCaps},Extension
(fontspec)             = .otf].
(fontspec)              
(fontspec)              This font family consists of the following NFSS
(fontspec)             series/shapes:
(fontspec)              
(fontspec)             - 'normal' (m/n) with NFSS spec.:
(fontspec)             <->s*[1]"[LibertinusSerif-Regular.otf]:mode=node;script=latn;language=dflt;+tnum;+lnum;"
(fontspec)             - 'small caps'  (m/sc) with NFSS spec.:
(fontspec)             <->s*[1]"[LibertinusSerif-Regular.otf]:mode=node;script=latn;language=dflt;+tnum;+lnum;+smcp;"
(fontspec)             - 'bold' (b/n) with NFSS spec.:
(fontspec)             <->s*[1]"[LibertinusSerif-Semibold.otf]:mode=node;script=latn;language=dflt;+tnum;+lnum;"
(fontspec)             - 'bold small caps'  (b/sc) with NFSS spec.:
(fontspec)             <->s*[1]"[LibertinusSerif-Semibold.otf]:mode=node;script=latn;language=dflt;+tnum;+lnum;+smcp;"
(fontspec)             - 'italic' (m/it) with NFSS spec.:
(fontspec)             <->s*[1]"[LibertinusSerif-Italic.otf]:mode=node;script=latn;language=dflt;+tnum;+lnum;"
(fontspec)             - 'italic small caps'  (m/scit) with NFSS spec.:
(fontspec)             <->s*[1]"[LibertinusSerif-Italic.otf]:mode=node;script=latn;language=dflt;+tnum;+lnum;+smcp;"
(fontspec)             - 'slanted' (m/sl) with NFSS spec.:
(fontspec)             <->s*[1]"[LibertinusSerif-Regular.otf]:mode=node;script=latn;language=dflt;slant=0.2;+tnum;+lnum;"
(fontspec)             - 'slanted small caps'  (m/scsl) with NFSS spec.:
(fontspec)             <->s*[1]"[LibertinusSerif-Regular.otf]:mode=node;script=latn;language=dflt;slant=0.2;+tnum;+lnum;+smcp;"
(fontspec)             - 'bold italic' (b/it) with NFSS spec.:
(fontspec)             <->s*[1]"[LibertinusSerif-SemiboldItalic.otf]:mode=node;script=latn;language=dflt;+tnum;+lnum;"
(fontspec)             - 'bold italic small caps'  (b/scit) with NFSS spec.:
(fontspec)             <->s*[1]"[LibertinusSerif-SemiboldItalic.otf]:mode=node;script=latn;language=dflt;+tnum;+lnum;+smcp;"
(fontspec)             - 'bold slanted' (b/sl) with NFSS spec.:
(fontspec)             <->s*[1]"[LibertinusSerif-Semibold.otf]:mode=node;script=latn;language=dflt;slant=0.2;+tnum;+lnum;"
(fontspec)             - 'bold slanted small caps'  (b/scsl) with NFSS spec.:
(fontspec)             <->s*[1]"[LibertinusSerif-Semibold.otf]:mode=node;script=latn;language=dflt;slant=0.2;+tnum;+lnum;+smcp;"


Package fontspec Info: 
(fontspec)             LibertinusSerif-Regular scale = 0.9999964431797971.


Package fontspec Info: 
(fontspec)             LibertinusSerif-Regular scale = 1.


Package fontspec Info: 
(fontspec)             LibertinusSerif-Regular scale = 0.9999964431797971.


Package fontspec Info: 
(fontspec)             LibertinusSerif-Regular scale = 1.


Package fontspec Info: 
(fontspec)             LibertinusSerif-Regular scale = 0.9999964431797971.


Package fontspec Info: 
(fontspec)             LibertinusSerif-Regular scale = 1.


Package fontspec Info: 
(fontspec)             LibertinusSerif-Bold scale = 0.9907566638005158.


Package fontspec Info: 
(fontspec)             LibertinusSerif-Bold scale = 1.


Package fontspec Info: 
(fontspec)             LibertinusSerif-Bold scale = 0.9907566638005158.


Package fontspec Info: 
(fontspec)             LibertinusSerif-Bold scale = 1.


Package fontspec Info: 
(fontspec)             LibertinusSerif-Italic scale = 0.9999964431797971.


Package fontspec Info: 
(fontspec)             LibertinusSerif-Italic scale = 1.


Package fontspec Info: 
(fontspec)             LibertinusSerif-Italic scale = 0.9999964431797971.


Package fontspec Info: 
(fontspec)             LibertinusSerif-Italic scale = 1.


Package fontspec Info: 
(fontspec)             LibertinusSerif-Regular scale = 0.9999964431797971.


Package fontspec Info: 
(fontspec)             LibertinusSerif-Regular scale = 1.


Package fontspec Info: 
(fontspec)             LibertinusSerif-Regular scale = 0.9999964431797971.


Package fontspec Info: 
(fontspec)             LibertinusSerif-Regular scale = 1.


Package fontspec Info: 
(fontspec)             LibertinusSerif-BoldItalic scale = 0.9999964431797971.


Package fontspec Info: 
(fontspec)             LibertinusSerif-BoldItalic scale = 1.


Package fontspec Info: 
(fontspec)             LibertinusSerif-BoldItalic scale = 0.9999964431797971.


Package fontspec Info: 
(fontspec)             LibertinusSerif-BoldItalic scale = 1.


Package fontspec Info: 
(fontspec)             LibertinusSerif-Bold scale = 0.9907566638005158.


Package fontspec Info: 
(fontspec)             LibertinusSerif-Bold scale = 1.


Package fontspec Info: 
(fontspec)             LibertinusSerif-Bold scale = 0.9907566638005158.


Package fontspec Info: 
(fontspec)             LibertinusSerif-Bold scale = 1.


Package fontspec Info: 
(fontspec)             Font family 'LibertinusSerif(3)' created for font
(fontspec)             'LibertinusSerif' with options
(fontspec)             [Scale=MatchLowercase,RawFeature = {+onum},Scale =
(fontspec)             1,UprightFont = *-Regular,ItalicFont =
(fontspec)             *-Italic,ItalicFeatures = { SmallCapsFont = *-Italic
(fontspec)             },SlantedFont = *-Regular,SlantedFeatures=
(fontspec)             {FakeSlant=0.2},BoldFont = *-Bold,BoldFeatures = {
(fontspec)             SmallCapsFont = *-Bold},BoldItalicFont =
(fontspec)             *-BoldItalic,BoldItalicFeatures = { SmallCapsFont =
(fontspec)             *-BoldItalic },BoldSlantedFont=
(fontspec)             *-Bold,BoldSlantedFeatures = {FakeSlant=0.2,
(fontspec)             SmallCapsFont = *-Bold},SmallCapsFont =
(fontspec)             *-Regular,SmallCapsFeatures={Letters=SmallCaps},Extension
(fontspec)             = .otf].
(fontspec)              
(fontspec)              This font family consists of the following NFSS
(fontspec)             series/shapes:
(fontspec)              
(fontspec)             - 'normal' (m/n) with NFSS spec.:
(fontspec)             <->s*[1]"[LibertinusSerif-Regular.otf]:mode=node;script=latn;language=dflt;+onum;"
(fontspec)             - 'small caps'  (m/sc) with NFSS spec.:
(fontspec)             <->s*[1]"[LibertinusSerif-Regular.otf]:mode=node;script=latn;language=dflt;+onum;+smcp;"
(fontspec)             - 'bold' (b/n) with NFSS spec.:
(fontspec)             <->s*[1]"[LibertinusSerif-Bold.otf]:mode=node;script=latn;language=dflt;+onum;"
(fontspec)             - 'bold small caps'  (b/sc) with NFSS spec.:
(fontspec)             <->s*[1]"[LibertinusSerif-Bold.otf]:mode=node;script=latn;language=dflt;+onum;+smcp;"
(fontspec)             - 'italic' (m/it) with NFSS spec.:
(fontspec)             <->s*[1]"[LibertinusSerif-Italic.otf]:mode=node;script=latn;language=dflt;+onum;"
(fontspec)             - 'italic small caps'  (m/scit) with NFSS spec.:
(fontspec)             <->s*[1]"[LibertinusSerif-Italic.otf]:mode=node;script=latn;language=dflt;+onum;+smcp;"
(fontspec)             - 'slanted' (m/sl) with NFSS spec.:
(fontspec)             <->s*[1]"[LibertinusSerif-Regular.otf]:mode=node;script=latn;language=dflt;slant=0.2;+onum;"
(fontspec)             - 'slanted small caps'  (m/scsl) with NFSS spec.:
(fontspec)             <->s*[1]"[LibertinusSerif-Regular.otf]:mode=node;script=latn;language=dflt;slant=0.2;+onum;+smcp;"
(fontspec)             - 'bold italic' (b/it) with NFSS spec.:
(fontspec)             <->s*[1]"[LibertinusSerif-BoldItalic.otf]:mode=node;script=latn;language=dflt;+onum;"
(fontspec)             - 'bold italic small caps'  (b/scit) with NFSS spec.:
(fontspec)             <->s*[1]"[LibertinusSerif-BoldItalic.otf]:mode=node;script=latn;language=dflt;+onum;+smcp;"
(fontspec)             - 'bold slanted' (b/sl) with NFSS spec.:
(fontspec)             <->s*[1]"[LibertinusSerif-Bold.otf]:mode=node;script=latn;language=dflt;slant=0.2;+onum;"
(fontspec)             - 'bold slanted small caps'  (b/scsl) with NFSS spec.:
(fontspec)             <->s*[1]"[LibertinusSerif-Bold.otf]:mode=node;script=latn;language=dflt;slant=0.2;+onum;+smcp;"


Package fontspec Info: 
(fontspec)             LibertinusSerif-Regular scale = 0.9999964431797971.


Package fontspec Info: 
(fontspec)             LibertinusSerif-Regular scale = 1.


Package fontspec Info: 
(fontspec)             LibertinusSerif-Regular scale = 0.9999964431797971.


Package fontspec Info: 
(fontspec)             LibertinusSerif-Regular scale = 1.


Package fontspec Info: 
(fontspec)             LibertinusSerif-Regular scale = 0.9999964431797971.


Package fontspec Info: 
(fontspec)             LibertinusSerif-Regular scale = 1.


Package fontspec Info: 
(fontspec)             LibertinusSerif-Bold scale = 0.9907566638005158.


Package fontspec Info: 
(fontspec)             LibertinusSerif-Bold scale = 1.


Package fontspec Info: 
(fontspec)             LibertinusSerif-Bold scale = 0.9907566638005158.


Package fontspec Info: 
(fontspec)             LibertinusSerif-Bold scale = 1.


Package fontspec Info: 
(fontspec)             LibertinusSerif-Italic scale = 0.9999964431797971.


Package fontspec Info: 
(fontspec)             LibertinusSerif-Italic scale = 1.


Package fontspec Info: 
(fontspec)             LibertinusSerif-Italic scale = 0.9999964431797971.


Package fontspec Info: 
(fontspec)             LibertinusSerif-Italic scale = 1.


Package fontspec Info: 
(fontspec)             LibertinusSerif-Regular scale = 0.9999964431797971.


Package fontspec Info: 
(fontspec)             LibertinusSerif-Regular scale = 1.


Package fontspec Info: 
(fontspec)             LibertinusSerif-Regular scale = 0.9999964431797971.


Package fontspec Info: 
(fontspec)             LibertinusSerif-Regular scale = 1.


Package fontspec Info: 
(fontspec)             LibertinusSerif-BoldItalic scale = 0.9999964431797971.


Package fontspec Info: 
(fontspec)             LibertinusSerif-BoldItalic scale = 1.


Package fontspec Info: 
(fontspec)             LibertinusSerif-BoldItalic scale = 0.9999964431797971.


Package fontspec Info: 
(fontspec)             LibertinusSerif-BoldItalic scale = 1.


Package fontspec Info: 
(fontspec)             LibertinusSerif-Bold scale = 0.9907566638005158.


Package fontspec Info: 
(fontspec)             LibertinusSerif-Bold scale = 1.


Package fontspec Info: 
(fontspec)             LibertinusSerif-Bold scale = 0.9907566638005158.


Package fontspec Info: 
(fontspec)             LibertinusSerif-Bold scale = 1.


Package fontspec Info: 
(fontspec)             Font family 'LibertinusSerif(4)' created for font
(fontspec)             'LibertinusSerif' with options
(fontspec)             [Scale=MatchLowercase,RawFeature = {+tnum;-onum},Sc