This is pdfTeX, Version 3.141592653-2.6-1.40.25 (TeX Live 2023) (preloaded format=pdflatex 2023.9.6)  7 NOV 2023 09:56
entering extended mode
 restricted \write18 enabled.
 %&-line parsing enabled.
**man-lmtp-ow-fl-pets.tex
(./man-lmtp-ow-fl-pets.tex
LaTeX2e <2022-11-01> patch level 1
L3 programming layer <2023-02-22>
(/usr/local/texlive/2023/texmf-dist/tex/latex/base/article.cls
Document Class: article 2022/07/02 v1.4n Standard LaTeX document class
(/usr/local/texlive/2023/texmf-dist/tex/latex/base/size10.clo
File: size10.clo 2022/07/02 v1.4n Standard LaTeX file (size option)
)
\c@part=\count185
\c@section=\count186
\c@subsection=\count187
\c@subsubsection=\count188
\c@paragraph=\count189
\c@subparagraph=\count190
\c@figure=\count191
\c@table=\count192
\abovecaptionskip=\skip48
\belowcaptionskip=\skip49
\bibindent=\dimen140
)
(/usr/local/texlive/2023/texmf-dist/tex/latex/amsmath/amsmath.sty
Package: amsmath 2022/04/08 v2.17n AMS math features
\@mathmargin=\skip50

For additional information on amsmath, use the `?' option.
(/usr/local/texlive/2023/texmf-dist/tex/latex/amsmath/amstext.sty
Package: amstext 2021/08/26 v2.01 AMS text

(/usr/local/texlive/2023/texmf-dist/tex/latex/amsmath/amsgen.sty
File: amsgen.sty 1999/11/30 v2.0 generic functions
\@emptytoks=\toks16
\ex@=\dimen141
))
(/usr/local/texlive/2023/texmf-dist/tex/latex/amsmath/amsbsy.sty
Package: amsbsy 1999/11/29 v1.2d Bold Symbols
\pmbraise@=\dimen142
)
(/usr/local/texlive/2023/texmf-dist/tex/latex/amsmath/amsopn.sty
Package: amsopn 2022/04/08 v2.04 operator names
)
\inf@bad=\count193
LaTeX Info: Redefining \frac on input line 234.
\uproot@=\count194
\leftroot@=\count195
LaTeX Info: Redefining \overline on input line 399.
LaTeX Info: Redefining \colon on input line 410.
\classnum@=\count196
\DOTSCASE@=\count197
LaTeX Info: Redefining \ldots on input line 496.
LaTeX Info: Redefining \dots on input line 499.
LaTeX Info: Redefining \cdots on input line 620.
\Mathstrutbox@=\box51
\strutbox@=\box52
LaTeX Info: Redefining \big on input line 722.
LaTeX Info: Redefining \Big on input line 723.
LaTeX Info: Redefining \bigg on input line 724.
LaTeX Info: Redefining \Bigg on input line 725.
\big@size=\dimen143
LaTeX Font Info:    Redeclaring font encoding OML on input line 743.
LaTeX Font Info:    Redeclaring font encoding OMS on input line 744.
\macc@depth=\count198
LaTeX Info: Redefining \bmod on input line 905.
LaTeX Info: Redefining \pmod on input line 910.
LaTeX Info: Redefining \smash on input line 940.
LaTeX Info: Redefining \relbar on input line 970.
LaTeX Info: Redefining \Relbar on input line 971.
\c@MaxMatrixCols=\count199
\dotsspace@=\muskip16
\c@parentequation=\count266
\dspbrk@lvl=\count267
\tag@help=\toks17
\row@=\count268
\column@=\count269
\maxfields@=\count270
\andhelp@=\toks18
\eqnshift@=\dimen144
\alignsep@=\dimen145
\tagshift@=\dimen146
\tagwidth@=\dimen147
\totwidth@=\dimen148
\lineht@=\dimen149
\@envbody=\toks19
\multlinegap=\skip51
\multlinetaggap=\skip52
\mathdisplay@stack=\toks20
LaTeX Info: Redefining \[ on input line 2953.
LaTeX Info: Redefining \] on input line 2954.
)
(/usr/local/texlive/2023/texmf-dist/tex/latex/amsfonts/amssymb.sty
Package: amssymb 2013/01/14 v3.01 AMS font symbols

(/usr/local/texlive/2023/texmf-dist/tex/latex/amsfonts/amsfonts.sty
Package: amsfonts 2013/01/14 v3.01 Basic AMSFonts support
\symAMSa=\mathgroup4
\symAMSb=\mathgroup5
LaTeX Font Info:    Redeclaring math symbol \hbar on input line 98.
LaTeX Font Info:    Overwriting math alphabet `\mathfrak' in version `bold'
(Font)                  U/euf/m/n --> U/euf/b/n on input line 106.
))
(/usr/local/texlive/2023/texmf-dist/tex/generic/iftex/iftex.sty
Package: iftex 2022/02/03 v1.0f TeX engine tests
)
(/usr/local/texlive/2023/texmf-dist/tex/latex/base/fontenc.sty
Package: fontenc 2021/04/29 v2.0v Standard LaTeX package
)
(/usr/local/texlive/2023/texmf-dist/tex/latex/base/inputenc.sty
Package: inputenc 2021/02/14 v1.3d Input encoding file
\inpenc@prehook=\toks21
\inpenc@posthook=\toks22
)
(/usr/local/texlive/2023/texmf-dist/tex/latex/base/textcomp.sty
Package: textcomp 2020/02/02 v2.0n Standard LaTeX package
)
(/usr/local/texlive/2023/texmf-dist/tex/latex/libertinus/libertinus.sty
Package: libertinus 2020/05/06 v. 0.02 (Herbert Voss) Supports libertinus fonts
 for pdflatex/lualatex/xelatex

(/usr/local/texlive/2023/texmf-dist/tex/latex/xkeyval/xkeyval.sty
Package: xkeyval 2022/06/16 v2.9 package option processing (HA)

(/usr/local/texlive/2023/texmf-dist/tex/generic/xkeyval/xkeyval.tex
(/usr/local/texlive/2023/texmf-dist/tex/generic/xkeyval/xkvutils.tex
\XKV@toks=\toks23
\XKV@tempa@toks=\toks24

(/usr/local/texlive/2023/texmf-dist/tex/generic/xkeyval/keyval.tex))
\XKV@depth=\count271
File: xkeyval.tex 2014/12/03 v2.7a key=value parser (HA)
))
(/usr/local/texlive/2023/texmf-dist/tex/latex/libertinus-type1/libertinus-type1
.sty
Package: libertinus-type1 2021/02/14 (Bob Tennent) Supports libertinus fonts fo
r latex/pdflatex.
 (/usr/local/texlive/2023/texmf-dist/tex/generic/iftex/ifxetex.sty
Package: ifxetex 2019/10/25 v0.7 ifxetex legacy package. Use iftex instead.
)
(/usr/local/texlive/2023/texmf-dist/tex/generic/iftex/ifluatex.sty
Package: ifluatex 2019/10/25 v1.5 ifluatex legacy package. Use iftex instead.
)
(/usr/local/texlive/2023/texmf-dist/tex/latex/base/fontenc.sty
Package: fontenc 2021/04/29 v2.0v Standard LaTeX package
)
(/usr/local/texlive/2023/texmf-dist/tex/latex/fontaxes/fontaxes.sty
Package: fontaxes 2020/07/21 v1.0e Font selection axes
LaTeX Info: Redefining \upshape on input line 29.
LaTeX Info: Redefining \itshape on input line 31.
LaTeX Info: Redefining \slshape on input line 33.
LaTeX Info: Redefining \swshape on input line 35.
LaTeX Info: Redefining \scshape on input line 37.
LaTeX Info: Redefining \sscshape on input line 39.
LaTeX Info: Redefining \ulcshape on input line 41.
LaTeX Info: Redefining \textsw on input line 47.
LaTeX Info: Redefining \textssc on input line 48.
LaTeX Info: Redefining \textulc on input line 49.
)))
(/usr/local/texlive/2023/texmf-dist/tex/latex/upquote/upquote.sty
Package: upquote 2012/04/19 v1.3 upright-quote and grave-accent glyphs in verba
tim
)
(/usr/local/texlive/2023/texmf-dist/tex/latex/microtype/microtype.sty
Package: microtype 2023/03/13 v3.1a Micro-typographical refinements (RS)

(/usr/local/texlive/2023/texmf-dist/tex/latex/etoolbox/etoolbox.sty
Package: etoolbox 2020/10/05 v2.5k e-TeX tools for LaTeX (JAW)
\etb@tempcnta=\count272
)
\MT@toks=\toks25
\MT@tempbox=\box53
\MT@count=\count273
LaTeX Info: Redefining \noprotrusionifhmode on input line 1059.
LaTeX Info: Redefining \leftprotrusion on input line 1060.
\MT@prot@toks=\toks26
LaTeX Info: Redefining \rightprotrusion on input line 1078.
LaTeX Info: Redefining \textls on input line 1368.
\MT@outer@kern=\dimen150
LaTeX Info: Redefining \textmicrotypecontext on input line 1988.
\MT@listname@count=\count274

(/usr/local/texlive/2023/texmf-dist/tex/latex/microtype/microtype-pdftex.def
File: microtype-pdftex.def 2023/03/13 v3.1a Definitions specific to pdftex (RS)

LaTeX Info: Redefining \lsstyle on input line 902.
LaTeX Info: Redefining \lslig on input line 902.
\MT@outer@space=\skip53
)
Package microtype Info: Loading configuration file microtype.cfg.

(/usr/local/texlive/2023/texmf-dist/tex/latex/microtype/microtype.cfg
File: microtype.cfg 2023/03/13 v3.1a microtype main configuration file (RS)
))
(/usr/local/texlive/2023/texmf-dist/tex/latex/parskip/parskip.sty
Package: parskip 2021-03-14 v2.0h non-zero parskip adjustments

(/usr/local/texlive/2023/texmf-dist/tex/latex/kvoptions/kvoptions.sty
Package: kvoptions 2022-06-15 v3.15 Key value format for package options (HO)

(/usr/local/texlive/2023/texmf-dist/tex/generic/ltxcmds/ltxcmds.sty
Package: ltxcmds 2020-05-10 v1.25 LaTeX kernel commands for general use (HO)
)
(/usr/local/texlive/2023/texmf-dist/tex/latex/kvsetkeys/kvsetkeys.sty
Package: kvsetkeys 2022-10-05 v1.19 Key value parser (HO)
)))
(/usr/local/texlive/2023/texmf-dist/tex/latex/xcolor/xcolor.sty
Package: xcolor 2022/06/12 v2.14 LaTeX color extensions (UK)

(/usr/local/texlive/2023/texmf-dist/tex/latex/graphics-cfg/color.cfg
File: color.cfg 2016/01/02 v1.6 sample color configuration
)
Package xcolor Info: Driver file: pdftex.def on input line 227.

(/usr/local/texlive/2023/texmf-dist/tex/latex/graphics-def/pdftex.def
File: pdftex.def 2022/09/22 v1.2b Graphics/color driver for pdftex
)
(/usr/local/texlive/2023/texmf-dist/tex/latex/graphics/mathcolor.ltx)
Package xcolor Info: Model `cmy' substituted by `cmy0' on input line 1353.
Package xcolor Info: Model `hsb' substituted by `rgb' on input line 1357.
Package xcolor Info: Model `RGB' extended on input line 1369.
Package xcolor Info: Model `HTML' substituted by `rgb' on input line 1371.
Package xcolor Info: Model `Hsb' substituted by `hsb' on input line 1372.
Package xcolor Info: Model `tHsb' substituted by `hsb' on input line 1373.
Package xcolor Info: Model `HSB' substituted by `hsb' on input line 1374.
Package xcolor Info: Model `Gray' substituted by `gray' on input line 1375.
Package xcolor Info: Model `wave' substituted by `hsb' on input line 1376.

(/usr/local/texlive/2023/texmf-dist/tex/latex/graphics/dvipsnam.def
File: dvipsnam.def 2016/06/17 v3.0m Driver-dependent file (DPC,SPQR)
)
(/usr/local/texlive/2023/texmf-dist/tex/latex/xcolor/svgnam.def
File: svgnam.def 2022/06/12 v2.14 Predefined colors according to SVG 1.1 (UK)
)
(/usr/local/texlive/2023/texmf-dist/tex/latex/xcolor/x11nam.def
File: x11nam.def 2022/06/12 v2.14 Predefined colors according to Unix/X11 (UK)
))
(/usr/local/texlive/2023/texmf-dist/tex/latex/geometry/geometry.sty
Package: geometry 2020/01/02 v5.9 Page Geometry

(/usr/local/texlive/2023/texmf-dist/tex/generic/iftex/ifvtex.sty
Package: ifvtex 2019/10/25 v1.7 ifvtex legacy package. Use iftex instead.
)
\Gm@cnth=\count275
\Gm@cntv=\count276
\c@Gm@tempcnt=\count277
\Gm@bindingoffset=\dimen151
\Gm@wd@mp=\dimen152
\Gm@odd@mp=\dimen153
\Gm@even@mp=\dimen154
\Gm@layoutwidth=\dimen155
\Gm@layoutheight=\dimen156
\Gm@layouthoffset=\dimen157
\Gm@layoutvoffset=\dimen158
\Gm@dimlist=\toks27
)
(/usr/local/texlive/2023/texmf-dist/tex/latex/tools/longtable.sty
Package: longtable 2021-09-01 v4.17 Multi-page Table package (DPC)
\LTleft=\skip54
\LTright=\skip55
\LTpre=\skip56
\LTpost=\skip57
\LTchunksize=\count278
\LTcapwidth=\dimen159
\LT@head=\box54
\LT@firsthead=\box55
\LT@foot=\box56
\LT@lastfoot=\box57
\LT@gbox=\box58
\LT@cols=\count279
\LT@rows=\count280
\c@LT@tables=\count281
\c@LT@chunks=\count282
\LT@p@ftn=\toks28
)
(/usr/local/texlive/2023/texmf-dist/tex/latex/booktabs/booktabs.sty
Package: booktabs 2020/01/12 v1.61803398 Publication quality tables
\heavyrulewidth=\dimen160
\lightrulewidth=\dimen161
\cmidrulewidth=\dimen162
\belowrulesep=\dimen163
\belowbottomsep=\dimen164
\aboverulesep=\dimen165
\abovetopsep=\dimen166
\cmidrulesep=\dimen167
\cmidrulekern=\dimen168
\defaultaddspace=\dimen169
\@cmidla=\count283
\@cmidlb=\count284
\@aboverulesep=\dimen170
\@belowrulesep=\dimen171
\@thisruleclass=\count285
\@lastruleclass=\count286
\@thisrulewidth=\dimen172
)
(/usr/local/texlive/2023/texmf-dist/tex/latex/tools/array.sty
Package: array 2022/09/04 v2.5g Tabular extension package (FMi)
\col@sep=\dimen173
\ar@mcellbox=\box59
\extrarowheight=\dimen174
\NC@list=\toks29
\extratabsurround=\skip58
\backup@length=\skip59
\ar@cellbox=\box60
)
(/usr/local/texlive/2023/texmf-dist/tex/latex/tools/calc.sty
Package: calc 2017/05/25 v4.3 Infix arithmetic (KKT,FJ)
\calc@Acount=\count287
\calc@Bcount=\count288
\calc@Adimen=\dimen175
\calc@Bdimen=\dimen176
\calc@Askip=\skip60
\calc@Bskip=\skip61
LaTeX Info: Redefining \setlength on input line 80.
LaTeX Info: Redefining \addtolength on input line 81.
\calc@Ccount=\count289
\calc@Cskip=\skip62
)
(/usr/local/texlive/2023/texmf-dist/tex/latex/footnotehyper/footnotehyper.sty
Package: footnotehyper 2021/08/13 v1.1e hyperref aware footnote.sty (JFB)
\FNH@notes=\box61
\FNH@width=\dimen177
\FNH@toks=\toks30
)
(/usr/local/texlive/2023/texmf-dist/tex/latex/graphics/graphicx.sty
Package: graphicx 2021/09/16 v1.2d Enhanced LaTeX Graphics (DPC,SPQR)

(/usr/local/texlive/2023/texmf-dist/tex/latex/graphics/graphics.sty
Package: graphics 2022/03/10 v1.4e Standard LaTeX Graphics (DPC,SPQR)

(/usr/local/texlive/2023/texmf-dist/tex/latex/graphics/trig.sty
Package: trig 2021/08/11 v1.11 sin cos tan (DPC)
)
(/usr/local/texlive/2023/texmf-dist/tex/latex/graphics-cfg/graphics.cfg
File: graphics.cfg 2016/06/04 v1.11 sample graphics configuration
)
Package graphics Info: Driver file: pdftex.def on input line 107.
)
\Gin@req@height=\dimen178
\Gin@req@width=\dimen179
)
\cslhangindent=\skip63
\csllabelwidth=\skip64
\cslentryspacingunit=\skip65

(/usr/local/texlive/2023/texmf-dist/tex/latex/multirow/multirow.sty
Package: multirow 2021/03/15 v2.8 Span multiple rows of a table
\multirow@colwidth=\skip66
\multirow@cntb=\count290
\multirow@dima=\skip67
\bigstrutjot=\dimen180
)
(/usr/local/texlive/2023/texmf-dist/tex/latex/wrapfig/wrapfig.sty
\wrapoverhang=\dimen181
\WF@size=\dimen182
\c@WF@wrappedlines=\count291
\WF@box=\box62
\WF@everypar=\toks31
Package: wrapfig 2003/01/31  v 3.6
)
(/usr/local/texlive/2023/texmf-dist/tex/latex/float/float.sty
Package: float 2001/11/08 v1.3d Float enhancements (AL)
\c@float@type=\count292
\float@exts=\toks32
\float@box=\box63
\@float@everytoks=\toks33
\@floatcapt=\box64
)
(/usr/local/texlive/2023/texmf-dist/tex/latex/colortbl/colortbl.sty
Package: colortbl 2022/06/20 v1.0f Color table columns (DPC)
\everycr=\toks34
\minrowclearance=\skip68
\rownum=\count293
)
(/usr/local/texlive/2023/texmf-dist/tex/latex/pdflscape/pdflscape.sty
Package: pdflscape 2022-10-27 v0.13 Display of landscape pages in PDF

(/usr/local/texlive/2023/texmf-dist/tex/latex/pdflscape/pdflscape-nometadata.st
y
Package: pdflscape-nometadata 2022-10-28 v0.13 Display of landscape pages in PD
F (HO)
 (/usr/local/texlive/2023/texmf-dist/tex/latex/graphics/lscape.sty
Package: lscape 2020/05/28 v3.02 Landscape Pages (DPC)
)
Package pdflscape Info: Auto-detected driver: pdftex on input line 81.
))
(/usr/local/texlive/2023/texmf-dist/tex/latex/tabu/tabu.sty
Package: tabu 2019/01/11 v2.9 - flexible LaTeX tabulars (FC+tabu-fixed)

(/usr/local/texlive/2023/texmf-dist/tex/latex/varwidth/varwidth.sty
Package: varwidth 2009/03/30 ver 0.92;  Variable-width minipages
\@vwid@box=\box65
\sift@deathcycles=\count294
\@vwid@loff=\dimen183
\@vwid@roff=\dimen184
)
\c@taburow=\count295
\tabu@nbcols=\count296
\tabu@cnt=\count297
\tabu@Xcol=\count298
\tabu@alloc=\count299
\tabu@nested=\count300
\tabu@target=\dimen185
\tabu@spreadtarget=\dimen186
\tabu@naturalX=\dimen187
\tabucolX=\dimen188
\tabu@Xsum=\dimen189
\extrarowdepth=\dimen190
\abovetabulinesep=\dimen191
\belowtabulinesep=\dimen192
\tabustrutrule=\dimen193
\tabu@thebody=\toks35
\tabu@footnotes=\toks36
\tabu@box=\box66
\tabu@arstrutbox=\box67
\tabu@hleads=\box68
\tabu@vleads=\box69
\tabu@cellskip=\skip69
)
(/usr/local/texlive/2023/texmf-dist/tex/latex/threeparttable/threeparttable.sty
Package: threeparttable 2003/06/13  v 3.0
\@tempboxb=\box70
)
(/usr/local/texlive/2023/texmf-dist/tex/latex/threeparttablex/threeparttablex.s
ty
Package: threeparttablex 2013/07/23 v0.3 by daleif
 (/usr/local/texlive/2023/texmf-dist/tex/latex/environ/environ.sty
Package: environ 2014/05/04 v0.3 A new way to define environments

(/usr/local/texlive/2023/texmf-dist/tex/latex/trimspaces/trimspaces.sty
Package: trimspaces 2009/09/17 v1.1 Trim spaces around a token list
))
\TPTL@width=\skip70
)
(/usr/local/texlive/2023/texmf-dist/tex/generic/ulem/ulem.sty
\UL@box=\box71
\UL@hyphenbox=\box72
\UL@skip=\skip71
\UL@hook=\toks37
\UL@height=\dimen194
\UL@pe=\count301
\UL@pixel=\dimen195
\ULC@box=\box73
Package: ulem 2019/11/18
\ULdepth=\dimen196
)
(/usr/local/texlive/2023/texmf-dist/tex/latex/makecell/makecell.sty
Package: makecell 2009/08/03 V0.1e Managing of Tab Column Heads and Cells
\rotheadsize=\dimen197
\c@nlinenum=\count302
\TeXr@lab=\toks38
)
(/usr/local/texlive/2023/texmf-dist/tex/latex/cancel/cancel.sty
Package: cancel 2013/04/12 v2.2 Cancel math terms
)
(/usr/local/texlive/2023/texmf-dist/tex/latex/preprint/authblk.sty
Package: authblk 2001/02/27 1.3 (PWD)
\affilsep=\skip72
\@affilsep=\skip73
\c@Maxaffil=\count303
\c@authors=\count304
\c@affil=\count305
)
(/usr/local/texlive/2023/texmf-dist/tex/latex/caption/caption.sty
Package: caption 2023/03/12 v3.6j Customizing captions (AR)

(/usr/local/texlive/2023/texmf-dist/tex/latex/caption/caption3.sty
Package: caption3 2023/03/12 v2.4 caption3 kernel (AR)
\caption@tempdima=\dimen198
\captionmargin=\dimen199
\caption@leftmargin=\dimen256
\caption@rightmargin=\dimen257
\caption@width=\dimen258
\caption@indent=\dimen259
\caption@parindent=\dimen260
\caption@hangindent=\dimen261
Package caption Info: Standard document class detected.
)
\c@caption@flags=\count306
\c@continuedfloat=\count307
Package caption Info: float package is loaded.
Package caption Info: longtable package is loaded.

(/usr/local/texlive/2023/texmf-dist/tex/latex/caption/ltcaption.sty
Package: ltcaption 2021/01/08 v1.4c longtable captions (AR)
)
Package caption Info: threeparttable package is loaded.
Package caption Info: wrapfig package is loaded.
)
\@float@every@codelisting=\toks39
\c@codelisting=\count308

(/usr/local/texlive/2023/texmf-dist/tex/latex/caption/subcaption.sty
Package: subcaption 2023/02/19 v1.6 Sub-captions (AR)
Package caption Info: New subtype `subfigure' on input line 239.
\c@subfigure=\count309
Package caption Info: New subtype `subtable' on input line 239.
\c@subtable=\count310
)
(/usr/local/texlive/2023/texmf-dist/tex/latex/bookmark/bookmark.sty
Package: bookmark 2020-11-06 v1.29 PDF bookmarks (HO)

(/usr/local/texlive/2023/texmf-dist/tex/latex/hyperref/hyperref.sty
Package: hyperref 2023-02-07 v7.00v Hypertext links for LaTeX

(/usr/local/texlive/2023/texmf-dist/tex/generic/pdftexcmds/pdftexcmds.sty
Package: pdftexcmds 2020-06-27 v0.33 Utility functions of pdfTeX for LuaTeX (HO
)

(/usr/local/texlive/2023/texmf-dist/tex/generic/infwarerr/infwarerr.sty
Package: infwarerr 2019/12/03 v1.5 Providing info/warning/error messages (HO)
)
Package pdftexcmds Info: \pdf@primitive is available.
Package pdftexcmds Info: \pdf@ifprimitive is available.
Package pdftexcmds Info: \pdfdraftmode found.
)
(/usr/local/texlive/2023/texmf-dist/tex/generic/kvdefinekeys/kvdefinekeys.sty
Package: kvdefinekeys 2019-12-19 v1.6 Define keys (HO)
)
(/usr/local/texlive/2023/texmf-dist/tex/generic/pdfescape/pdfescape.sty
Package: pdfescape 2019/12/09 v1.15 Implements pdfTeX's escape features (HO)
)
(/usr/local/texlive/2023/texmf-dist/tex/latex/hycolor/hycolor.sty
Package: hycolor 2020-01-27 v1.10 Color options for hyperref/bookmark (HO)
)
(/usr/local/texlive/2023/texmf-dist/tex/latex/letltxmacro/letltxmacro.sty
Package: letltxmacro 2019/12/03 v1.6 Let assignment for LaTeX macros (HO)
)
(/usr/local/texlive/2023/texmf-dist/tex/latex/auxhook/auxhook.sty
Package: auxhook 2019-12-17 v1.6 Hooks for auxiliary files (HO)
)
(/usr/local/texlive/2023/texmf-dist/tex/latex/hyperref/nameref.sty
Package: nameref 2022-05-17 v2.50 Cross-referencing by name of section

(/usr/local/texlive/2023/texmf-dist/tex/latex/refcount/refcount.sty
Package: refcount 2019/12/15 v3.6 Data extraction from label references (HO)
)
(/usr/local/texlive/2023/texmf-dist/tex/generic/gettitlestring/gettitlestring.s
ty
Package: gettitlestring 2019/12/15 v1.6 Cleanup title references (HO)
)
\c@section@level=\count311
)
\@linkdim=\dimen262
\Hy@linkcounter=\count312
\Hy@pagecounter=\count313
 (/usr/local/texlive/2023/texmf-dist/tex/latex/hyperref/pd1enc.def
File: pd1enc.def 2023-02-07 v7.00v Hyperref: PDFDocEncoding definition (HO)
Now handling font encoding PD1 ...
... no UTF-8 mapping file for font encoding PD1
)
(/usr/local/texlive/2023/texmf-dist/tex/generic/intcalc/intcalc.sty
Package: intcalc 2019/12/15 v1.3 Expandable calculations with integers (HO)
)
(/usr/local/texlive/2023/texmf-dist/tex/generic/etexcmds/etexcmds.sty
Package: etexcmds 2019/12/15 v1.7 Avoid name clashes with e-TeX commands (HO)
)
\Hy@SavedSpaceFactor=\count314

(/usr/local/texlive/2023/texmf-dist/tex/latex/hyperref/puenc.def
File: puenc.def 2023-02-07 v7.00v Hyperref: PDF Unicode definition (HO)
Now handling font encoding PU ...
... no UTF-8 mapping file for font encoding PU
)
Package hyperref Info: Option `unicode' set `true' on input line 4060.
Package hyperref Info: Hyper figures OFF on input line 4177.
Package hyperref Info: Link nesting OFF on input line 4182.
Package hyperref Info: Hyper index ON on input line 4185.
Package hyperref Info: Plain pages OFF on input line 4192.
Package hyperref Info: Backreferencing OFF on input line 4197.
Package hyperref Info: Implicit mode ON; LaTeX internals redefined.
Package hyperref Info: Bookmarks ON on input line 4425.
\c@Hy@tempcnt=\count315

(/usr/local/texlive/2023/texmf-dist/tex/latex/url/url.sty
\Urlmuskip=\muskip17
Package: url 2013/09/16  ver 3.4  Verb mode for urls, etc.
)
LaTeX Info: Redefining \url on input line 4763.
\XeTeXLinkMargin=\dimen263

(/usr/local/texlive/2023/texmf-dist/tex/generic/bitset/bitset.sty
Package: bitset 2019/12/09 v1.3 Handle bit-vector datatype (HO)

(/usr/local/texlive/2023/texmf-dist/tex/generic/bigintcalc/bigintcalc.sty
Package: bigintcalc 2019/12/15 v1.5 Expandable calculations on big integers (HO
)
))
\Fld@menulength=\count316
\Field@Width=\dimen264
\Fld@charsize=\dimen265
Package hyperref Info: Hyper figures OFF on input line 6042.
Package hyperref Info: Link nesting OFF on input line 6047.
Package hyperref Info: Hyper index ON on input line 6050.
Package hyperref Info: backreferencing OFF on input line 6057.
Package hyperref Info: Link coloring OFF on input line 6062.
Package hyperref Info: Link coloring with OCG OFF on input line 6067.
Package hyperref Info: PDF/A mode OFF on input line 6072.

(/usr/local/texlive/2023/texmf-dist/tex/latex/base/atbegshi-ltx.sty
Package: atbegshi-ltx 2021/01/10 v1.0c Emulation of the original atbegshi
package with kernel methods
)
\Hy@abspage=\count317
\c@Item=\count318
\c@Hfootnote=\count319
)
Package hyperref Info: Driver (autodetected): hpdftex.

(/usr/local/texlive/2023/texmf-dist/tex/latex/hyperref/hpdftex.def
File: hpdftex.def 2023-02-07 v7.00v Hyperref driver for pdfTeX

(/usr/local/texlive/2023/texmf-dist/tex/latex/base/atveryend-ltx.sty
Package: atveryend-ltx 2020/08/19 v1.0a Emulation of the original atveryend pac
kage
with kernel methods
)
\Fld@listcount=\count320
\c@bookmark@seq@number=\count321

(/usr/local/texlive/2023/texmf-dist/tex/latex/rerunfilecheck/rerunfilecheck.sty
Package: rerunfilecheck 2022-07-10 v1.10 Rerun checks for auxiliary files (HO)

(/usr/local/texlive/2023/texmf-dist/tex/generic/uniquecounter/uniquecounter.sty
Package: uniquecounter 2019/12/15 v1.4 Provide unlimited unique counter (HO)
)
Package uniquecounter Info: New unique counter `rerunfilecheck' on input line 2
85.
)
\Hy@SectionHShift=\skip74
) (/usr/local/texlive/2023/texmf-dist/tex/latex/bookmark/bkm-pdftex.def
File: bkm-pdftex.def 2020-11-06 v1.29 bookmark driver for pdfTeX (HO)
\BKM@id=\count322
))
(/usr/local/texlive/2023/texmf-dist/tex/latex/xurl/xurl.sty
Package: xurl 2022/01/09 v 0.10 modify URL breaks
)
Package hyperref Info: Option `colorlinks' set `true' on input line 184.
LaTeX Font Info:    Trying to load font information for T1+LibertinusSerif-TLF 
on input line 203.

(/usr/local/texlive/2023/texmf-dist/tex/latex/libertinus-type1/T1LibertinusSeri
f-TLF.fd
File: T1LibertinusSerif-TLF.fd 2022/11/07 (autoinst) Font definitions for T1/Li
bertinusSerif-TLF.
)
LaTeX Font Info:    Font shape `T1/LibertinusSerif-TLF/m/n' will be
(Font)              scaled to size 10.0pt on input line 203.

(/usr/local/texlive/2023/texmf-dist/tex/latex/l3backend/l3backend-pdftex.def
File: l3backend-pdftex.def 2023-01-16 L3 backend support: PDF output (pdfTeX)
\l__color_backend_stack_int=\count323
\l__pdf_internal_box=\box74
)

LaTeX Warning: Unused global option(s):
    [singlecolumn,9pt].

(./man-lmtp-ow-fl-pets.aux)
\openout1 = `man-lmtp-ow-fl-pets.aux'.

LaTeX Font Info:    Checking defaults for OML/cmm/m/it on input line 203.
LaTeX Font Info:    ... okay on input line 203.
LaTeX Font Info:    Checking defaults for OMS/cmsy/m/n on input line 203.
LaTeX Font Info:    ... okay on input line 203.
LaTeX Font Info:    Checking defaults for OT1/cmr/m/n on input line 203.
LaTeX Font Info:    ... okay on input line 203.
LaTeX Font Info:    Checking defaults for T1/cmr/m/n on input line 203.
LaTeX Font Info:    ... okay on input line 203.
LaTeX Font Info:    Checking defaults for TS1/cmr/m/n on input line 203.
LaTeX Font Info:    ... okay on input line 203.
LaTeX Font Info:    Checking defaults for OMX/cmex/m/n on input line 203.
LaTeX Font Info:    ... okay on input line 203.
LaTeX Font Info:    Checking defaults for U/cmr/m/n on input line 203.
LaTeX Font Info:    ... okay on input line 203.
LaTeX Font Info:    Checking defaults for PD1/pdf/m/n on input line 203.
LaTeX Font Info:    ... okay on input line 203.
LaTeX Font Info:    Checking defaults for PU/pdf/m/n on input line 203.
LaTeX Font Info:    ... okay on input line 203.
\c@mv@tabular=\count324
\c@mv@boldtabular=\count325
LaTeX Info: Redefining \microtypecontext on input line 203.
Package microtype Info: Applying patch `item' on input line 203.
Package microtype Info: Applying patch `toc' on input line 203.
Package microtype Info: Applying patch `eqnum' on input line 203.
Package microtype Info: Applying patch `footnote' on input line 203.
Package microtype Info: Applying patch `verbatim' on input line 203.
Package microtype Info: Generating PDF output.
Package microtype Info: Character protrusion enabled (level 2).
Package microtype Info: Using protrusion set `basicmath'.
Package microtype Info: Automatic font expansion enabled (level 2),
(microtype)             stretch: 20, shrink: 20, step: 1, non-selected.
Package microtype Info: Using default expansion set `alltext-nott'.
LaTeX Info: Redefining \showhyphens on input line 203.
Package microtype Info: No adjustment of tracking.
Package microtype Info: No adjustment of interword spacing.
Package microtype Info: No adjustment of character kerning.
Package microtype Info: Loading generic protrusion settings for font family
(microtype)             `LibertinusSerif-TLF' (encoding: T1).
(microtype)             For optimal results, create family-specific settings.
(microtype)             See the microtype manual for details.

(/usr/local/texlive/2023/texmf-dist/tex/context/base/mkii/supp-pdf.mkii
[Loading MPS to PDF converter (version 2006.09.02).]
\scratchcounter=\count326
\scratchdimen=\dimen266
\scratchbox=\box75
\nofMPsegments=\count327
\nofMParguments=\count328
\everyMPshowfont=\toks40
\MPscratchCnt=\count329
\MPscratchDim=\dimen267
\MPnumerator=\count330
\makeMPintoPDFobject=\count331
\everyMPtoPDFconversion=\toks41
) (/usr/local/texlive/2023/texmf-dist/tex/latex/epstopdf-pkg/epstopdf-base.sty
Package: epstopdf-base 2020-01-24 v2.11 Base part for package epstopdf
Package epstopdf-base Info: Redefining graphics rule for `.eps' on input line 4
85.

(/usr/local/texlive/2023/texmf-dist/tex/latex/latexconfig/epstopdf-sys.cfg
File: epstopdf-sys.cfg 2010/07/13 v1.3 Configuration of (r)epstopdf for TeX Liv
e
))
*geometry* driver: auto-detecting
*geometry* detected driver: pdftex
*geometry* verbose mode - [ preamble ] result:
* driver: pdftex
* paper: <default>
* layout: <same size as paper>
* layoutoffset:(h,v)=(0.0pt,0.0pt)
* modes: heightrounded 
* h-part:(L,W,R)=(56.9055pt, 465.24431pt, 92.14519pt)
* v-part:(T,H,B)=(85.35826pt, 624.25346pt, 85.35826pt)
* \paperwidth=614.295pt
* \paperheight=794.96999pt
* \textwidth=465.24431pt
* \textheight=622.0pt
* \oddsidemargin=-15.36449pt
* \evensidemargin=-15.36449pt
* \topmargin=-23.91173pt
* \headheight=12.0pt
* \headsep=25.0pt
* \topskip=10.0pt
* \footskip=30.0pt
* \marginparwidth=65.0pt
* \marginparsep=11.0pt
* \columnsep=10.0pt
* \skip\footins=9.0pt plus 4.0pt minus 2.0pt
* \hoffset=0.0pt
* \voffset=0.0pt
* \mag=1000
* \@twocolumnfalse
* \@twosidefalse
* \@mparswitchfalse
* \@reversemarginfalse
* (1in=72.27pt=25.4mm, 1cm=28.453pt)

Package caption Info: Begin \AtBeginDocument code.
Package caption Info: hyperref package is loaded.
Package caption Info: End \AtBeginDocument code.
Package hyperref Info: Link coloring ON on input line 203.
LaTeX Font Info:    Font shape `T1/LibertinusSerif-TLF/m/n' will be
(Font)              scaled to size 17.28pt on input line 205.
LaTeX Font Info:    Font shape `T1/LibertinusSerif-TLF/m/n' will be
(Font)              scaled to size 12.0pt on input line 205.
(/usr/local/texlive/2023/texmf-dist/tex/latex/microtype/mt-cmr.cfg
File: mt-cmr.cfg 2013/05/19 v2.2 microtype config. file: Computer Modern Roman 
(RS)
)
LaTeX Font Info:    Trying to load font information for U+msa on input line 205
.

(/usr/local/texlive/2023/texmf-dist/tex/latex/amsfonts/umsa.fd
File: umsa.fd 2013/01/14 v3.01 AMS symbols A
)
(/usr/local/texlive/2023/texmf-dist/tex/latex/microtype/mt-msa.cfg
File: mt-msa.cfg 2006/02/04 v1.1 microtype config. file: AMS symbols (a) (RS)
)
LaTeX Font Info:    Trying to load font information for U+msb on input line 205
.

(/usr/local/texlive/2023/texmf-dist/tex/latex/amsfonts/umsb.fd
File: umsb.fd 2013/01/14 v3.01 AMS symbols B
)
(/usr/local/texlive/2023/texmf-dist/tex/latex/microtype/mt-msb.cfg
File: mt-msb.cfg 2005/06/01 v1.0 microtype config. file: AMS symbols (b) (RS)
)
LaTeX Font Info:    Font shape `T1/LibertinusSerif-TLF/m/n' will be
(Font)              scaled to size 8.0pt on input line 205.
LaTeX Font Info:    Font shape `T1/LibertinusSerif-TLF/m/n' will be
(Font)              scaled to size 9.0pt on input line 205.
LaTeX Font Info:    Font shape `T1/LibertinusSerif-TLF/m/n' will be
(Font)              scaled to size 6.0pt on input line 205.
LaTeX Font Info:    Font shape `T1/LibertinusSerif-TLF/b/n' will be
(Font)              scaled to size 9.0pt on input line 205.
LaTeX Font Info:    Font shape `T1/LibertinusSerif-TLF/b/n' will be
(Font)              scaled to size 12.0pt on input line 223.


LaTeX Warning: Hyper reference `ref-fraser2020' on page 1 undefined on input li
ne 230.

LaTeX Font Info:    Font shape `T1/LibertinusSerif-TLF/m/it' will be
(Font)              scaled to size 10.0pt on input line 230.
LaTeX Font Info:    Font shape `T1/LibertinusSerif-TLF/b/n' will be
(Font)              scaled to size 10.0pt on input line 259.
[1

{/usr/local/texlive/2023/texmf-var/fonts/map/pdftex/updmap/pdftex.map}{/usr/loc
al/texlive/2023/texmf-dist/fonts/enc/dvips/libertinus-type1/lbts_75t36g.enc}{/u
sr/local/texlive/2023/texmf-dist/fonts/enc/dvips/libertinus-type1/lbts_sfissr.e
nc}{/usr/local/texlive/2023/texmf-dist/fonts/enc/dvips/libertinus-type1/lbts_nu
fysp.enc}]
LaTeX Font Info:    Trying to load font information for T1+LibertinusMono-TLF o
n input line 292.

(/usr/local/texlive/2023/texmf-dist/tex/latex/libertinus-type1/T1LibertinusMono
-TLF.fd
File: T1LibertinusMono-TLF.fd 2022/11/07 (autoinst) Font definitions for T1/Lib
ertinusMono-TLF.
)
LaTeX Font Info:    Font shape `T1/LibertinusMono-TLF/m/n' will be
(Font)              scaled to size 8.50006pt on input line 292.


LaTeX Warning: Hyper reference `ref-williams2021' on page 2 undefined on input 
line 293.


LaTeX Warning: Hyper reference `ref-hoffman2023' on page 2 undefined on input l
ine 297.


LaTeX Warning: Hyper reference `ref-vanderweele2020' on page 2 undefined on inp
ut line 311.


LaTeX Warning: Hyper reference `ref-polley2023' on page 2 undefined on input li
ne 333.


LaTeX Warning: Hyper reference `ref-duxedaz2021' on page 2 undefined on input l
ine 345.

[2{/usr/local/texlive/2023/texmf-dist/fonts/enc/dvips/libertinus-type1/lbts_tll
2u3.enc}]

LaTeX Warning: Hyper reference `ref-vanderweele2020' on page 3 undefined on inp
ut line 425.

[3]

LaTeX Warning: Hyper reference `ref-danaei2012' on page 4 undefined on input li
ne 451.


LaTeX Warning: Hyper reference `ref-hernan2023' on page 4 undefined on input li
ne 452.


LaTeX Warning: Hyper reference `ref-vanderweele2020' on page 4 undefined on inp
ut line 473.


LaTeX Warning: Hyper reference `ref-vanbuuren2018' on page 4 undefined on input
 line 480.

LaTeX Font Info:    Trying to load font information for TS1+LibertinusSerif-TLF
 on input line 498.

(/usr/local/texlive/2023/texmf-dist/tex/latex/libertinus-type1/TS1LibertinusSer
if-TLF.fd
File: TS1LibertinusSerif-TLF.fd 2022/11/07 (autoinst) Font definitions for TS1/
LibertinusSerif-TLF.
)
LaTeX Font Info:    Font shape `TS1/LibertinusSerif-TLF/m/n' will be
(Font)              scaled to size 10.0pt on input line 498.


LaTeX Warning: Hyper reference `ref-vanbuuren2018' on page 4 undefined on input
 line 503.


LaTeX Warning: Hyper reference `ref-williams2021' on page 4 undefined on input 
line 522.

[4{/usr/local/texlive/2023/texmf-dist/fonts/enc/dvips/libertinus-type1/lbts_rlk
tsf.enc}]

LaTeX Warning: Hyper reference `ref-vanderweele2020' on page 5 undefined on inp
ut line 609.


LaTeX Warning: Hyper reference `ref-vanderweele2020' on page 5 undefined on inp
ut line 614.

[5]
<man-lmtp-ow-fl-pets_files/figure-pdf/fig-outcomewide-dag-1.pdf, id=65, 238.892
5pt x 107.40125pt>
File: man-lmtp-ow-fl-pets_files/figure-pdf/fig-outcomewide-dag-1.pdf Graphic fi
le (type pdf)
<use man-lmtp-ow-fl-pets_files/figure-pdf/fig-outcomewide-dag-1.pdf>
Package pdftex.def Info: man-lmtp-ow-fl-pets_files/figure-pdf/fig-outcomewide-d
ag-1.pdf  used on input line 623.
(pdftex.def)             Requested size: 372.22243pt x 167.34367pt.
 [6 <./man-lmtp-ow-fl-pets_files/figure-pdf/fig-outcomewide-dag-1.pdf>]

LaTeX Warning: Hyper reference `ref-duxedaz2021' on page 7 undefined on input l
ine 691.


LaTeX Warning: Hyper reference `ref-hoffman2022' on page 7 undefined on input l
ine 692.


LaTeX Warning: Hyper reference `ref-hoffman2023' on page 7 undefined on input l
ine 693.


LaTeX Warning: Hyper reference `ref-duxedaz2021' on page 7 undefined on input l
ine 701.


LaTeX Warning: Hyper reference `ref-williams2021' on page 7 undefined on input 
line 707.

[7]
<man-lmtp-ow-fl-pets_files/figure-pdf/fig-results-health-cats-1.pdf, id=102, 37
3.395pt x 413.545pt>
File: man-lmtp-ow-fl-pets_files/figure-pdf/fig-results-health-cats-1.pdf Graphi
c file (type pdf)
<use man-lmtp-ow-fl-pets_files/figure-pdf/fig-results-health-cats-1.pdf>
Package pdftex.def Info: man-lmtp-ow-fl-pets_files/figure-pdf/fig-results-healt
h-cats-1.pdf  used on input line 734.
(pdftex.def)             Requested size: 373.40547pt x 413.5566pt.
 [8 <./man-lmtp-ow-fl-pets_files/figure-pdf/fig-results-health-cats-1.pdf>]
[9]
<man-lmtp-ow-fl-pets_files/figure-pdf/fig-results-embodied-cats-1.pdf, id=126, 
373.395pt x 413.545pt>
File: man-lmtp-ow-fl-pets_files/figure-pdf/fig-results-embodied-cats-1.pdf Grap
hic file (type pdf)
<use man-lmtp-ow-fl-pets_files/figure-pdf/fig-results-embodied-cats-1.pdf>
Package pdftex.def Info: man-lmtp-ow-fl-pets_files/figure-pdf/fig-results-embod
ied-cats-1.pdf  used on input line 833.
(pdftex.def)             Requested size: 373.40547pt x 413.5566pt.
 [10 <./man-lmtp-ow-fl-pets_files/figure-pdf/fig-results-embodied-cats-1.pdf>] 
[11]
<man-lmtp-ow-fl-pets_files/figure-pdf/fig-results-reflective-well-being-cats-1.
pdf, id=150, 373.395pt x 413.545pt>
File: man-lmtp-ow-fl-pets_files/figure-pdf/fig-results-reflective-well-being-ca
ts-1.pdf Graphic file (type pdf)
<use man-lmtp-ow-fl-pets_files/figure-pdf/fig-results-reflective-well-being-cat
s-1.pdf>
Package pdftex.def Info: man-lmtp-ow-fl-pets_files/figure-pdf/fig-results-refle
ctive-well-being-cats-1.pdf  used on input line 914.
(pdftex.def)             Requested size: 373.40547pt x 413.5566pt.
 [12 <./man-lmtp-ow-fl-pets_files/figure-pdf/fig-results-reflective-well-being-
cats-1.pdf>] [13]
<man-lmtp-ow-fl-pets_files/figure-pdf/fig-results-social-wellbeing-cats-1.pdf, 
id=174, 373.395pt x 413.545pt>
File: man-lmtp-ow-fl-pets_files/figure-pdf/fig-results-social-wellbeing-cats-1.
pdf Graphic file (type pdf)
<use man-lmtp-ow-fl-pets_files/figure-pdf/fig-results-social-wellbeing-cats-1.p
df>
Package pdftex.def Info: man-lmtp-ow-fl-pets_files/figure-pdf/fig-results-socia
l-wellbeing-cats-1.pdf  used on input line 1010.
(pdftex.def)             Requested size: 373.40547pt x 413.5566pt.
 [14 <./man-lmtp-ow-fl-pets_files/figure-pdf/fig-results-social-wellbeing-cats-
1.pdf>] [15]
<man-lmtp-ow-fl-pets_files/figure-pdf/fig-results-health-dogs-1.pdf, id=198, 37
3.395pt x 413.545pt>
File: man-lmtp-ow-fl-pets_files/figure-pdf/fig-results-health-dogs-1.pdf Graphi
c file (type pdf)
<use man-lmtp-ow-fl-pets_files/figure-pdf/fig-results-health-dogs-1.pdf>
Package pdftex.def Info: man-lmtp-ow-fl-pets_files/figure-pdf/fig-results-healt
h-dogs-1.pdf  used on input line 1132.
(pdftex.def)             Requested size: 373.40547pt x 413.5566pt.
 [16 <./man-lmtp-ow-fl-pets_files/figure-pdf/fig-results-health-dogs-1.pdf>] [1
7]
<man-lmtp-ow-fl-pets_files/figure-pdf/fig-results-embodied-dogs-1.pdf, id=222, 
373.395pt x 413.545pt>
File: man-lmtp-ow-fl-pets_files/figure-pdf/fig-results-embodied-dogs-1.pdf Grap
hic file (type pdf)
<use man-lmtp-ow-fl-pets_files/figure-pdf/fig-results-embodied-dogs-1.pdf>
Package pdftex.def Info: man-lmtp-ow-fl-pets_files/figure-pdf/fig-results-embod
ied-dogs-1.pdf  used on input line 1232.
(pdftex.def)             Requested size: 373.40547pt x 413.5566pt.
 [18 <./man-lmtp-ow-fl-pets_files/figure-pdf/fig-results-embodied-dogs-1.pdf>] 
[19]
<man-lmtp-ow-fl-pets_files/figure-pdf/fig-results-reflective-well-being-dogs-1.
pdf, id=246, 373.395pt x 413.545pt>
File: man-lmtp-ow-fl-pets_files/figure-pdf/fig-results-reflective-well-being-do
gs-1.pdf Graphic file (type pdf)
<use man-lmtp-ow-fl-pets_files/figure-pdf/fig-results-reflective-well-being-dog
s-1.pdf>
Package pdftex.def Info: man-lmtp-ow-fl-pets_files/figure-pdf/fig-results-refle
ctive-well-being-dogs-1.pdf  used on input line 1313.
(pdftex.def)             Requested size: 373.40547pt x 413.5566pt.
 [20 <./man-lmtp-ow-fl-pets_files/figure-pdf/fig-results-reflective-well-being-
dogs-1.pdf>] [21]
<man-lmtp-ow-fl-pets_files/figure-pdf/fig-results-social-wellbeing-dogs-1.pdf, 
id=270, 373.395pt x 413.545pt>
File: man-lmtp-ow-fl-pets_files/figure-pdf/fig-results-social-wellbeing-dogs-1.
pdf Graphic file (type pdf)
<use man-lmtp-ow-fl-pets_files/figure-pdf/fig-results-social-wellbeing-dogs-1.p
df>
Package pdftex.def Info: man-lmtp-ow-fl-pets_files/figure-pdf/fig-results-socia
l-wellbeing-dogs-1.pdf  used on input line 1404.
(pdftex.def)             Requested size: 373.40547pt x 413.5566pt.
 [22 <./man-lmtp-ow-fl-pets_files/figure-pdf/fig-results-social-wellbeing-dogs-
1.pdf>] [23]
[24] [25]

LaTeX Warning: Hyper reference `ref-verbrugge1997' on page 26 undefined on inpu
t line 1604.


LaTeX Warning: Hyper reference `ref-fraser_coding_2020' on page 26 undefined on
 input line 1647.


LaTeX Warning: Hyper reference `ref-Bulbulia_2015' on page 26 undefined on inpu
t line 1661.


LaTeX Warning: Hyper reference `ref-jost_end_2006-1' on page 26 undefined on in
put line 1671.

[26]

LaTeX Warning: Hyper reference `ref-fahy2017' on page 27 undefined on input lin
e 1682.


LaTeX Warning: Hyper reference `ref-atkinson2019' on page 27 undefined on input
 line 1711.


LaTeX Warning: Hyper reference `ref-sibley2011' on page 27 undefined on input l
ine 1726.

[27]

LaTeX Warning: Hyper reference `ref-campbell2004' on page 28 undefined on input
 line 1833.


LaTeX Warning: Hyper reference `ref-sibley2011' on page 28 undefined on input l
ine 1834.

LaTeX Font Info:    Trying to load font information for TS1+LibertinusMono-TLF 
on input line 1842.

(/usr/local/texlive/2023/texmf-dist/tex/latex/libertinus-type1/TS1LibertinusMon
o-TLF.fd
File: TS1LibertinusMono-TLF.fd 2022/11/07 (autoinst) Font definitions for TS1/L
ibertinusMono-TLF.
)
LaTeX Font Info:    Font shape `TS1/LibertinusMono-TLF/m/n' will be
(Font)              scaled to size 8.50006pt on input line 1842.


LaTeX Warning: Hyper reference `ref-Ministry_of_Health_2013' on page 28 undefin
ed on input line 1855.


LaTeX Warning: Hyper reference `ref-Ministry_of_Health_2013' on page 28 undefin
ed on input line 1865.

[28{/usr/local/texlive/2023/texmf-dist/fonts/enc/dvips/libertinus-type1/lbts_bn
2i3n.enc}]

LaTeX Warning: Hyper reference `ref-warejr1992' on page 29 undefined on input l
ine 1883.


Overfull \hbox (124.09938pt too wide) in paragraph at lines 1889--1889
[]\T1/LibertinusMono-TLF/m/n/10 3.  "I expect my health to get worse." Particip
ants responded to those items on a scale (1 = Poor to 7 = Excellent).[] 
 []


LaTeX Warning: Hyper reference `ref-sibley2011' on page 29 undefined on input l
ine 1898.


LaTeX Warning: Hyper reference `ref-muriwai_looking_2018' on page 29 undefined 
on input line 1915.


LaTeX Warning: Hyper reference `ref-kessler2002' on page 29 undefined on input 
line 1923.


LaTeX Warning: Hyper reference `ref-kessler2010' on page 29 undefined on input 
line 1926.


LaTeX Warning: Hyper reference `ref-prochaska2012' on page 29 undefined on inpu
t line 1927.

[29]

LaTeX Warning: Hyper reference `ref-diener1985' on page 30 undefined on input l
ine 1966.


LaTeX Warning: Hyper reference `ref-cummins_developing_2003' on page 30 undefin
ed on input line 1981.


LaTeX Warning: Hyper reference `ref-cummins_developing_2003' on page 30 undefin
ed on input line 1998.


LaTeX Warning: Hyper reference `ref-hagerty1995' on page 30 undefined on input 
line 2018.


LaTeX Warning: Hyper reference `ref-sengupta2013' on page 30 undefined on input
 line 2040.

[30]

LaTeX Warning: Hyper reference `ref-cutrona1987' on page 31 undefined on input 
line 2047.


LaTeX Warning: Hyper reference `ref-williams_cyberostracism_2000' on page 31 un
defined on input line 2048.

[31] [32] [33] [34] [35] [36] [37]
<man-lmtp-ow-fl-pets_files/figure-pdf/fig-comparative-graph-cats-1.pdf, id=469,
 370.38374pt x 412.54124pt>
File: man-lmtp-ow-fl-pets_files/figure-pdf/fig-comparative-graph-cats-1.pdf Gra
phic file (type pdf)
<use man-lmtp-ow-fl-pets_files/figure-pdf/fig-comparative-graph-cats-1.pdf>
Package pdftex.def Info: man-lmtp-ow-fl-pets_files/figure-pdf/fig-comparative-g
raph-cats-1.pdf  used on input line 2577.
(pdftex.def)             Requested size: 370.38847pt x 412.54652pt.
 [38] [39 <./man-lmtp-ow-fl-pets_files/figure-pdf/fig-comparative-graph-cats-1.
pdf>] [40]
<man-lmtp-ow-fl-pets_files/figure-pdf/fig-comparative-graph-dogs-1.pdf, id=501,
 370.38374pt x 412.54124pt>
File: man-lmtp-ow-fl-pets_files/figure-pdf/fig-comparative-graph-dogs-1.pdf Gra
phic file (type pdf)
<use man-lmtp-ow-fl-pets_files/figure-pdf/fig-comparative-graph-dogs-1.pdf>
Package pdftex.def Info: man-lmtp-ow-fl-pets_files/figure-pdf/fig-comparative-g
raph-dogs-1.pdf  used on input line 2660.
(pdftex.def)             Requested size: 370.38847pt x 412.54652pt.
 [41 <./man-lmtp-ow-fl-pets_files/figure-pdf/fig-comparative-graph-dogs-1.pdf>]
 [42]
LaTeX Font Info:    Font shape `T1/LibertinusSerif-TLF/m/n' will be
(Font)              scaled to size 7.0pt on input line 2751.
LaTeX Font Info:    Font shape `T1/LibertinusSerif-TLF/m/n' will be
(Font)              scaled to size 5.0pt on input line 2751.
 [43]
Underfull \hbox (badness 1168) in paragraph at lines 2834--2840
[]\T1/LibertinusSerif-TLF/m/n/10 (+20) Fraser, G, Bul-bu-lia, J, Greaves, LM, W
il-son, MS, and Sib-ley, CG (2020a) Cod-ing re-sponses to an open-
 []


Underfull \hbox (badness 1009) in paragraph at lines 2879--2885
\T1/LibertinusSerif-TLF/m/n/10 (+20) preva-lences and trends in non-specific ps
y-cho-log-i-cal dis-tress. \T1/LibertinusSerif-TLF/m/it/10 (+20) Psy-cho-log-i-
cal Medicine\T1/LibertinusSerif-TLF/m/n/10 (+20) , \T1/LibertinusSerif-TLF/b/n/
10 (+20) 32\T1/LibertinusSerif-TLF/m/n/10 (+20) (6), 959--976.
 []

[44] [45] (./man-lmtp-ow-fl-pets.aux)

LaTeX Warning: There were undefined references.

 ) 
Here is how much of TeX's memory you used:
 18936 strings out of 476025
 327049 string characters out of 5790018
 1867388 words of memory out of 5000000
 38423 multiletter control sequences out of 15000+600000
 614687 words of font info for 301 fonts, out of 8000000 for 9000
 1141 hyphenation exceptions out of 8191
 77i,10n,117p,1152b,651s stack positions out of 10000i,1000n,20000p,200000b,200000s
</usr/local/texlive/2023/texmf-dist/fonts/type1/public/libertinus-type1/Liber
tinusMono-Regular.pfb></usr/local/texlive/2023/texmf-dist/fonts/type1/public/li
bertinus-type1/LibertinusSerif-Bold.pfb></usr/local/texlive/2023/texmf-dist/fon
ts/type1/public/libertinus-type1/LibertinusSerif-Italic.pfb></usr/local/texlive
/2023/texmf-dist/fonts/type1/public/libertinus-type1/LibertinusSerif-Regular.pf
b></usr/local/texlive/2023/texmf-dist/fonts/type1/public/amsfonts/cm/cmex10.pfb
></usr/local/texlive/2023/texmf-dist/fonts/type1/public/amsfonts/cm/cmmi10.pfb>
</usr/local/texlive/2023/texmf-dist/fonts/type1/public/amsfonts/cm/cmr10.pfb></
usr/local/texlive/2023/texmf-dist/fonts/type1/public/amsfonts/cm/cmsy10.pfb></u
sr/local/texlive/2023/texmf-dist/fonts/type1/public/amsfonts/cm/cmsy7.pfb>
Output written on man-lmtp-ow-fl-pets.pdf (45 pages, 538206 bytes).
PDF statistics:
 830 PDF objects out of 1000 (max. 8388607)
 716 compressed objects within 8 object streams
 274 named destinations out of 1000 (max. 500000)
 51584 words of extra memory for PDF output out of 51595 (max. 10000000)

